#
# There is insufficient memory for the Java Runtime Environment to continue.
# Native memory allocation (malloc) failed to allocate 149616 bytes. Error detail: Chunk::new
# Possible reasons:
#   The system is out of physical RAM or swap space
#   This process is running with CompressedOops enabled, and the Java Heap may be blocking the growth of the native heap
# Possible solutions:
#   Reduce memory load on the system
#   Increase physical memory or swap space
#   Check if swap backing store is full
#   Decrease Java heap size (-Xmx/-Xms)
#   Decrease number of Java threads
#   Decrease Java thread stack sizes (-Xss)
#   Set larger code cache with -XX:ReservedCodeCacheSize=
#   JVM is running with Unscaled Compressed Oops mode in which the Java heap is
#     placed in the first 4GB address space. The Java Heap base address is the
#     maximum limit for the native heap growth. Please use -XX:HeapBaseMinAddress
#     to set the Java Heap base and to place the Java Heap above 4GB virtual address.
# This output file may be truncated or incomplete.
#
#  Out of Memory Error (arena.cpp:191), pid=20496, tid=14708
#
# JRE version: OpenJDK Runtime Environment Temurin-17.0.11+9 (17.0.11+9) (build 17.0.11+9)
# Java VM: OpenJDK 64-Bit Server VM Temurin-17.0.11+9 (17.0.11+9, mixed mode, tiered, compressed oops, compressed class ptrs, parallel gc, windows-amd64)
# No core dump will be written. Minidumps are not enabled by default on client versions of Windows
#

---------------  S U M M A R Y ------------

Command Line: --add-modules=ALL-SYSTEM --add-opens=java.base/java.util=ALL-UNNAMED --add-opens=java.base/java.lang=ALL-UNNAMED --add-opens=java.base/sun.nio.fs=ALL-UNNAMED -Declipse.application=org.eclipse.jdt.ls.core.id1 -Dosgi.bundles.defaultStartLevel=4 -Declipse.product=org.eclipse.jdt.ls.core.product -Djava.import.generatesMetadataFilesAtProjectRoot=false -DDetectVMInstallationsJob.disabled=true -Dfile.encoding=utf8 -XX:+UseParallelGC -XX:GCTimeRatio=4 -XX:AdaptiveSizePolicyWeight=90 -Dsun.zip.disableMemoryMapping=true -Xmx1G -Xms100m -Xlog:disable -javaagent:c:\Users\casa\.vscode\extensions\redhat.java-1.33.0-win32-x64\lombok\lombok-1.18.33.jar -XX:+HeapDumpOnOutOfMemoryError -XX:HeapDumpPath=c:\Users\casa\AppData\Roaming\Code\User\workspaceStorage\665df44647f87030839176bb3c884ccb\redhat.java -Daether.dependencyCollector.impl=bf c:\Users\casa\.vscode\extensions\redhat.java-1.33.0-win32-x64\server\plugins\org.eclipse.equinox.launcher_1.6.900.v20240613-2009.jar -configuration c:\Users\casa\AppData\Roaming\Code\User\globalStorage\redhat.java\1.33.0\config_win -data c:\Users\casa\AppData\Roaming\Code\User\workspaceStorage\665df44647f87030839176bb3c884ccb\redhat.java\jdt_ws --pipe=\\.\pipe\lsp-da59d3c33958e63b3de91b69be7c356f-sock

Host: AMD Ryzen 7 3700X 8-Core Processor             , 16 cores, 15G,  Windows 10 , 64 bit Build 19041 (10.0.19041.4597)
Time: Fri Aug  9 16:56:48 2024 Hora estándar de Argentina elapsed time: 1012.601361 seconds (0d 0h 16m 52s)

---------------  T H R E A D  ---------------

Current thread (0x000002345d4394f0):  JavaThread "C2 CompilerThread0" daemon [_thread_in_native, id=14708, stack(0x0000008030f00000,0x0000008031000000)]


Current CompileTask:
C2:1012601 10937       4       java.lang.AbstractStringBuilder::append (33 bytes)

Stack: [0x0000008030f00000,0x0000008031000000]
Native frames: (J=compiled Java code, j=interpreted, Vv=VM code, C=native code)
V  [jvm.dll+0x67d429]
V  [jvm.dll+0x834b7a]
V  [jvm.dll+0x83663e]
V  [jvm.dll+0x836ca3]
V  [jvm.dll+0x247dbf]
V  [jvm.dll+0xac534]
V  [jvm.dll+0xacb7c]
V  [jvm.dll+0x3665f2]
V  [jvm.dll+0x330bba]
V  [jvm.dll+0x33005a]
V  [jvm.dll+0x21a471]
V  [jvm.dll+0x2198b1]
V  [jvm.dll+0x1a534d]
V  [jvm.dll+0x2295cd]
V  [jvm.dll+0x22779c]
V  [jvm.dll+0x7e9d07]
V  [jvm.dll+0x7e410a]
V  [jvm.dll+0x67c315]
C  [ucrtbase.dll+0x21bb2]
C  [KERNEL32.DLL+0x17374]
C  [ntdll.dll+0x4cc91]


---------------  P R O C E S S  ---------------

Threads class SMR info:
_java_thread_list=0x00000234633bff40, length=68, elements={
0x00000234441e42a0, 0x0000023458077b60, 0x0000023458079310, 0x000002345d42d150,
0x000002345d42dee0, 0x000002345d42f410, 0x000002345d4334a0, 0x000002345d4394f0,
0x000002345d43a5a0, 0x000002345d43d660, 0x00000234442458f0, 0x000002345d71e2a0,
0x000002345fa169b0, 0x0000023460399a40, 0x00000234600b2c80, 0x0000023460524c90,
0x00000234603bcfa0, 0x0000023460628c20, 0x000002346062a060, 0x0000023460629640,
0x0000023460629b50, 0x000002346062a570, 0x000002346062b9b0, 0x0000023460629130,
0x000002346062b4a0, 0x000002346062aa80, 0x000002346152b630, 0x0000023461528db0,
0x000002346152e3c0, 0x000002346152bb40, 0x00000234615292c0, 0x000002346152a700,
0x000002346152c050, 0x000002346152d9a0, 0x000002346152f2f0, 0x000002346152ac10,
0x000002346152fd10, 0x000002346152c560, 0x000002346152e8d0, 0x00000234615297d0,
0x000002346152b120, 0x000002346152ede0, 0x000002346152cf80, 0x0000023465c796e0,
0x0000023465c74af0, 0x0000023465c77d90, 0x0000023465c745e0, 0x0000023465c791d0,
0x0000023465c787b0, 0x0000023465c782a0, 0x0000023465c78cc0, 0x0000023465c75a20,
0x0000023465c75000, 0x0000023465c79bf0, 0x0000023465c76950, 0x0000023465c75f30,
0x0000023465c72780, 0x0000023465c76440, 0x0000023465c76e60, 0x0000023465c77880,
0x0000023465c736b0, 0x000002346152d490, 0x000002346152deb0, 0x00000234615288a0,
0x000002346062bec0, 0x0000023460628710, 0x0000023465c731a0, 0x000002346152f800
}

Java Threads: ( => current thread )
  0x00000234441e42a0 JavaThread "main" [_thread_blocked, id=14196, stack(0x0000008030600000,0x0000008030700000)]
  0x0000023458077b60 JavaThread "Reference Handler" daemon [_thread_blocked, id=15968, stack(0x0000008030900000,0x0000008030a00000)]
  0x0000023458079310 JavaThread "Finalizer" daemon [_thread_blocked, id=16068, stack(0x0000008030a00000,0x0000008030b00000)]
  0x000002345d42d150 JavaThread "Signal Dispatcher" daemon [_thread_blocked, id=16660, stack(0x0000008030b00000,0x0000008030c00000)]
  0x000002345d42dee0 JavaThread "Attach Listener" daemon [_thread_blocked, id=16668, stack(0x0000008030c00000,0x0000008030d00000)]
  0x000002345d42f410 JavaThread "Service Thread" daemon [_thread_blocked, id=16960, stack(0x0000008030d00000,0x0000008030e00000)]
  0x000002345d4334a0 JavaThread "Monitor Deflation Thread" daemon [_thread_blocked, id=16968, stack(0x0000008030e00000,0x0000008030f00000)]
=>0x000002345d4394f0 JavaThread "C2 CompilerThread0" daemon [_thread_in_native, id=14708, stack(0x0000008030f00000,0x0000008031000000)]
  0x000002345d43a5a0 JavaThread "C1 CompilerThread0" daemon [_thread_blocked, id=13844, stack(0x0000008031000000,0x0000008031100000)]
  0x000002345d43d660 JavaThread "Sweeper thread" daemon [_thread_blocked, id=13900, stack(0x0000008031100000,0x0000008031200000)]
  0x00000234442458f0 JavaThread "Common-Cleaner" daemon [_thread_blocked, id=14524, stack(0x0000008031200000,0x0000008031300000)]
  0x000002345d71e2a0 JavaThread "Notification Thread" daemon [_thread_blocked, id=10632, stack(0x0000008031700000,0x0000008031800000)]
  0x000002345fa169b0 JavaThread "Active Thread: Equinox Container: f7addbfd-164b-4cfc-bc3f-b6c9bcad9f1f" [_thread_blocked, id=23960, stack(0x0000008031f00000,0x0000008032000000)]
  0x0000023460399a40 JavaThread "Framework Event Dispatcher: Equinox Container: f7addbfd-164b-4cfc-bc3f-b6c9bcad9f1f" daemon [_thread_blocked, id=20724, stack(0x0000008032000000,0x0000008032100000)]
  0x00000234600b2c80 JavaThread "Start Level: Equinox Container: f7addbfd-164b-4cfc-bc3f-b6c9bcad9f1f" daemon [_thread_blocked, id=3540, stack(0x0000008032100000,0x0000008032200000)]
  0x0000023460524c90 JavaThread "Bundle File Closer" daemon [_thread_blocked, id=2972, stack(0x0000008032500000,0x0000008032600000)]
  0x00000234603bcfa0 JavaThread "SCR Component Actor" daemon [_thread_blocked, id=4676, stack(0x0000008032700000,0x0000008032800000)]
  0x0000023460628c20 JavaThread "Worker-JM" [_thread_blocked, id=22120, stack(0x0000008032c00000,0x0000008032d00000)]
  0x000002346062a060 JavaThread "JNA Cleaner" daemon [_thread_blocked, id=20692, stack(0x0000008032400000,0x0000008032500000)]
  0x0000023460629640 JavaThread "Worker-0" [_thread_blocked, id=19128, stack(0x0000008032d00000,0x0000008032e00000)]
  0x0000023460629b50 JavaThread "Java indexing" daemon [_thread_blocked, id=14056, stack(0x0000008033000000,0x0000008033100000)]
  0x000002346062a570 JavaThread "Thread-2" daemon [_thread_in_native, id=17456, stack(0x0000008033400000,0x0000008033500000)]
  0x000002346062b9b0 JavaThread "Thread-3" daemon [_thread_in_native, id=14744, stack(0x0000008033500000,0x0000008033600000)]
  0x0000023460629130 JavaThread "Thread-4" daemon [_thread_in_native, id=15768, stack(0x0000008033600000,0x0000008033700000)]
  0x000002346062b4a0 JavaThread "Thread-5" daemon [_thread_in_native, id=19912, stack(0x0000008033700000,0x0000008033800000)]
  0x000002346062aa80 JavaThread "Thread-6" daemon [_thread_in_native, id=7868, stack(0x0000008033800000,0x0000008033900000)]
  0x000002346152b630 JavaThread "Thread-7" daemon [_thread_in_native, id=12564, stack(0x0000008033900000,0x0000008033a00000)]
  0x0000023461528db0 JavaThread "Thread-8" daemon [_thread_in_native, id=14288, stack(0x0000008033a00000,0x0000008033b00000)]
  0x000002346152e3c0 JavaThread "Thread-9" daemon [_thread_in_native, id=15592, stack(0x0000008033b00000,0x0000008033c00000)]
  0x000002346152bb40 JavaThread "Thread-10" daemon [_thread_in_native, id=18556, stack(0x0000008033c00000,0x0000008033d00000)]
  0x00000234615292c0 JavaThread "Thread-11" daemon [_thread_in_native, id=3716, stack(0x0000008033d00000,0x0000008033e00000)]
  0x000002346152a700 JavaThread "Thread-12" daemon [_thread_in_native, id=9736, stack(0x0000008033e00000,0x0000008033f00000)]
  0x000002346152c050 JavaThread "Thread-13" daemon [_thread_in_native, id=10096, stack(0x0000008033f00000,0x0000008034000000)]
  0x000002346152d9a0 JavaThread "Thread-14" daemon [_thread_in_native, id=4196, stack(0x0000008034000000,0x0000008034100000)]
  0x000002346152f2f0 JavaThread "Thread-15" daemon [_thread_in_native, id=11816, stack(0x0000008034100000,0x0000008034200000)]
  0x000002346152ac10 JavaThread "Thread-16" daemon [_thread_in_native, id=24500, stack(0x0000008034200000,0x0000008034300000)]
  0x000002346152fd10 JavaThread "Thread-17" daemon [_thread_in_native, id=21568, stack(0x0000008034300000,0x0000008034400000)]
  0x000002346152c560 JavaThread "Thread-18" daemon [_thread_in_native, id=19808, stack(0x0000008034400000,0x0000008034500000)]
  0x000002346152e8d0 JavaThread "pool-2-thread-1" [_thread_blocked, id=15196, stack(0x0000008034500000,0x0000008034600000)]
  0x00000234615297d0 JavaThread "WorkspaceEventsHandler" [_thread_blocked, id=23272, stack(0x0000008034600000,0x0000008034700000)]
  0x000002346152b120 JavaThread "pool-1-thread-1" [_thread_blocked, id=23264, stack(0x0000008034700000,0x0000008034800000)]
  0x000002346152ede0 JavaThread "Worker-2" [_thread_blocked, id=20204, stack(0x0000008034900000,0x0000008034a00000)]
  0x000002346152cf80 JavaThread "pool-3-thread-1" [_thread_blocked, id=2032, stack(0x0000008031500000,0x0000008031600000)]
  0x0000023465c796e0 JavaThread "ForkJoinPool.commonPool-worker-6" daemon [_thread_blocked, id=18924, stack(0x0000008030300000,0x0000008030400000)]
  0x0000023465c74af0 JavaThread "ForkJoinPool.commonPool-worker-7" daemon [_thread_blocked, id=18988, stack(0x0000008030400000,0x0000008030500000)]
  0x0000023465c77d90 JavaThread "ForkJoinPool.commonPool-worker-8" daemon [_thread_blocked, id=19668, stack(0x0000008030500000,0x0000008030600000)]
  0x0000023465c745e0 JavaThread "ForkJoinPool.commonPool-worker-9" daemon [_thread_blocked, id=7120, stack(0x0000008031300000,0x0000008031400000)]
  0x0000023465c791d0 JavaThread "ForkJoinPool.commonPool-worker-10" daemon [_thread_blocked, id=4500, stack(0x0000008031400000,0x0000008031500000)]
  0x0000023465c787b0 JavaThread "ForkJoinPool.commonPool-worker-11" daemon [_thread_blocked, id=12488, stack(0x0000008031600000,0x0000008031700000)]
  0x0000023465c782a0 JavaThread "ForkJoinPool.commonPool-worker-12" daemon [_thread_blocked, id=20032, stack(0x0000008032800000,0x0000008032900000)]
  0x0000023465c78cc0 JavaThread "ForkJoinPool.commonPool-worker-13" daemon [_thread_blocked, id=21976, stack(0x0000008032e00000,0x0000008032f00000)]
  0x0000023465c75a20 JavaThread "ForkJoinPool.commonPool-worker-14" daemon [_thread_blocked, id=22024, stack(0x0000008033100000,0x0000008033200000)]
  0x0000023465c75000 JavaThread "ForkJoinPool.commonPool-worker-15" daemon [_thread_blocked, id=1264, stack(0x0000008033300000,0x0000008033400000)]
  0x0000023465c79bf0 JavaThread "ForkJoinPool.commonPool-worker-16" daemon [_thread_blocked, id=11052, stack(0x0000008033200000,0x0000008033300000)]
  0x0000023465c76950 JavaThread "ForkJoinPool.commonPool-worker-17" daemon [_thread_blocked, id=18144, stack(0x0000008034a00000,0x0000008034b00000)]
  0x0000023465c75f30 JavaThread "Cleaner-0" daemon [_thread_blocked, id=17048, stack(0x0000008035300000,0x0000008035400000)]
  0x0000023465c72780 JavaThread "Worker-5" [_thread_blocked, id=18148, stack(0x0000008035400000,0x0000008035500000)]
  0x0000023465c76440 JavaThread "ForkJoinPool.commonPool-worker-18" daemon [_thread_blocked, id=3644, stack(0x0000008034d00000,0x0000008034e00000)]
  0x0000023465c76e60 JavaThread "ForkJoinPool.commonPool-worker-19" daemon [_thread_blocked, id=3976, stack(0x0000008031900000,0x0000008031a00000)]
  0x0000023465c77880 JavaThread "ForkJoinPool.commonPool-worker-20" daemon [_thread_blocked, id=19048, stack(0x0000008034e00000,0x0000008034f00000)]
  0x0000023465c736b0 JavaThread "Java Debug Server" daemon [_thread_in_native, id=1984, stack(0x0000008034800000,0x0000008034900000)]
  0x000002346152d490 JavaThread "pool-4-thread-1" [_thread_in_native, id=14240, stack(0x0000008034b00000,0x0000008034c00000)]
  0x000002346152deb0 JavaThread "RxSchedulerPurge-1" daemon [_thread_blocked, id=1240, stack(0x0000008034c00000,0x0000008034d00000)]
  0x00000234615288a0 JavaThread "RxCachedWorkerPoolEvictor-1" daemon [_thread_blocked, id=11024, stack(0x0000008034f00000,0x0000008035000000)]
  0x000002346062bec0 JavaThread "RxNewThreadScheduler-3" daemon [_thread_blocked, id=15688, stack(0x0000008035000000,0x0000008035100000)]
  0x0000023460628710 JavaThread "Thread-21" daemon [_thread_in_native, id=17576, stack(0x0000008035100000,0x0000008035200000)]
  0x0000023465c731a0 JavaThread "Debuggee Stdout Handler" daemon [_thread_in_native, id=15492, stack(0x0000008035200000,0x0000008035300000)]
  0x000002346152f800 JavaThread "Debuggee Stderr Handler" daemon [_thread_in_native, id=24004, stack(0x0000008035500000,0x0000008035600000)]

Other Threads:
  0x000002344429ed10 VMThread "VM Thread" [stack: 0x0000008030800000,0x0000008030900000] [id=15392]
  0x000002345f462f80 WatcherThread [stack: 0x0000008031800000,0x0000008031900000] [id=13440]
  0x00000234441f7d80 GCTaskThread "GC Thread#0" [stack: 0x0000008030700000,0x0000008030800000] [id=14048]
  0x000002345fd00d00 GCTaskThread "GC Thread#1" [stack: 0x0000008031a00000,0x0000008031b00000] [id=17372]
  0x000002345f4c8020 GCTaskThread "GC Thread#2" [stack: 0x0000008031b00000,0x0000008031c00000] [id=17500]
  0x000002345fd28c20 GCTaskThread "GC Thread#3" [stack: 0x0000008031c00000,0x0000008031d00000] [id=22264]
  0x000002345fd28ee0 GCTaskThread "GC Thread#4" [stack: 0x0000008031d00000,0x0000008031e00000] [id=22436]
  0x000002345fd291a0 GCTaskThread "GC Thread#5" [stack: 0x0000008031e00000,0x0000008031f00000] [id=22348]
  0x000002345fed22f0 GCTaskThread "GC Thread#6" [stack: 0x0000008032200000,0x0000008032300000] [id=20112]
  0x000002345fed25b0 GCTaskThread "GC Thread#7" [stack: 0x0000008032300000,0x0000008032400000] [id=22380]
  0x0000023460627fe0 GCTaskThread "GC Thread#8" [stack: 0x0000008032600000,0x0000008032700000] [id=13644]
  0x000002345ff7c730 GCTaskThread "GC Thread#9" [stack: 0x0000008032900000,0x0000008032a00000] [id=23908]
  0x000002345ff7c9f0 GCTaskThread "GC Thread#10" [stack: 0x0000008032a00000,0x0000008032b00000] [id=17188]
  0x000002345ff7ccb0 GCTaskThread "GC Thread#11" [stack: 0x0000008032b00000,0x0000008032c00000] [id=14264]
  0x00000234605d9bf0 GCTaskThread "GC Thread#12" [stack: 0x0000008032f00000,0x0000008033000000] [id=23916]

Threads with active compile tasks:
C2 CompilerThread0  1012617 10937       4       java.lang.AbstractStringBuilder::append (33 bytes)

VM state: not at safepoint (normal execution)

VM Mutex/Monitor currently owned by a thread: None

Heap address: 0x00000000c0000000, size: 1024 MB, Compressed Oops mode: 32-bit

CDS archive(s) not mapped
Compressed class space mapped at: 0x0000000100000000-0x0000000140000000, reserved size: 1073741824
Narrow klass base: 0x0000000000000000, Narrow klass shift: 3, Narrow klass range: 0x140000000

GC Precious Log:
 CPUs: 16 total, 16 available
 Memory: 16331M
 Large Page Support: Disabled
 NUMA Support: Disabled
 Compressed Oops: Enabled (32-bit)
 Alignments: Space 512K, Generation 512K, Heap 2M
 Heap Min Capacity: 100M
 Heap Initial Capacity: 100M
 Heap Max Capacity: 1G
 Pre-touch: Disabled
 Parallel Workers: 13

Heap:
 PSYoungGen      total 117760K, used 58333K [0x00000000eab00000, 0x00000000f4b80000, 0x0000000100000000)
  eden space 73216K, 79% used [0x00000000eab00000,0x00000000ee3f76b8,0x00000000ef280000)
  from space 44544K, 0% used [0x00000000f2000000,0x00000000f2000000,0x00000000f4b80000)
  to   space 45568K, 0% used [0x00000000ef280000,0x00000000ef280000,0x00000000f1f00000)
 ParOldGen       total 346112K, used 213923K [0x00000000c0000000, 0x00000000d5200000, 0x00000000eab00000)
  object space 346112K, 61% used [0x00000000c0000000,0x00000000cd0e8e88,0x00000000d5200000)
 Metaspace       used 73675K, committed 74816K, reserved 1179648K
  class space    used 7778K, committed 8256K, reserved 1048576K

Card table byte_map: [0x0000023443bb0000,0x0000023443dc0000] _byte_map_base: 0x00000234435b0000

Marking Bits: (ParMarkBitMap*) 0x00007ffed7bdd820
 Begin Bits: [0x0000023455e80000, 0x0000023456e80000)
 End Bits:   [0x0000023456e80000, 0x0000023457e80000)

Polling page: 0x00000234439a0000

Metaspace:

Usage:
  Non-class:     64.35 MB used.
      Class:      7.60 MB used.
       Both:     71.95 MB used.

Virtual space:
  Non-class space:      128.00 MB reserved,      65.00 MB ( 51%) committed,  2 nodes.
      Class space:        1.00 GB reserved,       8.06 MB ( <1%) committed,  1 nodes.
             Both:        1.12 GB reserved,      73.06 MB (  6%) committed. 

Chunk freelists:
   Non-Class:  14.28 MB
       Class:  7.79 MB
        Both:  22.07 MB

MaxMetaspaceSize: unlimited
CompressedClassSpaceSize: 1.00 GB
Initial GC threshold: 21.00 MB
Current GC threshold: 116.81 MB
CDS: off
MetaspaceReclaimPolicy: balanced
 - commit_granule_bytes: 65536.
 - commit_granule_words: 8192.
 - virtual_space_node_default_size: 8388608.
 - enlarge_chunks_in_place: 1.
 - new_chunks_are_fully_committed: 0.
 - uncommit_free_chunks: 1.
 - use_allocation_guard: 0.
 - handle_deallocations: 1.


Internal statistics:

num_allocs_failed_limit: 6.
num_arena_births: 776.
num_arena_deaths: 170.
num_vsnodes_births: 3.
num_vsnodes_deaths: 0.
num_space_committed: 1169.
num_space_uncommitted: 0.
num_chunks_returned_to_freelist: 201.
num_chunks_taken_from_freelist: 3733.
num_chunk_merges: 77.
num_chunk_splits: 2340.
num_chunks_enlarged: 1491.
num_inconsistent_stats: 0.

CodeHeap 'non-profiled nmethods': size=119168Kb used=8182Kb max_used=8729Kb free=110985Kb
 bounds [0x000002344ea20000, 0x000002344f2b0000, 0x0000023455e80000]
CodeHeap 'profiled nmethods': size=119104Kb used=17799Kb max_used=19304Kb free=101304Kb
 bounds [0x0000023446e80000, 0x0000023448160000, 0x000002344e2d0000]
CodeHeap 'non-nmethods': size=7488Kb used=1395Kb max_used=3186Kb free=6093Kb
 bounds [0x000002344e2d0000, 0x000002344e600000, 0x000002344ea20000]
 total_blobs=9379 nmethods=8628 adapters=665
 compilation: enabled
              stopped_count=0, restarted_count=0
 full_count=0

Compilation events (20 events):
Event: 1012.523 Thread 0x000002345d4394f0 nmethod 10923 0x000002344ef01a90 code [0x000002344ef01d20, 0x000002344ef029b0]
Event: 1012.523 Thread 0x000002345d4394f0 10932       4       com.google.gson.stream.JsonReader::nextQuotedValue (270 bytes)
Event: 1012.533 Thread 0x000002345d43a5a0 10934       1       sun.nio.ch.NativeThread::current (2 bytes)
Event: 1012.533 Thread 0x000002345d43a5a0 nmethod 10934 0x000002344ebce810 code [0x000002344ebce9a0, 0x000002344ebcea58]
Event: 1012.539 Thread 0x000002345d43a5a0 10935       1       com.microsoft.java.debug.core.protocol.Requests$Command::toString (5 bytes)
Event: 1012.539 Thread 0x000002345d43a5a0 nmethod 10935 0x000002344ed5ca10 code [0x000002344ed5cba0, 0x000002344ed5cc78]
Event: 1012.543 Thread 0x000002345d43a5a0 10936       3       com.google.gson.JsonArray::add (18 bytes)
Event: 1012.543 Thread 0x000002345d43a5a0 nmethod 10936 0x0000023447c6d710 code [0x0000023447c6d8e0, 0x0000023447c6dde8]
Event: 1012.543 Thread 0x000002345d43a5a0 10938       3       java.util.regex.Pattern$$Lambda$111/0x000000010016f7c8::is (13 bytes)
Event: 1012.544 Thread 0x000002345d43a5a0 nmethod 10938 0x0000023447c73f10 code [0x0000023447c740c0, 0x0000023447c74318]
Event: 1012.544 Thread 0x000002345d43a5a0 10939       3       java.util.regex.Pattern::lambda$Range$10 (7 bytes)
Event: 1012.544 Thread 0x000002345d43a5a0 nmethod 10939 0x00000234477d3690 code [0x00000234477d3820, 0x00000234477d39f8]
Event: 1012.544 Thread 0x000002345d43a5a0 10940       3       java.util.regex.Pattern::inRange (16 bytes)
Event: 1012.544 Thread 0x000002345d43a5a0 nmethod 10940 0x0000023447a66310 code [0x0000023447a664a0, 0x0000023447a66618]
Event: 1012.549 Thread 0x000002345d43a5a0 10941       3       jdk.internal.reflect.UnsafeBooleanFieldAccessorImpl::get (9 bytes)
Event: 1012.550 Thread 0x000002345d43a5a0 nmethod 10941 0x0000023447230f90 code [0x00000234472311a0, 0x00000234472318e8]
Event: 1012.550 Thread 0x000002345d43a5a0 10942       3       jdk.internal.reflect.UnsafeBooleanFieldAccessorImpl::getBoolean (17 bytes)
Event: 1012.550 Thread 0x000002345d43a5a0 nmethod 10942 0x0000023447bb0f10 code [0x0000023447bb1100, 0x0000023447bb16e8]
Event: 1012.594 Thread 0x000002345d4394f0 nmethod 10932 0x000002344efdbe10 code [0x000002344efdc160, 0x000002344efe0320]
Event: 1012.594 Thread 0x000002345d4394f0 10937       4       java.lang.AbstractStringBuilder::append (33 bytes)

GC Heap History (20 events):
Event: 999.270 GC heap before
{Heap before GC invocations=211 (full 13):
 PSYoungGen      total 56320K, used 56297K [0x00000000eab00000, 0x00000000f0400000, 0x0000000100000000)
  eden space 46080K, 100% used [0x00000000eab00000,0x00000000ed800000,0x00000000ed800000)
  from space 10240K, 99% used [0x00000000ed800000,0x00000000ee1fa578,0x00000000ee200000)
  to   space 20480K, 0% used [0x00000000ef000000,0x00000000ef000000,0x00000000f0400000)
 ParOldGen       total 303104K, used 227481K [0x00000000c0000000, 0x00000000d2800000, 0x00000000eab00000)
  object space 303104K, 75% used [0x00000000c0000000,0x00000000cde266b0,0x00000000d2800000)
 Metaspace       used 70491K, committed 71552K, reserved 1114112K
  class space    used 7320K, committed 7808K, reserved 1048576K
}
Event: 999.277 GC heap after
{Heap after GC invocations=211 (full 13):
 PSYoungGen      total 65024K, used 14821K [0x00000000eab00000, 0x00000000efe80000, 0x0000000100000000)
  eden space 50176K, 0% used [0x00000000eab00000,0x00000000eab00000,0x00000000edc00000)
  from space 14848K, 99% used [0x00000000ef000000,0x00000000efe794b0,0x00000000efe80000)
  to   space 16384K, 0% used [0x00000000ede80000,0x00000000ede80000,0x00000000eee80000)
 ParOldGen       total 303104K, used 232815K [0x00000000c0000000, 0x00000000d2800000, 0x00000000eab00000)
  object space 303104K, 76% used [0x00000000c0000000,0x00000000ce35bc38,0x00000000d2800000)
 Metaspace       used 70491K, committed 71552K, reserved 1114112K
  class space    used 7320K, committed 7808K, reserved 1048576K
}
Event: 999.349 GC heap before
{Heap before GC invocations=212 (full 13):
 PSYoungGen      total 65024K, used 64997K [0x00000000eab00000, 0x00000000efe80000, 0x0000000100000000)
  eden space 50176K, 100% used [0x00000000eab00000,0x00000000edc00000,0x00000000edc00000)
  from space 14848K, 99% used [0x00000000ef000000,0x00000000efe794b0,0x00000000efe80000)
  to   space 16384K, 0% used [0x00000000ede80000,0x00000000ede80000,0x00000000eee80000)
 ParOldGen       total 303104K, used 232815K [0x00000000c0000000, 0x00000000d2800000, 0x00000000eab00000)
  object space 303104K, 76% used [0x00000000c0000000,0x00000000ce35bc38,0x00000000d2800000)
 Metaspace       used 70491K, committed 71552K, reserved 1114112K
  class space    used 7320K, committed 7808K, reserved 1048576K
}
Event: 999.357 GC heap after
{Heap after GC invocations=212 (full 13):
 PSYoungGen      total 69120K, used 16370K [0x00000000eab00000, 0x00000000f1580000, 0x0000000100000000)
  eden space 52736K, 0% used [0x00000000eab00000,0x00000000eab00000,0x00000000ede80000)
  from space 16384K, 99% used [0x00000000ede80000,0x00000000eee7caa8,0x00000000eee80000)
  to   space 27136K, 0% used [0x00000000efb00000,0x00000000efb00000,0x00000000f1580000)
 ParOldGen       total 303104K, used 241415K [0x00000000c0000000, 0x00000000d2800000, 0x00000000eab00000)
  object space 303104K, 79% used [0x00000000c0000000,0x00000000cebc1c38,0x00000000d2800000)
 Metaspace       used 70491K, committed 71552K, reserved 1114112K
  class space    used 7320K, committed 7808K, reserved 1048576K
}
Event: 999.422 GC heap before
{Heap before GC invocations=213 (full 13):
 PSYoungGen      total 69120K, used 69106K [0x00000000eab00000, 0x00000000f1580000, 0x0000000100000000)
  eden space 52736K, 100% used [0x00000000eab00000,0x00000000ede80000,0x00000000ede80000)
  from space 16384K, 99% used [0x00000000ede80000,0x00000000eee7caa8,0x00000000eee80000)
  to   space 27136K, 0% used [0x00000000efb00000,0x00000000efb00000,0x00000000f1580000)
 ParOldGen       total 303104K, used 241415K [0x00000000c0000000, 0x00000000d2800000, 0x00000000eab00000)
  object space 303104K, 79% used [0x00000000c0000000,0x00000000cebc1c38,0x00000000d2800000)
 Metaspace       used 70491K, committed 71552K, reserved 1114112K
  class space    used 7320K, committed 7808K, reserved 1048576K
}
Event: 999.431 GC heap after
{Heap after GC invocations=213 (full 13):
 PSYoungGen      total 74240K, used 16844K [0x00000000eab00000, 0x00000000f0b80000, 0x0000000100000000)
  eden space 57344K, 0% used [0x00000000eab00000,0x00000000eab00000,0x00000000ee300000)
  from space 16896K, 99% used [0x00000000efb00000,0x00000000f0b73140,0x00000000f0b80000)
  to   space 19968K, 0% used [0x00000000ee480000,0x00000000ee480000,0x00000000ef800000)
 ParOldGen       total 303104K, used 252195K [0x00000000c0000000, 0x00000000d2800000, 0x00000000eab00000)
  object space 303104K, 83% used [0x00000000c0000000,0x00000000cf648db8,0x00000000d2800000)
 Metaspace       used 70491K, committed 71552K, reserved 1114112K
  class space    used 7320K, committed 7808K, reserved 1048576K
}
Event: 999.501 GC heap before
{Heap before GC invocations=214 (full 13):
 PSYoungGen      total 74240K, used 74188K [0x00000000eab00000, 0x00000000f0b80000, 0x0000000100000000)
  eden space 57344K, 100% used [0x00000000eab00000,0x00000000ee300000,0x00000000ee300000)
  from space 16896K, 99% used [0x00000000efb00000,0x00000000f0b73140,0x00000000f0b80000)
  to   space 19968K, 0% used [0x00000000ee480000,0x00000000ee480000,0x00000000ef800000)
 ParOldGen       total 303104K, used 252195K [0x00000000c0000000, 0x00000000d2800000, 0x00000000eab00000)
  object space 303104K, 83% used [0x00000000c0000000,0x00000000cf648db8,0x00000000d2800000)
 Metaspace       used 70494K, committed 71552K, reserved 1114112K
  class space    used 7320K, committed 7808K, reserved 1048576K
}
Event: 999.511 GC heap after
{Heap after GC invocations=214 (full 13):
 PSYoungGen      total 78848K, used 19958K [0x00000000eab00000, 0x00000000f2480000, 0x0000000100000000)
  eden space 58880K, 0% used [0x00000000eab00000,0x00000000eab00000,0x00000000ee480000)
  from space 19968K, 99% used [0x00000000ee480000,0x00000000ef7fdbc8,0x00000000ef800000)
  to   space 30720K, 0% used [0x00000000f0680000,0x00000000f0680000,0x00000000f2480000)
 ParOldGen       total 303104K, used 260676K [0x00000000c0000000, 0x00000000d2800000, 0x00000000eab00000)
  object space 303104K, 86% used [0x00000000c0000000,0x00000000cfe911c8,0x00000000d2800000)
 Metaspace       used 70494K, committed 71552K, reserved 1114112K
  class space    used 7320K, committed 7808K, reserved 1048576K
}
Event: 999.582 GC heap before
{Heap before GC invocations=215 (full 13):
 PSYoungGen      total 78848K, used 78838K [0x00000000eab00000, 0x00000000f2480000, 0x0000000100000000)
  eden space 58880K, 100% used [0x00000000eab00000,0x00000000ee480000,0x00000000ee480000)
  from space 19968K, 99% used [0x00000000ee480000,0x00000000ef7fdbc8,0x00000000ef800000)
  to   space 30720K, 0% used [0x00000000f0680000,0x00000000f0680000,0x00000000f2480000)
 ParOldGen       total 303104K, used 260676K [0x00000000c0000000, 0x00000000d2800000, 0x00000000eab00000)
  object space 303104K, 86% used [0x00000000c0000000,0x00000000cfe911c8,0x00000000d2800000)
 Metaspace       used 70494K, committed 71552K, reserved 1114112K
  class space    used 7320K, committed 7808K, reserved 1048576K
}
Event: 999.594 GC heap after
{Heap after GC invocations=215 (full 13):
 PSYoungGen      total 86016K, used 21302K [0x00000000eab00000, 0x00000000f1b80000, 0x0000000100000000)
  eden space 64512K, 0% used [0x00000000eab00000,0x00000000eab00000,0x00000000eea00000)
  from space 21504K, 99% used [0x00000000f0680000,0x00000000f1b4d980,0x00000000f1b80000)
  to   space 24064K, 0% used [0x00000000eec80000,0x00000000eec80000,0x00000000f0400000)
 ParOldGen       total 303104K, used 272220K [0x00000000c0000000, 0x00000000d2800000, 0x00000000eab00000)
  object space 303104K, 89% used [0x00000000c0000000,0x00000000d09d72a8,0x00000000d2800000)
 Metaspace       used 70494K, committed 71552K, reserved 1114112K
  class space    used 7320K, committed 7808K, reserved 1048576K
}
Event: 999.630 GC heap before
{Heap before GC invocations=216 (full 13):
 PSYoungGen      total 86016K, used 85814K [0x00000000eab00000, 0x00000000f1b80000, 0x0000000100000000)
  eden space 64512K, 100% used [0x00000000eab00000,0x00000000eea00000,0x00000000eea00000)
  from space 21504K, 99% used [0x00000000f0680000,0x00000000f1b4d980,0x00000000f1b80000)
  to   space 24064K, 0% used [0x00000000eec80000,0x00000000eec80000,0x00000000f0400000)
 ParOldGen       total 303104K, used 272220K [0x00000000c0000000, 0x00000000d2800000, 0x00000000eab00000)
  object space 303104K, 89% used [0x00000000c0000000,0x00000000d09d72a8,0x00000000d2800000)
 Metaspace       used 70494K, committed 71552K, reserved 1114112K
  class space    used 7320K, committed 7808K, reserved 1048576K
}
Event: 999.641 GC heap after
{Heap after GC invocations=216 (full 13):
 PSYoungGen      total 91136K, used 24059K [0x00000000eab00000, 0x00000000f4a00000, 0x0000000100000000)
  eden space 67072K, 0% used [0x00000000eab00000,0x00000000eab00000,0x00000000eec80000)
  from space 24064K, 99% used [0x00000000eec80000,0x00000000f03fed78,0x00000000f0400000)
  to   space 45568K, 0% used [0x00000000f1d80000,0x00000000f1d80000,0x00000000f4a00000)
 ParOldGen       total 303104K, used 289826K [0x00000000c0000000, 0x00000000d2800000, 0x00000000eab00000)
  object space 303104K, 95% used [0x00000000c0000000,0x00000000d1b08998,0x00000000d2800000)
 Metaspace       used 70494K, committed 71552K, reserved 1114112K
  class space    used 7320K, committed 7808K, reserved 1048576K
}
Event: 999.641 GC heap before
{Heap before GC invocations=217 (full 14):
 PSYoungGen      total 91136K, used 24059K [0x00000000eab00000, 0x00000000f4a00000, 0x0000000100000000)
  eden space 67072K, 0% used [0x00000000eab00000,0x00000000eab00000,0x00000000eec80000)
  from space 24064K, 99% used [0x00000000eec80000,0x00000000f03fed78,0x00000000f0400000)
  to   space 45568K, 0% used [0x00000000f1d80000,0x00000000f1d80000,0x00000000f4a00000)
 ParOldGen       total 303104K, used 289826K [0x00000000c0000000, 0x00000000d2800000, 0x00000000eab00000)
  object space 303104K, 95% used [0x00000000c0000000,0x00000000d1b08998,0x00000000d2800000)
 Metaspace       used 70494K, committed 71552K, reserved 1114112K
  class space    used 7320K, committed 7808K, reserved 1048576K
}
Event: 999.749 GC heap after
{Heap after GC invocations=217 (full 14):
 PSYoungGen      total 91136K, used 5303K [0x00000000eab00000, 0x00000000f4c80000, 0x0000000100000000)
  eden space 67072K, 0% used [0x00000000eab00000,0x00000000eab00000,0x00000000eec80000)
  from space 24064K, 22% used [0x00000000eec80000,0x00000000ef1add78,0x00000000f0400000)
  to   space 45568K, 0% used [0x00000000f2000000,0x00000000f2000000,0x00000000f4c80000)
 ParOldGen       total 303104K, used 302663K [0x00000000c0000000, 0x00000000d2800000, 0x00000000eab00000)
  object space 303104K, 99% used [0x00000000c0000000,0x00000000d2791fc0,0x00000000d2800000)
 Metaspace       used 70494K, committed 71552K, reserved 1114112K
  class space    used 7320K, committed 7808K, reserved 1048576K
}
Event: 1000.074 GC heap before
{Heap before GC invocations=218 (full 15):
 PSYoungGen      total 91136K, used 72375K [0x00000000eab00000, 0x00000000f4c80000, 0x0000000100000000)
  eden space 67072K, 100% used [0x00000000eab00000,0x00000000eec80000,0x00000000eec80000)
  from space 24064K, 22% used [0x00000000eec80000,0x00000000ef1add78,0x00000000f0400000)
  to   space 45568K, 0% used [0x00000000f2000000,0x00000000f2000000,0x00000000f4c80000)
 ParOldGen       total 303104K, used 302663K [0x00000000c0000000, 0x00000000d2800000, 0x00000000eab00000)
  object space 303104K, 99% used [0x00000000c0000000,0x00000000d2791fc0,0x00000000d2800000)
 Metaspace       used 70494K, committed 71552K, reserved 1114112K
  class space    used 7320K, committed 7808K, reserved 1048576K
}
Event: 1000.212 GC heap after
{Heap after GC invocations=218 (full 15):
 PSYoungGen      total 112128K, used 40519K [0x00000000eab00000, 0x00000000f4c00000, 0x0000000100000000)
  eden space 67072K, 60% used [0x00000000eab00000,0x00000000ed291cd8,0x00000000eec80000)
  from space 45056K, 0% used [0x00000000f2000000,0x00000000f2000000,0x00000000f4c00000)
  to   space 24064K, 0% used [0x00000000eec80000,0x00000000eec80000,0x00000000f0400000)
 ParOldGen       total 303104K, used 302968K [0x00000000c0000000, 0x00000000d2800000, 0x00000000eab00000)
  object space 303104K, 99% used [0x00000000c0000000,0x00000000d27de218,0x00000000d2800000)
 Metaspace       used 70494K, committed 71552K, reserved 1114112K
  class space    used 7320K, committed 7808K, reserved 1048576K
}
Event: 1000.691 GC heap before
{Heap before GC invocations=219 (full 16):
 PSYoungGen      total 112128K, used 67072K [0x00000000eab00000, 0x00000000f4c00000, 0x0000000100000000)
  eden space 67072K, 100% used [0x00000000eab00000,0x00000000eec80000,0x00000000eec80000)
  from space 45056K, 0% used [0x00000000f2000000,0x00000000f2000000,0x00000000f4c00000)
  to   space 24064K, 0% used [0x00000000eec80000,0x00000000eec80000,0x00000000f0400000)
 ParOldGen       total 303104K, used 302968K [0x00000000c0000000, 0x00000000d2800000, 0x00000000eab00000)
  object space 303104K, 99% used [0x00000000c0000000,0x00000000d27de218,0x00000000d2800000)
 Metaspace       used 70494K, committed 71552K, reserved 1114112K
  class space    used 7320K, committed 7808K, reserved 1048576K
}
Event: 1000.748 GC heap after
{Heap after GC invocations=219 (full 16):
 PSYoungGen      total 91136K, used 15861K [0x00000000eab00000, 0x00000000f4c00000, 0x0000000100000000)
  eden space 67072K, 23% used [0x00000000eab00000,0x00000000eba7d4e0,0x00000000eec80000)
  from space 24064K, 0% used [0x00000000eec80000,0x00000000eec80000,0x00000000f0400000)
  to   space 45056K, 0% used [0x00000000f2000000,0x00000000f2000000,0x00000000f4c00000)
 ParOldGen       total 303104K, used 302968K [0x00000000c0000000, 0x00000000d2800000, 0x00000000eab00000)
  object space 303104K, 99% used [0x00000000c0000000,0x00000000d27de218,0x00000000d2800000)
 Metaspace       used 70494K, committed 71552K, reserved 1114112K
  class space    used 7320K, committed 7808K, reserved 1048576K
}
Event: 1000.874 GC heap before
{Heap before GC invocations=220 (full 17):
 PSYoungGen      total 91136K, used 67072K [0x00000000eab00000, 0x00000000f4c00000, 0x0000000100000000)
  eden space 67072K, 100% used [0x00000000eab00000,0x00000000eec80000,0x00000000eec80000)
  from space 24064K, 0% used [0x00000000eec80000,0x00000000eec80000,0x00000000f0400000)
  to   space 45056K, 0% used [0x00000000f2000000,0x00000000f2000000,0x00000000f4c00000)
 ParOldGen       total 303104K, used 302968K [0x00000000c0000000, 0x00000000d2800000, 0x00000000eab00000)
  object space 303104K, 99% used [0x00000000c0000000,0x00000000d27de218,0x00000000d2800000)
 Metaspace       used 70746K, committed 71744K, reserved 1114112K
  class space    used 7358K, committed 7808K, reserved 1048576K
}
Event: 1000.931 GC heap after
{Heap after GC invocations=220 (full 17):
 PSYoungGen      total 117760K, used 0K [0x00000000eab00000, 0x00000000f4b80000, 0x0000000100000000)
  eden space 73216K, 0% used [0x00000000eab00000,0x00000000eab00000,0x00000000ef280000)
  from space 44544K, 0% used [0x00000000f2000000,0x00000000f2000000,0x00000000f4b80000)
  to   space 45568K, 0% used [0x00000000ef280000,0x00000000ef280000,0x00000000f1f00000)
 ParOldGen       total 346112K, used 213923K [0x00000000c0000000, 0x00000000d5200000, 0x00000000eab00000)
  object space 346112K, 61% used [0x00000000c0000000,0x00000000cd0e8e88,0x00000000d5200000)
 Metaspace       used 70746K, committed 71744K, reserved 1114112K
  class space    used 7358K, committed 7808K, reserved 1048576K
}

Dll operation events (11 events):
Event: 0.006 Loaded shared library c:\Users\casa\.vscode\extensions\redhat.java-1.33.0-win32-x64\jre\17.0.11-win32-x86_64\bin\java.dll
Event: 0.091 Loaded shared library c:\Users\casa\.vscode\extensions\redhat.java-1.33.0-win32-x64\jre\17.0.11-win32-x86_64\bin\zip.dll
Event: 0.093 Loaded shared library C:\Users\casa\.vscode\extensions\redhat.java-1.33.0-win32-x64\jre\17.0.11-win32-x86_64\bin\instrument.dll
Event: 0.102 Loaded shared library C:\Users\casa\.vscode\extensions\redhat.java-1.33.0-win32-x64\jre\17.0.11-win32-x86_64\bin\net.dll
Event: 0.104 Loaded shared library C:\Users\casa\.vscode\extensions\redhat.java-1.33.0-win32-x64\jre\17.0.11-win32-x86_64\bin\nio.dll
Event: 0.109 Loaded shared library C:\Users\casa\.vscode\extensions\redhat.java-1.33.0-win32-x64\jre\17.0.11-win32-x86_64\bin\zip.dll
Event: 0.119 Loaded shared library C:\Users\casa\.vscode\extensions\redhat.java-1.33.0-win32-x64\jre\17.0.11-win32-x86_64\bin\jimage.dll
Event: 0.165 Loaded shared library c:\Users\casa\.vscode\extensions\redhat.java-1.33.0-win32-x64\jre\17.0.11-win32-x86_64\bin\verify.dll
Event: 0.830 Loaded shared library C:\Users\casa\AppData\Roaming\Code\User\globalStorage\redhat.java\1.33.0\config_win\org.eclipse.equinox.launcher\org.eclipse.equinox.launcher.win32.win32.x86_64_1.2.1100.v20240722-2106\eclipse_11904.dll
Event: 1.812 Loaded shared library C:\Users\casa\AppData\Local\Temp\jna-3046188\jna5845396404647284696.dll
Event: 998.771 Loaded shared library C:\Users\casa\.vscode\extensions\redhat.java-1.33.0-win32-x64\jre\17.0.11-win32-x86_64\bin\extnet.dll

Deoptimization events (20 events):
Event: 1012.511 Thread 0x000002346152b120 Uncommon trap: trap_request=0xffffffbe fr.pc=0x000002344eb9cd60 relative=0x0000000000000760
Event: 1012.511 Thread 0x000002346152b120 Uncommon trap: reason=profile_predicate action=maybe_recompile pc=0x000002344eb9cd60 method=java.io.InputStream.read([BII)I @ 37 c2
Event: 1012.511 Thread 0x000002346152b120 DEOPT PACKING pc=0x000002344eb9cd60 sp=0x00000080347fec80
Event: 1012.511 Thread 0x000002346152b120 DEOPT UNPACKING pc=0x000002344e3266a3 sp=0x00000080347fec60 mode 2
Event: 1012.512 Thread 0x000002346152b120 DEOPT PACKING pc=0x0000023448145c9c sp=0x00000080347fe020
Event: 1012.512 Thread 0x000002346152b120 DEOPT UNPACKING pc=0x000002344e326e43 sp=0x00000080347fd528 mode 0
Event: 1012.539 Thread 0x000002346062bec0 DEOPT PACKING pc=0x0000023447c15403 sp=0x00000080350fe830
Event: 1012.539 Thread 0x000002346062bec0 DEOPT UNPACKING pc=0x000002344e326e43 sp=0x00000080350fdca0 mode 0
Event: 1012.543 Thread 0x000002346152d490 DEOPT PACKING pc=0x0000023448145c9c sp=0x0000008034bfe9c0
Event: 1012.543 Thread 0x000002346152d490 DEOPT UNPACKING pc=0x000002344e326e43 sp=0x0000008034bfdec8 mode 0
Event: 1012.543 Thread 0x000002346152d490 DEOPT PACKING pc=0x0000023448145c9c sp=0x0000008034bfe9c0
Event: 1012.543 Thread 0x000002346152d490 DEOPT UNPACKING pc=0x000002344e326e43 sp=0x0000008034bfdec8 mode 0
Event: 1012.543 Thread 0x000002346062bec0 Uncommon trap: trap_request=0xffffffde fr.pc=0x000002344f036a00 relative=0x0000000000000de0
Event: 1012.543 Thread 0x000002346062bec0 Uncommon trap: reason=class_check action=maybe_recompile pc=0x000002344f036a00 method=com.google.gson.internal.bind.ArrayTypeAdapter.read(Lcom/google/gson/stream/JsonReader;)Ljava/lang/Object; @ 1 c2
Event: 1012.543 Thread 0x000002346062bec0 DEOPT PACKING pc=0x000002344f036a00 sp=0x00000080350fecd0
Event: 1012.543 Thread 0x000002346062bec0 DEOPT UNPACKING pc=0x000002344e3266a3 sp=0x00000080350fecc0 mode 2
Event: 1012.543 Thread 0x000002346062bec0 Uncommon trap: trap_request=0xffffffde fr.pc=0x000002344f036a00 relative=0x0000000000000de0
Event: 1012.543 Thread 0x000002346062bec0 Uncommon trap: reason=class_check action=maybe_recompile pc=0x000002344f036a00 method=com.google.gson.internal.bind.ArrayTypeAdapter.read(Lcom/google/gson/stream/JsonReader;)Ljava/lang/Object; @ 1 c2
Event: 1012.543 Thread 0x000002346062bec0 DEOPT PACKING pc=0x000002344f036a00 sp=0x00000080350fecd0
Event: 1012.543 Thread 0x000002346062bec0 DEOPT UNPACKING pc=0x000002344e3266a3 sp=0x00000080350fecc0 mode 2

Classes unloaded (20 events):
Event: 996.760 Thread 0x000002344429ed10 Unloading class 0x0000000100228800 'jdk/internal/reflect/GeneratedConstructorAccessor4'
Event: 996.760 Thread 0x000002344429ed10 Unloading class 0x0000000100222400 'java/lang/invoke/LambdaForm$MH+0x0000000100222400'
Event: 996.760 Thread 0x000002344429ed10 Unloading class 0x0000000100222000 'java/lang/invoke/LambdaForm$MH+0x0000000100222000'
Event: 996.760 Thread 0x000002344429ed10 Unloading class 0x0000000100221c00 'java/lang/invoke/LambdaForm$MH+0x0000000100221c00'
Event: 996.760 Thread 0x000002344429ed10 Unloading class 0x0000000100220c00 'java/lang/invoke/LambdaForm$MH+0x0000000100220c00'
Event: 996.760 Thread 0x000002344429ed10 Unloading class 0x0000000100220800 'java/lang/invoke/LambdaForm$MH+0x0000000100220800'
Event: 996.760 Thread 0x000002344429ed10 Unloading class 0x0000000100220000 'java/lang/invoke/LambdaForm$MH+0x0000000100220000'
Event: 996.760 Thread 0x000002344429ed10 Unloading class 0x00000001001b5c00 'java/lang/invoke/LambdaForm$MH+0x00000001001b5c00'
Event: 996.760 Thread 0x000002344429ed10 Unloading class 0x00000001001b5800 'java/lang/invoke/LambdaForm$MH+0x00000001001b5800'
Event: 996.760 Thread 0x000002344429ed10 Unloading class 0x00000001001b5400 'java/lang/invoke/LambdaForm$MH+0x00000001001b5400'
Event: 996.760 Thread 0x000002344429ed10 Unloading class 0x00000001001b5000 'java/lang/invoke/LambdaForm$MH+0x00000001001b5000'
Event: 996.760 Thread 0x000002344429ed10 Unloading class 0x00000001001b4c00 'java/lang/invoke/LambdaForm$MH+0x00000001001b4c00'
Event: 996.760 Thread 0x000002344429ed10 Unloading class 0x00000001001b4800 'java/lang/invoke/LambdaForm$MH+0x00000001001b4800'
Event: 996.760 Thread 0x000002344429ed10 Unloading class 0x00000001001b4400 'java/lang/invoke/LambdaForm$MH+0x00000001001b4400'
Event: 996.760 Thread 0x000002344429ed10 Unloading class 0x00000001001b4000 'java/lang/invoke/LambdaForm$MH+0x00000001001b4000'
Event: 996.760 Thread 0x000002344429ed10 Unloading class 0x0000000100129000 'jdk/internal/reflect/GeneratedMethodAccessor5'
Event: 996.760 Thread 0x000002344429ed10 Unloading class 0x0000000100128c00 'jdk/internal/reflect/GeneratedMethodAccessor4'
Event: 996.760 Thread 0x000002344429ed10 Unloading class 0x0000000100128800 'jdk/internal/reflect/GeneratedMethodAccessor3'
Event: 996.760 Thread 0x000002344429ed10 Unloading class 0x0000000100128400 'jdk/internal/reflect/GeneratedMethodAccessor2'
Event: 996.760 Thread 0x000002344429ed10 Unloading class 0x0000000100128000 'jdk/internal/reflect/GeneratedMethodAccessor1'

Classes redefined (0 events):
No events

Internal exceptions (20 events):
Event: 1009.305 Thread 0x0000023465c796e0 Exception <a 'sun/nio/fs/WindowsException'{0x00000000edced838}> (0x00000000edced838) 
thrown [s\src\hotspot\share\prims\jni.cpp, line 516]
Event: 1009.306 Thread 0x0000023465c796e0 Exception <a 'sun/nio/fs/WindowsException'{0x00000000edd736d0}> (0x00000000edd736d0) 
thrown [s\src\hotspot\share\prims\jni.cpp, line 516]
Event: 1009.306 Thread 0x0000023465c796e0 Exception <a 'sun/nio/fs/WindowsException'{0x00000000edd74070}> (0x00000000edd74070) 
thrown [s\src\hotspot\share\prims\jni.cpp, line 516]
Event: 1009.306 Thread 0x0000023465c796e0 Exception <a 'sun/nio/fs/WindowsException'{0x00000000edd75000}> (0x00000000edd75000) 
thrown [s\src\hotspot\share\prims\jni.cpp, line 516]
Event: 1009.306 Thread 0x0000023465c796e0 Exception <a 'sun/nio/fs/WindowsException'{0x00000000edd759a0}> (0x00000000edd759a0) 
thrown [s\src\hotspot\share\prims\jni.cpp, line 516]
Event: 1009.315 Thread 0x0000023465c796e0 Exception <a 'sun/nio/fs/WindowsException'{0x00000000eddeb8e0}> (0x00000000eddeb8e0) 
thrown [s\src\hotspot\share\prims\jni.cpp, line 516]
Event: 1009.315 Thread 0x0000023465c796e0 Exception <a 'sun/nio/fs/WindowsException'{0x00000000eddec280}> (0x00000000eddec280) 
thrown [s\src\hotspot\share\prims\jni.cpp, line 516]
Event: 1009.326 Thread 0x0000023465c796e0 Exception <a 'sun/nio/fs/WindowsException'{0x00000000edeba768}> (0x00000000edeba768) 
thrown [s\src\hotspot\share\prims\jni.cpp, line 516]
Event: 1009.326 Thread 0x0000023465c796e0 Exception <a 'sun/nio/fs/WindowsException'{0x00000000edebb108}> (0x00000000edebb108) 
thrown [s\src\hotspot\share\prims\jni.cpp, line 516]
Event: 1009.326 Thread 0x0000023465c796e0 Exception <a 'sun/nio/fs/WindowsException'{0x00000000edebc080}> (0x00000000edebc080) 
thrown [s\src\hotspot\share\prims\jni.cpp, line 516]
Event: 1009.326 Thread 0x0000023465c796e0 Exception <a 'sun/nio/fs/WindowsException'{0x00000000edebca20}> (0x00000000edebca20) 
thrown [s\src\hotspot\share\prims\jni.cpp, line 516]
Event: 1009.326 Thread 0x0000023465c796e0 Exception <a 'sun/nio/fs/WindowsException'{0x00000000edebd9b0}> (0x00000000edebd9b0) 
thrown [s\src\hotspot\share\prims\jni.cpp, line 516]
Event: 1009.326 Thread 0x0000023465c796e0 Exception <a 'sun/nio/fs/WindowsException'{0x00000000edebe350}> (0x00000000edebe350) 
thrown [s\src\hotspot\share\prims\jni.cpp, line 516]
Event: 1009.336 Thread 0x0000023465c796e0 Exception <a 'sun/nio/fs/WindowsException'{0x00000000edf342f0}> (0x00000000edf342f0) 
thrown [s\src\hotspot\share\prims\jni.cpp, line 516]
Event: 1009.336 Thread 0x0000023465c796e0 Exception <a 'sun/nio/fs/WindowsException'{0x00000000edf34c90}> (0x00000000edf34c90) 
thrown [s\src\hotspot\share\prims\jni.cpp, line 516]
Event: 1009.336 Thread 0x0000023465c796e0 Exception <a 'sun/nio/fs/WindowsException'{0x00000000edf35c20}> (0x00000000edf35c20) 
thrown [s\src\hotspot\share\prims\jni.cpp, line 516]
Event: 1009.336 Thread 0x0000023465c796e0 Exception <a 'sun/nio/fs/WindowsException'{0x00000000edf365c0}> (0x00000000edf365c0) 
thrown [s\src\hotspot\share\prims\jni.cpp, line 516]
Event: 1009.345 Thread 0x0000023465c796e0 Exception <a 'sun/nio/fs/WindowsException'{0x00000000edfac510}> (0x00000000edfac510) 
thrown [s\src\hotspot\share\prims\jni.cpp, line 516]
Event: 1009.345 Thread 0x0000023465c796e0 Exception <a 'sun/nio/fs/WindowsException'{0x00000000edfaceb0}> (0x00000000edfaceb0) 
thrown [s\src\hotspot\share\prims\jni.cpp, line 516]
Event: 1009.549 Thread 0x000002346152cf80 Exception <a 'java/lang/reflect/InvocationTargetException'{0x00000000ee0fd6a0}> (0x00000000ee0fd6a0) 
thrown [s\src\hotspot\share\runtime\reflection.cpp, line 1121]

VM Operations (20 events):
Event: 1003.869 Executing VM operation: HandshakeAllThreads
Event: 1003.869 Executing VM operation: HandshakeAllThreads done
Event: 1003.878 Executing VM operation: HandshakeAllThreads
Event: 1003.878 Executing VM operation: HandshakeAllThreads done
Event: 1003.898 Executing VM operation: HandshakeAllThreads
Event: 1003.898 Executing VM operation: HandshakeAllThreads done
Event: 1003.900 Executing VM operation: HandshakeAllThreads
Event: 1003.900 Executing VM operation: HandshakeAllThreads done
Event: 1003.925 Executing VM operation: HandshakeAllThreads
Event: 1003.925 Executing VM operation: HandshakeAllThreads done
Event: 1003.935 Executing VM operation: HandshakeAllThreads
Event: 1003.935 Executing VM operation: HandshakeAllThreads done
Event: 1003.936 Executing VM operation: HandshakeAllThreads
Event: 1003.936 Executing VM operation: HandshakeAllThreads done
Event: 1003.946 Executing VM operation: HandshakeAllThreads
Event: 1003.946 Executing VM operation: HandshakeAllThreads done
Event: 1004.946 Executing VM operation: Cleanup
Event: 1004.946 Executing VM operation: Cleanup done
Event: 1009.978 Executing VM operation: Cleanup
Event: 1009.979 Executing VM operation: Cleanup done

Events (20 events):
Event: 1003.978 loading class java/util/regex/Pattern$Behind done
Event: 1003.994 Thread 0x0000023465c731a0 Thread exited: 0x0000023465c731a0
Event: 1003.994 Thread 0x0000023460628710 Thread exited: 0x0000023460628710
Event: 1003.995 Thread 0x000002345f9abd50 Thread exited: 0x000002345f9abd50
Event: 1003.996 loading class java/util/concurrent/CompletableFuture$AsyncRun
Event: 1003.996 loading class java/util/concurrent/CompletableFuture$AsyncRun done
Event: 1003.996 Thread 0x000002346062bec0 Thread exited: 0x000002346062bec0
Event: 1004.035 Thread 0x000002346152f800 Thread exited: 0x000002346152f800
Event: 1004.581 Thread 0x0000023464d397f0 Thread exited: 0x0000023464d397f0
Event: 1004.582 Thread 0x0000023464d36d70 Thread exited: 0x0000023464d36d70
Event: 1004.884 loading class java/util/concurrent/ScheduledThreadPoolExecutor$DelayedWorkQueue$Itr
Event: 1004.884 loading class java/util/concurrent/ScheduledThreadPoolExecutor$DelayedWorkQueue$Itr done
Event: 1009.292 Thread 0x0000023464d37d60 Thread added: 0x0000023464d37d60
Event: 1009.305 Thread 0x0000023464d38d50 Thread added: 0x0000023464d38d50
Event: 1012.509 Thread 0x0000023464d38d50 Thread exited: 0x0000023464d38d50
Event: 1012.509 Thread 0x0000023464d37d60 Thread exited: 0x0000023464d37d60
Event: 1012.539 Thread 0x000002346062bec0 Thread added: 0x000002346062bec0
Event: 1012.549 Thread 0x0000023460628710 Thread added: 0x0000023460628710
Event: 1012.549 Thread 0x0000023465c731a0 Thread added: 0x0000023465c731a0
Event: 1012.549 Thread 0x000002346152f800 Thread added: 0x000002346152f800


Dynamic libraries:
0x00007ff7e1c50000 - 0x00007ff7e1c5e000 	c:\Users\casa\.vscode\extensions\redhat.java-1.33.0-win32-x64\jre\17.0.11-win32-x86_64\bin\java.exe
0x00007fff49bd0000 - 0x00007fff49dc8000 	C:\Windows\SYSTEM32\ntdll.dll
0x00007fff499a0000 - 0x00007fff49a61000 	C:\Windows\System32\KERNEL32.DLL
0x00007fff47440000 - 0x00007fff47736000 	C:\Windows\System32\KERNELBASE.dll
0x00007fff478a0000 - 0x00007fff479a0000 	C:\Windows\System32\ucrtbase.dll
0x00007fff2f5e0000 - 0x00007fff2f5f7000 	c:\Users\casa\.vscode\extensions\redhat.java-1.33.0-win32-x64\jre\17.0.11-win32-x86_64\bin\jli.dll
0x00007fff2f8e0000 - 0x00007fff2f8fb000 	c:\Users\casa\.vscode\extensions\redhat.java-1.33.0-win32-x64\jre\17.0.11-win32-x86_64\bin\VCRUNTIME140.dll
0x00007fff47f50000 - 0x00007fff480ef000 	C:\Windows\System32\USER32.dll
0x00007fff47280000 - 0x00007fff472a2000 	C:\Windows\System32\win32u.dll
0x00007fff30420000 - 0x00007fff306ba000 	C:\Windows\WinSxS\amd64_microsoft.windows.common-controls_6595b64144ccf1df_6.0.19041.4355_none_60b8b9eb71f62e16\COMCTL32.dll
0x00007fff48cb0000 - 0x00007fff48cdb000 	C:\Windows\System32\GDI32.dll
0x00007fff48190000 - 0x00007fff4822e000 	C:\Windows\System32\msvcrt.dll
0x00007fff47a30000 - 0x00007fff47b47000 	C:\Windows\System32\gdi32full.dll
0x00007fff47350000 - 0x00007fff473ed000 	C:\Windows\System32\msvcp_win.dll
0x00007fff48c80000 - 0x00007fff48caf000 	C:\Windows\System32\IMM32.DLL
0x00007fff2f820000 - 0x00007fff2f82c000 	c:\Users\casa\.vscode\extensions\redhat.java-1.33.0-win32-x64\jre\17.0.11-win32-x86_64\bin\vcruntime140_1.dll
0x00007fff20f00000 - 0x00007fff20f8d000 	c:\Users\casa\.vscode\extensions\redhat.java-1.33.0-win32-x64\jre\17.0.11-win32-x86_64\bin\msvcp140.dll
0x00007ffed7040000 - 0x00007ffed7ca2000 	c:\Users\casa\.vscode\extensions\redhat.java-1.33.0-win32-x64\jre\17.0.11-win32-x86_64\bin\server\jvm.dll
0x00007fff483d0000 - 0x00007fff48480000 	C:\Windows\System32\ADVAPI32.dll
0x00007fff485e0000 - 0x00007fff48680000 	C:\Windows\System32\sechost.dll
0x00007fff48af0000 - 0x00007fff48c13000 	C:\Windows\System32\RPCRT4.dll
0x00007fff472b0000 - 0x00007fff472d7000 	C:\Windows\System32\bcrypt.dll
0x00007fff46800000 - 0x00007fff4684b000 	C:\Windows\SYSTEM32\POWRPROF.dll
0x00007fff2f7c0000 - 0x00007fff2f7c9000 	C:\Windows\SYSTEM32\WSOCK32.dll
0x00007fff3d330000 - 0x00007fff3d357000 	C:\Windows\SYSTEM32\WINMM.dll
0x00007fff49b20000 - 0x00007fff49b8b000 	C:\Windows\System32\WS2_32.dll
0x00007fff3f700000 - 0x00007fff3f70a000 	C:\Windows\SYSTEM32\VERSION.dll
0x00007fff46670000 - 0x00007fff46682000 	C:\Windows\SYSTEM32\UMPDC.dll
0x00007fff45120000 - 0x00007fff45132000 	C:\Windows\SYSTEM32\kernel.appcore.dll
0x00007fff2f6c0000 - 0x00007fff2f6ca000 	c:\Users\casa\.vscode\extensions\redhat.java-1.33.0-win32-x64\jre\17.0.11-win32-x86_64\bin\jimage.dll
0x00007fff3d430000 - 0x00007fff3d614000 	C:\Windows\SYSTEM32\DBGHELP.DLL
0x00007fff269f0000 - 0x00007fff26a24000 	C:\Windows\SYSTEM32\dbgcore.DLL
0x00007fff479a0000 - 0x00007fff47a22000 	C:\Windows\System32\bcryptPrimitives.dll
0x00007fff2ea20000 - 0x00007fff2ea2e000 	c:\Users\casa\.vscode\extensions\redhat.java-1.33.0-win32-x64\jre\17.0.11-win32-x86_64\bin\instrument.dll
0x00007fff27a10000 - 0x00007fff27a35000 	c:\Users\casa\.vscode\extensions\redhat.java-1.33.0-win32-x64\jre\17.0.11-win32-x86_64\bin\java.dll
0x00007fff2d980000 - 0x00007fff2d998000 	c:\Users\casa\.vscode\extensions\redhat.java-1.33.0-win32-x64\jre\17.0.11-win32-x86_64\bin\zip.dll
0x00007fff48ed0000 - 0x00007fff4963c000 	C:\Windows\System32\SHELL32.dll
0x00007fff45320000 - 0x00007fff45abe000 	C:\Windows\SYSTEM32\windows.storage.dll
0x00007fff49640000 - 0x00007fff49993000 	C:\Windows\System32\combase.dll
0x00007fff46ca0000 - 0x00007fff46cce000 	C:\Windows\SYSTEM32\Wldp.dll
0x00007fff48e00000 - 0x00007fff48ecd000 	C:\Windows\System32\OLEAUT32.dll
0x00007fff49a70000 - 0x00007fff49b1d000 	C:\Windows\System32\SHCORE.dll
0x00007fff48370000 - 0x00007fff483c5000 	C:\Windows\System32\shlwapi.dll
0x00007fff471b0000 - 0x00007fff471d4000 	C:\Windows\SYSTEM32\profapi.dll
0x00007fff2d220000 - 0x00007fff2d239000 	C:\Users\casa\.vscode\extensions\redhat.java-1.33.0-win32-x64\jre\17.0.11-win32-x86_64\bin\net.dll
0x00007fff40250000 - 0x00007fff4035a000 	C:\Windows\SYSTEM32\WINHTTP.dll
0x00007fff46a00000 - 0x00007fff46a6a000 	C:\Windows\system32\mswsock.dll
0x00007fff28f30000 - 0x00007fff28f46000 	C:\Users\casa\.vscode\extensions\redhat.java-1.33.0-win32-x64\jre\17.0.11-win32-x86_64\bin\nio.dll
0x00007fff2d8b0000 - 0x00007fff2d8c0000 	c:\Users\casa\.vscode\extensions\redhat.java-1.33.0-win32-x64\jre\17.0.11-win32-x86_64\bin\verify.dll
0x00007fff1e2e0000 - 0x00007fff1e325000 	C:\Users\casa\AppData\Roaming\Code\User\globalStorage\redhat.java\1.33.0\config_win\org.eclipse.equinox.launcher\org.eclipse.equinox.launcher.win32.win32.x86_64_1.2.1100.v20240722-2106\eclipse_11904.dll
0x00007fff484a0000 - 0x00007fff485cb000 	C:\Windows\System32\ole32.dll
0x00007fff46c00000 - 0x00007fff46c18000 	C:\Windows\SYSTEM32\CRYPTSP.dll
0x00007fff462b0000 - 0x00007fff462e4000 	C:\Windows\system32\rsaenh.dll
0x00007fff47160000 - 0x00007fff4718e000 	C:\Windows\SYSTEM32\USERENV.dll
0x00007fff46bf0000 - 0x00007fff46bfc000 	C:\Windows\SYSTEM32\CRYPTBASE.dll
0x00007fff46690000 - 0x00007fff466cb000 	C:\Windows\SYSTEM32\IPHLPAPI.DLL
0x00007fff480f0000 - 0x00007fff480f8000 	C:\Windows\System32\NSI.dll
0x00007fff42fc0000 - 0x00007fff42fd7000 	C:\Windows\SYSTEM32\dhcpcsvc6.DLL
0x00007fff42fa0000 - 0x00007fff42fbd000 	C:\Windows\SYSTEM32\dhcpcsvc.DLL
0x00007fff466e0000 - 0x00007fff467aa000 	C:\Windows\SYSTEM32\DNSAPI.dll
0x00007fff35aa0000 - 0x00007fff35ae5000 	C:\Users\casa\AppData\Local\Temp\jna-3046188\jna5845396404647284696.dll
0x00007fff485d0000 - 0x00007fff485d8000 	C:\Windows\System32\PSAPI.DLL
0x00007fff26110000 - 0x00007fff26119000 	C:\Users\casa\.vscode\extensions\redhat.java-1.33.0-win32-x64\jre\17.0.11-win32-x86_64\bin\extnet.dll

dbghelp: loaded successfully - version: 4.0.5 - missing functions: none
symbol engine: initialized successfully - sym options: 0x614 - pdb path: .;c:\Users\casa\.vscode\extensions\redhat.java-1.33.0-win32-x64\jre\17.0.11-win32-x86_64\bin;C:\Windows\SYSTEM32;C:\Windows\WinSxS\amd64_microsoft.windows.common-controls_6595b64144ccf1df_6.0.19041.4355_none_60b8b9eb71f62e16;c:\Users\casa\.vscode\extensions\redhat.java-1.33.0-win32-x64\jre\17.0.11-win32-x86_64\bin\server;C:\Users\casa\AppData\Roaming\Code\User\globalStorage\redhat.java\1.33.0\config_win\org.eclipse.equinox.launcher\org.eclipse.equinox.launcher.win32.win32.x86_64_1.2.1100.v20240722-2106;C:\Users\casa\AppData\Local\Temp\jna-3046188

VM Arguments:
jvm_args: --add-modules=ALL-SYSTEM --add-opens=java.base/java.util=ALL-UNNAMED --add-opens=java.base/java.lang=ALL-UNNAMED --add-opens=java.base/sun.nio.fs=ALL-UNNAMED -Declipse.application=org.eclipse.jdt.ls.core.id1 -Dosgi.bundles.defaultStartLevel=4 -Declipse.product=org.eclipse.jdt.ls.core.product -Djava.import.generatesMetadataFilesAtProjectRoot=false -DDetectVMInstallationsJob.disabled=true -Dfile.encoding=utf8 -XX:+UseParallelGC -XX:GCTimeRatio=4 -XX:AdaptiveSizePolicyWeight=90 -Dsun.zip.disableMemoryMapping=true -Xmx1G -Xms100m -Xlog:disable -javaagent:c:\Users\casa\.vscode\extensions\redhat.java-1.33.0-win32-x64\lombok\lombok-1.18.33.jar -XX:+HeapDumpOnOutOfMemoryError -XX:HeapDumpPath=c:\Users\casa\AppData\Roaming\Code\User\workspaceStorage\665df44647f87030839176bb3c884ccb\redhat.java -Daether.dependencyCollector.impl=bf 
java_command: c:\Users\casa\.vscode\extensions\redhat.java-1.33.0-win32-x64\server\plugins\org.eclipse.equinox.launcher_1.6.900.v20240613-2009.jar -configuration c:\Users\casa\AppData\Roaming\Code\User\globalStorage\redhat.java\1.33.0\config_win -data c:\Users\casa\AppData\Roaming\Code\User\workspaceStorage\665df44647f87030839176bb3c884ccb\redhat.java\jdt_ws --pipe=\\.\pipe\lsp-da59d3c33958e63b3de91b69be7c356f-sock
java_class_path (initial): c:\Users\casa\.vscode\extensions\redhat.java-1.33.0-win32-x64\server\plugins\org.eclipse.equinox.launcher_1.6.900.v20240613-2009.jar
Launcher Type: SUN_STANDARD

[Global flags]
    uintx AdaptiveSizePolicyWeight                 = 90                                        {product} {command line}
     intx CICompilerCount                          = 12                                        {product} {ergonomic}
    uintx GCTimeRatio                              = 4                                         {product} {command line}
     bool HeapDumpOnOutOfMemoryError               = true                                   {manageable} {command line}
    ccstr HeapDumpPath                             = c:\Users\casa\AppData\Roaming\Code\User\workspaceStorage\665df44647f87030839176bb3c884ccb\redhat.java         {manageable} {command line}
   size_t InitialHeapSize                          = 104857600                                 {product} {command line}
   size_t MaxHeapSize                              = 1073741824                                {product} {command line}
   size_t MaxNewSize                               = 357564416                                 {product} {ergonomic}
   size_t MinHeapDeltaBytes                        = 524288                                    {product} {ergonomic}
   size_t MinHeapSize                              = 104857600                                 {product} {command line}
   size_t NewSize                                  = 34603008                                  {product} {ergonomic}
    uintx NonNMethodCodeHeapSize                   = 7602480                                {pd product} {ergonomic}
    uintx NonProfiledCodeHeapSize                  = 122027880                              {pd product} {ergonomic}
   size_t OldSize                                  = 70254592                                  {product} {ergonomic}
    uintx ProfiledCodeHeapSize                     = 122027880                              {pd product} {ergonomic}
    uintx ReservedCodeCacheSize                    = 251658240                              {pd product} {ergonomic}
     bool SegmentedCodeCache                       = true                                      {product} {ergonomic}
   size_t SoftMaxHeapSize                          = 1073741824                             {manageable} {ergonomic}
     bool UseCompressedClassPointers               = true                           {product lp64_product} {ergonomic}
     bool UseCompressedOops                        = true                           {product lp64_product} {ergonomic}
     bool UseLargePagesIndividualAllocation        = false                                  {pd product} {ergonomic}
     bool UseParallelGC                            = true                                      {product} {command line}

Logging:
Log output configuration:
 #0: stdout all=off uptime,level,tags
 #1: stderr all=off uptime,level,tags

Environment Variables:
JAVA_HOME=D:\bk compu\bk compu\bk compu\vv\java\jdk-17.0.12
PATH=C:\Program Files\Common Files\Oracle\Java\javapath;C:\Windows\system32;C:\Windows;C:\Windows\System32\Wbem;C:\Windows\System32\WindowsPowerShell\v1.0\;C:\Windows\System32\OpenSSH\;C:\Program Files\NVIDIA Corporation\NVIDIA app\NvDLISR;C:\Program Files (x86)\NVIDIA Corporation\PhysX\Common;C:\Program Files\dotnet\;%JAVA_HOME%\bin;D:\bk compu\bk compu\bk compu\vv\java\gradle-8.9\bin;D:\bk compu\bk compu\bk compu\vv\java\selenium;C:\Program Files\nodejs\;C:\Program Files\Git\cmd;C:\Users\casa\AppData\Local\Microsoft\WindowsApps;D:\Users\casa\AppData\Local\Programs\Microsoft VS Code\bin;C:\Users\casa\AppData\Roaming\npm
USERNAME=casa
OS=Windows_NT
PROCESSOR_IDENTIFIER=AMD64 Family 23 Model 113 Stepping 0, AuthenticAMD
TMP=C:\Users\casa\AppData\Local\Temp
TEMP=C:\Users\casa\AppData\Local\Temp



Periodic native trim disabled


---------------  S Y S T E M  ---------------

OS:
 Windows 10 , 64 bit Build 19041 (10.0.19041.4597)
OS uptime: 4 days 1:38 hours

CPU: total 16 (initial active 16) (16 cores per cpu, 2 threads per core) family 23 model 113 stepping 0 microcode 0x0, cx8, cmov, fxsr, ht, mmx, 3dnowpref, sse, sse2, sse3, ssse3, sse4a, sse4.1, sse4.2, popcnt, lzcnt, tsc, tscinvbit, avx, avx2, aes, clmul, bmi1, bmi2, adx, sha, fma, vzeroupper, clflush, clflushopt
Processor Information for all 16 processors :
  Max Mhz: 3600, Current Mhz: 3600, Mhz Limit: 3600

Memory: 4k page, system-wide physical 16331M (3607M free)
TotalPageFile size 18379M (AvailPageFile size 7M)
current process WorkingSet (physical memory assigned to process): 758M, peak: 830M
current process commit charge ("private bytes"): 758M, peak: 1154M

vm_info: OpenJDK 64-Bit Server VM (17.0.11+9) for windows-amd64 JRE (17.0.11+9), built on Apr 17 2024 06:07:48 by "admin" with MS VC++ 16.10 / 16.11 (VS2019)

END.
