#
# There is insufficient memory for the Java Runtime Environment to continue.
# Native memory allocation (malloc) failed to allocate 199616 bytes for Chunk::new
# Possible reasons:
#   The system is out of physical RAM or swap space
#   The process is running with CompressedOops enabled, and the Java Heap may be blocking the growth of the native heap
# Possible solutions:
#   Reduce memory load on the system
#   Increase physical memory or swap space
#   Check if swap backing store is full
#   Decrease Java heap size (-Xmx/-Xms)
#   Decrease number of Java threads
#   Decrease Java thread stack sizes (-Xss)
#   Set larger code cache with -XX:ReservedCodeCacheSize=
#   JVM is running with Unscaled Compressed Oops mode in which the Java heap is
#     placed in the first 4GB address space. The Java Heap base address is the
#     maximum limit for the native heap growth. Please use -XX:HeapBaseMinAddress
#     to set the Java Heap base and to place the Java Heap above 4GB virtual address.
# This output file may be truncated or incomplete.
#
#  Out of Memory Error (arena.cpp:189), pid=14380, tid=11860
#
# JRE version: Java(TM) SE Runtime Environment (17.0.12+8) (build 17.0.12+8-LTS-286)
# Java VM: Java HotSpot(TM) 64-Bit Server VM (17.0.12+8-LTS-286, mixed mode, sharing, tiered, compressed oops, compressed class ptrs, g1 gc, windows-amd64)
# No core dump will be written. Minidumps are not enabled by default on client versions of Windows
#

---------------  S U M M A R Y ------------

Command Line: -Dcucumber.options -Dfile.separator=\ -Djava.class.version=61.0 -Djava.home=D:\bk compu\bk compu\bk compu\vv\java\jdk-17.0.12 -Djava.library.path=D:\bk compu\bk compu\bk compu\vv\java\jdk-17.0.12\bin;C:\Windows\Sun\Java\bin;C:\Windows\system32;C:\Windows;C:\Program Files\Common Files\Oracle\Java\javapath;C:\Windows\system32;C:\Windows;C:\Windows\System32\Wbem;C:\Windows\System32\WindowsPowerShell\v1.0\;C:\Windows\System32\OpenSSH\;C:\Program Files\NVIDIA Corporation\NVIDIA app\NvDLISR;C:\Program Files (x86)\NVIDIA Corporation\PhysX\Common;C:\Program Files\dotnet\;%JAVA_HOME%\bin;D:\bk compu\bk compu\bk compu\vv\java\gradle-8.9\bin;D:\bk compu\bk compu\bk compu\vv\java\selenium;C:\Program Files\nodejs\;C:\Program Files\Git\cmd;C:\Users\casa\AppData\Local\Microsoft\WindowsApps;D:\Users\casa\AppData\Local\Programs\Microsoft VS Code\bin;C:\Users\casa\AppData\Roaming\npm;. -Djava.runtime.name=Java(TM) SE Runtime Environment -Djava.runtime.version=17.0.12+8-LTS-286 -Djava.specification.name=Java Platform API Specification -Djava.specification.vendor=Oracle Corporation -Djava.specification.version=17 -Djava.vendor=Oracle Corporation -Djava.vendor.url=https://java.oracle.com/ -Djava.vendor.url.bug=https://bugreport.java.com/bugreport/ -Djava.version=17.0.12 -Djava.version.date=2024-07-16 -Djava.vm.compressedOopsMode=32-bit -Djava.vm.info=mixed mode, sharing -Djava.vm.name=Java HotSpot(TM) 64-Bit Server VM -Djava.vm.specification.name=Java Virtual Machine Specification -Djava.vm.specification.vendor=Oracle Corporation -Djava.vm.specification.version=17 -Djava.vm.vendor=Oracle Corporation -Djava.vm.version=17.0.12+8-LTS-286 -Djdk.debug=release -Dlibrary.jansi.path=C:\Users\casa\.gradle\native\jansi\1.18\windows64 -Dline.separator=
 -Dnative.encoding=Cp1252 -Dorg.gradle.appname=gradle -Dorg.gradle.internal.worker.tmpdir=D:\bk compu\bk compu\bk compu\automation\proyectos\holo\build\tmp\test\work -Dos.arch=amd64 -Dos.name=Windows 10 -Dos.version=10.0 -Dpath.separator=; -Dsun.arch.data.model=64 -Dsun.boot.library.path=D:\bk compu\bk compu\bk compu\vv\java\jdk-17.0.12\bin -Dsun.cpu.endian=little -Dsun.cpu.isalist=amd64 -Dsun.io.unicode.encoding=UnicodeLittle -Dsun.jnu.encoding=Cp1252 -Dsun.management.compiler=HotSpot 64-Bit Tiered Compilers -Dsun.os.patch.level -Duser.dir=D:\bk compu\bk compu\bk compu\automation\proyectos\holo -Duser.home=C:\Users\casa -Duser.name=casa -Duser.script -Duser.timezone=America/Buenos_Aires -Xmx512m -Dfile.encoding=Cp1252 -Djava.io.tmpdir=C:\Users\casa\AppData\Local\Temp\ -Duser.country=419 -Duser.language=es -Duser.variant -ea worker.org.gradle.process.internal.worker.GradleWorkerMain 'Gradle Test Executor 8'

Host: AMD Ryzen 7 3700X 8-Core Processor             , 16 cores, 15G,  Windows 10 , 64 bit Build 19041 (10.0.19041.4597)
Time: Fri Aug  9 16:39:10 2024 Hora estándar de Argentina elapsed time: 4.058753 seconds (0d 0h 0m 4s)

---------------  T H R E A D  ---------------

Current thread (0x000002806456af00):  JavaThread "C2 CompilerThread1" daemon [_thread_in_native, id=11860, stack(0x000000ea71100000,0x000000ea71200000)]


Current CompileTask:
C2:   4058 3436       4       sun.nio.cs.UTF_8$Decoder::decodeArrayLoop (688 bytes)

Stack: [0x000000ea71100000,0x000000ea71200000]
Native frames: (J=compiled Java code, j=interpreted, Vv=VM code, C=native code)
V  [jvm.dll+0x67a04a]
V  [jvm.dll+0x7da4ed]
V  [jvm.dll+0x7dbe33]
V  [jvm.dll+0x7dc4a3]
V  [jvm.dll+0x24508f]
V  [jvm.dll+0xab773]
V  [jvm.dll+0xabd3c]
V  [jvm.dll+0x2aa52f]
V  [jvm.dll+0x581eb9]
V  [jvm.dll+0x21f422]
V  [jvm.dll+0x2184c2]
V  [jvm.dll+0x215b65]
V  [jvm.dll+0x1a2960]
V  [jvm.dll+0x22610b]
V  [jvm.dll+0x2242ab]
V  [jvm.dll+0x79075c]
V  [jvm.dll+0x78abea]
V  [jvm.dll+0x678f35]
C  [ucrtbase.dll+0x21bb2]
C  [KERNEL32.DLL+0x17374]
C  [ntdll.dll+0x4cc91]


---------------  P R O C E S S  ---------------

Threads class SMR info:
_java_thread_list=0x000002806533bea0, length=30, elements={
0x0000028002475500, 0x000002801d83e420, 0x000002801d83ff00, 0x000002801d85f700,
0x000002801d8601d0, 0x000002801d862bb0, 0x000002801d863480, 0x000002801d86a480,
0x000002801d86c7c0, 0x000002801d86d0d0, 0x000002801daee580, 0x000002801daf4460,
0x0000028063636730, 0x0000028063cd28e0, 0x00000280636e69f0, 0x0000028064c43310,
0x0000028064c1e570, 0x0000028064c1db50, 0x0000028064c1c200, 0x0000028064c1d130,
0x0000028064c1e060, 0x0000028064c1c710, 0x0000028064c1cc20, 0x0000028064c1d640,
0x0000028064c1ea80, 0x0000028064c1ef90, 0x0000028064c1f4a0, 0x0000028064c1f9b0,
0x00000280644d8a50, 0x000002806456af00
}

Java Threads: ( => current thread )
  0x0000028002475500 JavaThread "Test worker" [_thread_in_native, id=22572, stack(0x000000ea6dd00000,0x000000ea6de00000)]
  0x000002801d83e420 JavaThread "Reference Handler" daemon [_thread_blocked, id=14020, stack(0x000000ea6e400000,0x000000ea6e500000)]
  0x000002801d83ff00 JavaThread "Finalizer" daemon [_thread_blocked, id=10676, stack(0x000000ea6e500000,0x000000ea6e600000)]
  0x000002801d85f700 JavaThread "Signal Dispatcher" daemon [_thread_blocked, id=19112, stack(0x000000ea6e600000,0x000000ea6e700000)]
  0x000002801d8601d0 JavaThread "Attach Listener" daemon [_thread_blocked, id=11124, stack(0x000000ea6e700000,0x000000ea6e800000)]
  0x000002801d862bb0 JavaThread "Service Thread" daemon [_thread_blocked, id=24224, stack(0x000000ea6e800000,0x000000ea6e900000)]
  0x000002801d863480 JavaThread "Monitor Deflation Thread" daemon [_thread_blocked, id=21748, stack(0x000000ea6e900000,0x000000ea6ea00000)]
  0x000002801d86a480 JavaThread "C2 CompilerThread0" daemon [_thread_blocked, id=9400, stack(0x000000ea6ea00000,0x000000ea6eb00000)]
  0x000002801d86c7c0 JavaThread "C1 CompilerThread0" daemon [_thread_blocked, id=10264, stack(0x000000ea6eb00000,0x000000ea6ec00000)]
  0x000002801d86d0d0 JavaThread "Sweeper thread" daemon [_thread_blocked, id=9928, stack(0x000000ea6ec00000,0x000000ea6ed00000)]
  0x000002801daee580 JavaThread "Notification Thread" daemon [_thread_blocked, id=11476, stack(0x000000ea6ee00000,0x000000ea6ef00000)]
  0x000002801daf4460 JavaThread "Common-Cleaner" daemon [_thread_blocked, id=22696, stack(0x000000ea6f000000,0x000000ea6f100000)]
  0x0000028063636730 JavaThread "/127.0.0.1:51406 to /127.0.0.1:51405 workers" [_thread_blocked, id=8924, stack(0x000000ea6f500000,0x000000ea6f600000)]
  0x0000028063cd28e0 JavaThread "/127.0.0.1:51406 to /127.0.0.1:51405 workers Thread 2" [_thread_blocked, id=18604, stack(0x000000ea6f600000,0x000000ea6f700000)]
  0x00000280636e69f0 JavaThread "/127.0.0.1:51406 to /127.0.0.1:51405 workers Thread 3" [_thread_in_native, id=16148, stack(0x000000ea6f700000,0x000000ea6f800000)]
  0x0000028064c43310 JavaThread "ForkJoinPool.commonPool-worker-1" daemon [_thread_blocked, id=21832, stack(0x000000ea70700000,0x000000ea70800000)]
  0x0000028064c1e570 JavaThread "HttpClient-1-SelectorManager" daemon [_thread_in_native, id=11428, stack(0x000000ea70800000,0x000000ea70900000)]
  0x0000028064c1db50 JavaThread "External Process Output Forwarder - C:\Users\casa\.cache\selenium\chromedriver\win64\127.0.6533.99\chromedriver.exe" daemon [_thread_in_native, id=11356, stack(0x000000ea70b00000,0x000000ea70c00000)]
  0x0000028064c1c200 JavaThread "Driver Service Executor" daemon [_thread_blocked, id=15860, stack(0x000000ea70c00000,0x000000ea70d00000)]
  0x0000028064c1d130 JavaThread "Driver Service Executor" daemon [_thread_in_native, id=9512, stack(0x000000ea70d00000,0x000000ea70e00000)]
  0x0000028064c1e060 JavaThread "UrlChecker-2" daemon [_thread_blocked, id=23576, stack(0x000000ea6f300000,0x000000ea6f400000)]
  0x0000028064c1c710 JavaThread "Keep-Alive-Timer" daemon [_thread_blocked, id=11536, stack(0x000000ea6f800000,0x000000ea6f900000)]
  0x0000028064c1cc20 JavaThread "JdkHttpClient-0-0" daemon [_thread_blocked, id=4008, stack(0x000000ea70600000,0x000000ea70700000)]
  0x0000028064c1d640 JavaThread "JdkHttpClient-0-1" daemon [_thread_blocked, id=11412, stack(0x000000ea70e00000,0x000000ea70f00000)]
  0x0000028064c1ea80 JavaThread "JdkHttpClient-0-2" daemon [_thread_blocked, id=756, stack(0x000000ea70f00000,0x000000ea71000000)]
  0x0000028064c1ef90 JavaThread "HttpClient-2-SelectorManager" daemon [_thread_in_native, id=3136, stack(0x000000ea6ed00000,0x000000ea6ee00000)]
  0x0000028064c1f4a0 JavaThread "JdkHttpClient-1-0" daemon [_thread_blocked, id=13596, stack(0x000000ea6f100000,0x000000ea6f200000)]
  0x0000028064c1f9b0 JavaThread "JdkHttpClient-1-1" daemon [_thread_blocked, id=12080, stack(0x000000ea6f200000,0x000000ea6f300000)]
  0x00000280644d8a50 JavaThread "JdkHttpClient-1-2" daemon [_thread_blocked, id=14084, stack(0x000000ea71000000,0x000000ea71100000)]
=>0x000002806456af00 JavaThread "C2 CompilerThread1" daemon [_thread_in_native, id=11860, stack(0x000000ea71100000,0x000000ea71200000)]

Other Threads:
  0x000002801d83aea0 VMThread "VM Thread" [stack: 0x000000ea6e300000,0x000000ea6e400000] [id=24188]
  0x00000280024c4840 WatcherThread [stack: 0x000000ea6ef00000,0x000000ea6f000000] [id=22372]
  0x00000280024aa0d0 GCTaskThread "GC Thread#0" [stack: 0x000000ea6de00000,0x000000ea6df00000] [id=23928]
  0x000002801dd67240 GCTaskThread "GC Thread#1" [stack: 0x000000ea6f900000,0x000000ea6fa00000] [id=14200]
  0x000002801dd656c0 GCTaskThread "GC Thread#2" [stack: 0x000000ea6fa00000,0x000000ea6fb00000] [id=11624]
  0x000002801dd65980 GCTaskThread "GC Thread#3" [stack: 0x000000ea6fb00000,0x000000ea6fc00000] [id=24448]
  0x000002801dd661c0 GCTaskThread "GC Thread#4" [stack: 0x000000ea6fc00000,0x000000ea6fd00000] [id=18600]
  0x000002801dd65c40 GCTaskThread "GC Thread#5" [stack: 0x000000ea6fd00000,0x000000ea6fe00000] [id=11452]
  0x000002801dd66a00 GCTaskThread "GC Thread#6" [stack: 0x000000ea6fe00000,0x000000ea6ff00000] [id=20640]
  0x000002801dd65f00 GCTaskThread "GC Thread#7" [stack: 0x000000ea6ff00000,0x000000ea70000000] [id=10848]
  0x000002801dd66480 GCTaskThread "GC Thread#8" [stack: 0x000000ea70000000,0x000000ea70100000] [id=16780]
  0x000002801dd66740 GCTaskThread "GC Thread#9" [stack: 0x000000ea70200000,0x000000ea70300000] [id=3696]
  0x00000280646743e0 GCTaskThread "GC Thread#10" [stack: 0x000000ea70300000,0x000000ea70400000] [id=19760]
  0x00000280646764e0 GCTaskThread "GC Thread#11" [stack: 0x000000ea70400000,0x000000ea70500000] [id=11776]
  0x0000028064674ee0 GCTaskThread "GC Thread#12" [stack: 0x000000ea70500000,0x000000ea70600000] [id=18924]
  0x00000280024addc0 ConcurrentGCThread "G1 Main Marker" [stack: 0x000000ea6df00000,0x000000ea6e000000] [id=5064]
  0x00000280024af330 ConcurrentGCThread "G1 Conc#0" [stack: 0x000000ea6e000000,0x000000ea6e100000] [id=8696]
  0x0000028064673ba0 ConcurrentGCThread "G1 Conc#1" [stack: 0x000000ea70900000,0x000000ea70a00000] [id=20948]
  0x0000028064674c20 ConcurrentGCThread "G1 Conc#2" [stack: 0x000000ea70a00000,0x000000ea70b00000] [id=16192]
  0x000002801d6f6170 ConcurrentGCThread "G1 Refine#0" [stack: 0x000000ea6e100000,0x000000ea6e200000] [id=23172]
  0x000002806400a250 ConcurrentGCThread "G1 Refine#1" [stack: 0x000000ea70100000,0x000000ea70200000] [id=852]
  0x000002801d6f6950 ConcurrentGCThread "G1 Service" [stack: 0x000000ea6e200000,0x000000ea6e300000] [id=8332]

Threads with active compile tasks:
C2 CompilerThread1     4071 3436       4       sun.nio.cs.UTF_8$Decoder::decodeArrayLoop (688 bytes)

VM state: not at safepoint (normal execution)

VM Mutex/Monitor currently owned by a thread: None

Heap address: 0x00000000e0000000, size: 512 MB, Compressed Oops mode: 32-bit

CDS archive(s) mapped at: [0x000002801e000000-0x000002801ebd0000-0x000002801ebd0000), size 12386304, SharedBaseAddress: 0x000002801e000000, ArchiveRelocationMode: 1.
Compressed class space mapped at: 0x000002801f000000-0x000002805f000000, reserved size: 1073741824
Narrow klass base: 0x000002801e000000, Narrow klass shift: 0, Narrow klass range: 0x100000000

GC Precious Log:
 CPUs: 16 total, 16 available
 Memory: 16331M
 Large Page Support: Disabled
 NUMA Support: Disabled
 Compressed Oops: Enabled (32-bit)
 Heap Region Size: 1M
 Heap Min Capacity: 8M
 Heap Initial Capacity: 256M
 Heap Max Capacity: 512M
 Pre-touch: Disabled
 Parallel Workers: 13
 Concurrent Workers: 3
 Concurrent Refinement Workers: 13
 Periodic GC: Disabled

Heap:
 garbage-first heap   total 61440K, used 37525K [0x00000000e0000000, 0x0000000100000000)
  region size 1024K, 32 young (32768K), 10 survivors (10240K)
 Metaspace       used 26378K, committed 26816K, reserved 1114112K
  class space    used 3336K, committed 3520K, reserved 1048576K

Heap Regions: E=young(eden), S=young(survivor), O=old, HS=humongous(starts), HC=humongous(continues), CS=collection set, F=free, OA=open archive, CA=closed archive, TAMS=top-at-mark-start (previous, next)
|   0|0x00000000e0000000, 0x00000000e0100000, 0x00000000e0100000|100%| O|  |TAMS 0x00000000e0100000, 0x00000000e0000000| Untracked 
|   1|0x00000000e0100000, 0x00000000e0200000, 0x00000000e0200000|100%| O|  |TAMS 0x00000000e0200000, 0x00000000e0100000| Untracked 
|   2|0x00000000e0200000, 0x00000000e0300000, 0x00000000e0300000|100%| O|  |TAMS 0x00000000e0300000, 0x00000000e0200000| Untracked 
|   3|0x00000000e0300000, 0x00000000e0400000, 0x00000000e0400000|100%| O|  |TAMS 0x00000000e0400000, 0x00000000e0300000| Untracked 
|   4|0x00000000e0400000, 0x00000000e0500000, 0x00000000e0500000|100%| O|  |TAMS 0x00000000e0500000, 0x00000000e0400000| Untracked 
|   5|0x00000000e0500000, 0x00000000e0600000, 0x00000000e0600000|100%| O|  |TAMS 0x00000000e0600000, 0x00000000e0500000| Untracked 
|   6|0x00000000e0600000, 0x00000000e069be00, 0x00000000e0700000| 60%| O|  |TAMS 0x00000000e069be00, 0x00000000e0600000| Complete 
|   7|0x00000000e0700000, 0x00000000e0700000, 0x00000000e0800000|  0%| F|  |TAMS 0x00000000e0700000, 0x00000000e0700000| Untracked 
|   8|0x00000000e0800000, 0x00000000e0800000, 0x00000000e0900000|  0%| F|  |TAMS 0x00000000e0800000, 0x00000000e0800000| Untracked 
|   9|0x00000000e0900000, 0x00000000e0900000, 0x00000000e0a00000|  0%| F|  |TAMS 0x00000000e0900000, 0x00000000e0900000| Untracked 
|  10|0x00000000e0a00000, 0x00000000e0a00000, 0x00000000e0b00000|  0%| F|  |TAMS 0x00000000e0a00000, 0x00000000e0a00000| Untracked 
|  11|0x00000000e0b00000, 0x00000000e0b00000, 0x00000000e0c00000|  0%| F|  |TAMS 0x00000000e0b00000, 0x00000000e0b00000| Untracked 
|  12|0x00000000e0c00000, 0x00000000e0c00000, 0x00000000e0d00000|  0%| F|  |TAMS 0x00000000e0c00000, 0x00000000e0c00000| Untracked 
|  13|0x00000000e0d00000, 0x00000000e0d00000, 0x00000000e0e00000|  0%| F|  |TAMS 0x00000000e0d00000, 0x00000000e0d00000| Untracked 
|  14|0x00000000e0e00000, 0x00000000e0e00000, 0x00000000e0f00000|  0%| F|  |TAMS 0x00000000e0e00000, 0x00000000e0e00000| Untracked 
|  15|0x00000000e0f00000, 0x00000000e0f00000, 0x00000000e1000000|  0%| F|  |TAMS 0x00000000e0f00000, 0x00000000e0f00000| Untracked 
|  16|0x00000000e1000000, 0x00000000e1000000, 0x00000000e1100000|  0%| F|  |TAMS 0x00000000e1000000, 0x00000000e1000000| Untracked 
|  17|0x00000000e1100000, 0x00000000e1100000, 0x00000000e1200000|  0%| F|  |TAMS 0x00000000e1100000, 0x00000000e1100000| Untracked 
|  18|0x00000000e1200000, 0x00000000e1200000, 0x00000000e1300000|  0%| F|  |TAMS 0x00000000e1200000, 0x00000000e1200000| Untracked 
|  19|0x00000000e1300000, 0x00000000e1300000, 0x00000000e1400000|  0%| F|  |TAMS 0x00000000e1300000, 0x00000000e1300000| Untracked 
|  20|0x00000000e1400000, 0x00000000e1400000, 0x00000000e1500000|  0%| F|  |TAMS 0x00000000e1400000, 0x00000000e1400000| Untracked 
|  21|0x00000000e1500000, 0x00000000e1500000, 0x00000000e1600000|  0%| F|  |TAMS 0x00000000e1500000, 0x00000000e1500000| Untracked 
|  22|0x00000000e1600000, 0x00000000e1600000, 0x00000000e1700000|  0%| F|  |TAMS 0x00000000e1600000, 0x00000000e1600000| Untracked 
|  23|0x00000000e1700000, 0x00000000e1700000, 0x00000000e1800000|  0%| F|  |TAMS 0x00000000e1700000, 0x00000000e1700000| Untracked 
|  24|0x00000000e1800000, 0x00000000e1800000, 0x00000000e1900000|  0%| F|  |TAMS 0x00000000e1800000, 0x00000000e1800000| Untracked 
|  25|0x00000000e1900000, 0x00000000e1900000, 0x00000000e1a00000|  0%| F|  |TAMS 0x00000000e1900000, 0x00000000e1900000| Untracked 
|  26|0x00000000e1a00000, 0x00000000e1a00000, 0x00000000e1b00000|  0%| F|  |TAMS 0x00000000e1a00000, 0x00000000e1a00000| Untracked 
|  27|0x00000000e1b00000, 0x00000000e1b00000, 0x00000000e1c00000|  0%| F|  |TAMS 0x00000000e1b00000, 0x00000000e1b00000| Untracked 
|  28|0x00000000e1c00000, 0x00000000e1d00000, 0x00000000e1d00000|100%| E|  |TAMS 0x00000000e1c00000, 0x00000000e1c00000| Complete 
|  29|0x00000000e1d00000, 0x00000000e1e00000, 0x00000000e1e00000|100%| E|CS|TAMS 0x00000000e1d00000, 0x00000000e1d00000| Complete 
|  30|0x00000000e1e00000, 0x00000000e1f00000, 0x00000000e1f00000|100%| E|CS|TAMS 0x00000000e1e00000, 0x00000000e1e00000| Complete 
|  31|0x00000000e1f00000, 0x00000000e2000000, 0x00000000e2000000|100%| E|CS|TAMS 0x00000000e1f00000, 0x00000000e1f00000| Complete 
|  32|0x00000000e2000000, 0x00000000e2100000, 0x00000000e2100000|100%| E|CS|TAMS 0x00000000e2000000, 0x00000000e2000000| Complete 
|  33|0x00000000e2100000, 0x00000000e2200000, 0x00000000e2200000|100%| E|CS|TAMS 0x00000000e2100000, 0x00000000e2100000| Complete 
|  34|0x00000000e2200000, 0x00000000e2300000, 0x00000000e2300000|100%| E|CS|TAMS 0x00000000e2200000, 0x00000000e2200000| Complete 
|  35|0x00000000e2300000, 0x00000000e2400000, 0x00000000e2400000|100%| E|CS|TAMS 0x00000000e2300000, 0x00000000e2300000| Complete 
|  36|0x00000000e2400000, 0x00000000e2500000, 0x00000000e2500000|100%| E|CS|TAMS 0x00000000e2400000, 0x00000000e2400000| Complete 
|  37|0x00000000e2500000, 0x00000000e2600000, 0x00000000e2600000|100%| E|CS|TAMS 0x00000000e2500000, 0x00000000e2500000| Complete 
|  38|0x00000000e2600000, 0x00000000e2700000, 0x00000000e2700000|100%| E|CS|TAMS 0x00000000e2600000, 0x00000000e2600000| Complete 
|  39|0x00000000e2700000, 0x00000000e2800000, 0x00000000e2800000|100%| E|CS|TAMS 0x00000000e2700000, 0x00000000e2700000| Complete 
|  40|0x00000000e2800000, 0x00000000e2900000, 0x00000000e2900000|100%| E|CS|TAMS 0x00000000e2800000, 0x00000000e2800000| Complete 
|  41|0x00000000e2900000, 0x00000000e2a00000, 0x00000000e2a00000|100%| E|CS|TAMS 0x00000000e2900000, 0x00000000e2900000| Complete 
|  42|0x00000000e2a00000, 0x00000000e2b00000, 0x00000000e2b00000|100%| E|CS|TAMS 0x00000000e2a00000, 0x00000000e2a00000| Complete 
|  43|0x00000000e2b00000, 0x00000000e2c00000, 0x00000000e2c00000|100%| E|CS|TAMS 0x00000000e2b00000, 0x00000000e2b00000| Complete 
|  44|0x00000000e2c00000, 0x00000000e2d00000, 0x00000000e2d00000|100%| E|CS|TAMS 0x00000000e2c00000, 0x00000000e2c00000| Complete 
|  45|0x00000000e2d00000, 0x00000000e2e00000, 0x00000000e2e00000|100%| E|CS|TAMS 0x00000000e2d00000, 0x00000000e2d00000| Complete 
|  46|0x00000000e2e00000, 0x00000000e2f00000, 0x00000000e2f00000|100%| E|CS|TAMS 0x00000000e2e00000, 0x00000000e2e00000| Complete 
|  47|0x00000000e2f00000, 0x00000000e3000000, 0x00000000e3000000|100%| E|CS|TAMS 0x00000000e2f00000, 0x00000000e2f00000| Complete 
|  48|0x00000000e3000000, 0x00000000e3100000, 0x00000000e3100000|100%| E|CS|TAMS 0x00000000e3000000, 0x00000000e3000000| Complete 
| 205|0x00000000ecd00000, 0x00000000ecd096d0, 0x00000000ece00000|  3%| S|CS|TAMS 0x00000000ecd00000, 0x00000000ecd00000| Complete 
| 206|0x00000000ece00000, 0x00000000ecf00000, 0x00000000ecf00000|100%| S|CS|TAMS 0x00000000ece00000, 0x00000000ece00000| Complete 
| 207|0x00000000ecf00000, 0x00000000ed000000, 0x00000000ed000000|100%| S|CS|TAMS 0x00000000ecf00000, 0x00000000ecf00000| Complete 
| 208|0x00000000ed000000, 0x00000000ed100000, 0x00000000ed100000|100%| S|CS|TAMS 0x00000000ed000000, 0x00000000ed000000| Complete 
| 209|0x00000000ed100000, 0x00000000ed200000, 0x00000000ed200000|100%| S|CS|TAMS 0x00000000ed100000, 0x00000000ed100000| Complete 
| 210|0x00000000ed200000, 0x00000000ed300000, 0x00000000ed300000|100%| S|CS|TAMS 0x00000000ed200000, 0x00000000ed200000| Complete 
| 211|0x00000000ed300000, 0x00000000ed400000, 0x00000000ed400000|100%| S|CS|TAMS 0x00000000ed300000, 0x00000000ed300000| Complete 
| 212|0x00000000ed400000, 0x00000000ed500000, 0x00000000ed500000|100%| S|CS|TAMS 0x00000000ed400000, 0x00000000ed400000| Complete 
| 213|0x00000000ed500000, 0x00000000ed600000, 0x00000000ed600000|100%| S|CS|TAMS 0x00000000ed500000, 0x00000000ed500000| Complete 
| 214|0x00000000ed600000, 0x00000000ed700000, 0x00000000ed700000|100%| S|CS|TAMS 0x00000000ed600000, 0x00000000ed600000| Complete 
| 255|0x00000000eff00000, 0x00000000f0000000, 0x00000000f0000000|100%| E|CS|TAMS 0x00000000eff00000, 0x00000000eff00000| Complete 

Card table byte_map: [0x00000280196a0000,0x00000280197a0000] _byte_map_base: 0x0000028018fa0000

Marking Bits (Prev, Next): (CMBitMap*) 0x00000280024ab4f0, (CMBitMap*) 0x00000280024ab4b0
 Prev Bits: [0x000002801a0a0000, 0x000002801a8a0000)
 Next Bits: [0x00000280198a0000, 0x000002801a0a0000)

Polling page: 0x0000028000410000

Metaspace:

Usage:
  Non-class:     22.50 MB used.
      Class:      3.26 MB used.
       Both:     25.76 MB used.

Virtual space:
  Non-class space:       64.00 MB reserved,      22.75 MB ( 36%) committed,  1 nodes.
      Class space:        1.00 GB reserved,       3.44 MB ( <1%) committed,  1 nodes.
             Both:        1.06 GB reserved,      26.19 MB (  2%) committed. 

Chunk freelists:
   Non-Class:  8.61 MB
       Class:  12.58 MB
        Both:  21.19 MB

MaxMetaspaceSize: unlimited
CompressedClassSpaceSize: 1.00 GB
Initial GC threshold: 21.00 MB
Current GC threshold: 35.12 MB
CDS: on
MetaspaceReclaimPolicy: balanced
 - commit_granule_bytes: 65536.
 - commit_granule_words: 8192.
 - virtual_space_node_default_size: 8388608.
 - enlarge_chunks_in_place: 1.
 - new_chunks_are_fully_committed: 0.
 - uncommit_free_chunks: 1.
 - use_allocation_guard: 0.
 - handle_deallocations: 1.


Internal statistics:

num_allocs_failed_limit: 3.
num_arena_births: 368.
num_arena_deaths: 0.
num_vsnodes_births: 2.
num_vsnodes_deaths: 0.
num_space_committed: 419.
num_space_uncommitted: 0.
num_chunks_returned_to_freelist: 3.
num_chunks_taken_from_freelist: 1132.
num_chunk_merges: 0.
num_chunk_splits: 727.
num_chunks_enlarged: 508.
num_inconsistent_stats: 0.

CodeHeap 'non-profiled nmethods': size=119168Kb used=1626Kb max_used=1626Kb free=117541Kb
 bounds [0x00000280118c0000, 0x0000028011b30000, 0x0000028018d20000]
CodeHeap 'profiled nmethods': size=119104Kb used=7242Kb max_used=7242Kb free=111861Kb
 bounds [0x0000028009d20000, 0x000002800a440000, 0x0000028011170000]
CodeHeap 'non-nmethods': size=7488Kb used=1257Kb max_used=2982Kb free=6230Kb
 bounds [0x0000028011170000, 0x0000028011470000, 0x00000280118c0000]
 total_blobs=3998 nmethods=3435 adapters=475
 compilation: enabled
              stopped_count=0, restarted_count=0
 full_count=0

Compilation events (20 events):
Event: 4.047 Thread 0x000002801d86c7c0 3419       3       java.io.FilterInputStream::read (11 bytes)
Event: 4.047 Thread 0x000002801d86c7c0 nmethod 3419 0x000002800a42ec10 code [0x000002800a42edc0, 0x000002800a42ef88]
Event: 4.049 Thread 0x000002801d86c7c0 3433       1       java.util.zip.ZipFile$ZipFileInputStream::size (5 bytes)
Event: 4.049 Thread 0x000002801d86c7c0 nmethod 3433 0x0000028011a53490 code [0x0000028011a53620, 0x0000028011a536f8]
Event: 4.050 Thread 0x000002801d86a480 nmethod 3424% 0x0000028011a53790 code [0x0000028011a53920, 0x0000028011a53cd8]
Event: 4.050 Thread 0x000002801d86a480 3430       4       java.lang.StringCoding::implEncodeAsciiArray (47 bytes)
Event: 4.052 Thread 0x000002801d86c7c0 3434       3       sun.nio.cs.UTF_8$Encoder::encodeArrayLoopSlow (377 bytes)
Event: 4.053 Thread 0x000002801d86c7c0 nmethod 3434 0x000002800a42f090 code [0x000002800a42f520, 0x000002800a431c88]
Event: 4.053 Thread 0x000002801d86a480 nmethod 3430 0x0000028011a53e90 code [0x0000028011a54000, 0x0000028011a54398]
Event: 4.053 Thread 0x000002801d86a480 3435       4       java.lang.String::decodeASCII (64 bytes)
Event: 4.054 Thread 0x000002806456af00 nmethod 3414% 0x0000028011a54490 code [0x0000028011a54660, 0x0000028011a55038]
Event: 4.054 Thread 0x000002806456af00 3417       4       java.io.BufferedReader::ensureOpen (18 bytes)
Event: 4.054 Thread 0x000002801d86c7c0 3437       3       sun.nio.cs.UTF_8$Decoder::isNotContinuation (17 bytes)
Event: 4.054 Thread 0x000002806456af00 nmethod 3417 0x0000028011a55990 code [0x0000028011a55b00, 0x0000028011a55b98]
Event: 4.054 Thread 0x000002806456af00 3436       4       sun.nio.cs.UTF_8$Decoder::decodeArrayLoop (688 bytes)
Event: 4.054 Thread 0x000002801d86c7c0 nmethod 3437 0x000002800a432810 code [0x000002800a4329a0, 0x000002800a432af8]
Event: 4.057 Thread 0x000002801d86a480 nmethod 3435 0x0000028011a55c90 code [0x0000028011a55e20, 0x0000028011a562b8]
Event: 4.057 Thread 0x000002801d86a480 3429       4       java.util.Objects::checkFromIndexSize (8 bytes)
Event: 4.057 Thread 0x000002801d86a480 nmethod 3429 0x0000028011a56490 code [0x0000028011a56620, 0x0000028011a56708]
Event: 4.057 Thread 0x000002801d86a480 3432       4       java.nio.Buffer::position (52 bytes)

GC Heap History (6 events):
Event: 0.462 GC heap before
{Heap before GC invocations=0 (full 0):
 garbage-first heap   total 262144K, used 23552K [0x00000000e0000000, 0x0000000100000000)
  region size 1024K, 23 young (23552K), 0 survivors (0K)
 Metaspace       used 6486K, committed 6720K, reserved 1114112K
  class space    used 855K, committed 960K, reserved 1048576K
}
Event: 0.465 GC heap after
{Heap after GC invocations=1 (full 0):
 garbage-first heap   total 262144K, used 6886K [0x00000000e0000000, 0x0000000100000000)
  region size 1024K, 3 young (3072K), 3 survivors (3072K)
 Metaspace       used 6486K, committed 6720K, reserved 1114112K
  class space    used 855K, committed 960K, reserved 1048576K
}
Event: 0.763 GC heap before
{Heap before GC invocations=1 (full 0):
 garbage-first heap   total 262144K, used 34534K [0x00000000e0000000, 0x0000000100000000)
  region size 1024K, 30 young (30720K), 3 survivors (3072K)
 Metaspace       used 12648K, committed 12864K, reserved 1114112K
  class space    used 1600K, committed 1728K, reserved 1048576K
}
Event: 0.766 GC heap after
{Heap after GC invocations=2 (full 0):
 garbage-first heap   total 262144K, used 8349K [0x00000000e0000000, 0x0000000100000000)
  region size 1024K, 2 young (2048K), 2 survivors (2048K)
 Metaspace       used 12648K, committed 12864K, reserved 1114112K
  class space    used 1600K, committed 1728K, reserved 1048576K
}
Event: 1.201 GC heap before
{Heap before GC invocations=2 (full 0):
 garbage-first heap   total 262144K, used 47261K [0x00000000e0000000, 0x0000000100000000)
  region size 1024K, 41 young (41984K), 2 survivors (2048K)
 Metaspace       used 21175K, committed 21504K, reserved 1114112K
  class space    used 2568K, committed 2752K, reserved 1048576K
}
Event: 1.206 GC heap after
{Heap after GC invocations=3 (full 0):
 garbage-first heap   total 262144K, used 16021K [0x00000000e0000000, 0x0000000100000000)
  region size 1024K, 10 young (10240K), 10 survivors (10240K)
 Metaspace       used 21175K, committed 21504K, reserved 1114112K
  class space    used 2568K, committed 2752K, reserved 1048576K
}

Deoptimization events (20 events):
Event: 4.052 Thread 0x0000028002475500 DEOPT PACKING pc=0x000002800a3d9703 sp=0x000000ea6ddfd880
Event: 4.052 Thread 0x0000028002475500 DEOPT UNPACKING pc=0x00000280111c2b43 sp=0x000000ea6ddfccf0 mode 0
Event: 4.053 Thread 0x0000028002475500 DEOPT PACKING pc=0x000002800a3d9703 sp=0x000000ea6ddfd880
Event: 4.053 Thread 0x0000028002475500 DEOPT UNPACKING pc=0x00000280111c2b43 sp=0x000000ea6ddfccf0 mode 0
Event: 4.053 Thread 0x0000028002475500 DEOPT PACKING pc=0x000002800a3d9703 sp=0x000000ea6ddfd880
Event: 4.053 Thread 0x0000028002475500 DEOPT UNPACKING pc=0x00000280111c2b43 sp=0x000000ea6ddfccf0 mode 0
Event: 4.053 Thread 0x0000028002475500 DEOPT PACKING pc=0x000002800a3d9703 sp=0x000000ea6ddfd880
Event: 4.053 Thread 0x0000028002475500 DEOPT UNPACKING pc=0x00000280111c2b43 sp=0x000000ea6ddfccf0 mode 0
Event: 4.053 Thread 0x0000028002475500 DEOPT PACKING pc=0x000002800a3d9703 sp=0x000000ea6ddfd880
Event: 4.053 Thread 0x0000028002475500 DEOPT UNPACKING pc=0x00000280111c2b43 sp=0x000000ea6ddfccf0 mode 0
Event: 4.053 Thread 0x0000028002475500 DEOPT PACKING pc=0x000002800a3d9703 sp=0x000000ea6ddfd880
Event: 4.053 Thread 0x0000028002475500 DEOPT UNPACKING pc=0x00000280111c2b43 sp=0x000000ea6ddfccf0 mode 0
Event: 4.053 Thread 0x0000028002475500 DEOPT PACKING pc=0x000002800a010de8 sp=0x000000ea6ddfd570
Event: 4.053 Thread 0x0000028002475500 DEOPT UNPACKING pc=0x00000280111c2b43 sp=0x000000ea6ddfca10 mode 0
Event: 4.054 Thread 0x0000028002475500 DEOPT PACKING pc=0x000002800a019e94 sp=0x000000ea6ddfd630
Event: 4.054 Thread 0x0000028002475500 DEOPT UNPACKING pc=0x00000280111c2b43 sp=0x000000ea6ddfcb88 mode 0
Event: 4.054 Thread 0x0000028002475500 Uncommon trap: trap_request=0xffffff45 fr.pc=0x0000028011a54db4 relative=0x0000000000000754
Event: 4.054 Thread 0x0000028002475500 Uncommon trap: reason=unstable_if action=reinterpret pc=0x0000028011a54db4 method=sun.nio.cs.UTF_8$Decoder.decodeArrayLoop(Ljava/nio/ByteBuffer;Ljava/nio/CharBuffer;)Ljava/nio/charset/CoderResult; @ 264 c2
Event: 4.054 Thread 0x0000028002475500 DEOPT PACKING pc=0x0000028011a54db4 sp=0x000000ea6ddfd730
Event: 4.054 Thread 0x0000028002475500 DEOPT UNPACKING pc=0x00000280111c23a3 sp=0x000000ea6ddfd688 mode 2

Classes unloaded (0 events):
No events

Classes redefined (0 events):
No events

Internal exceptions (20 events):
Event: 1.353 Thread 0x0000028002475500 Exception <a 'java/lang/NoSuchMethodError'{0x00000000e2fc3578}: 'java.lang.Object java.lang.invoke.DirectMethodHandle$Holder.newInvokeSpecial(java.lang.Object, java.lang.Object, int)'> (0x00000000e2fc3578) 
thrown [s\open\src\hotspot\share\interpreter\linkResolver.cpp, line 759]
Event: 1.353 Thread 0x0000028002475500 Exception <a 'java/lang/IncompatibleClassChangeError'{0x00000000e2fc77c8}: Found class java.lang.Object, but interface was expected> (0x00000000e2fc77c8) 
thrown [s\open\src\hotspot\share\interpreter\linkResolver.cpp, line 826]
Event: 1.369 Thread 0x0000028002475500 Exception <a 'java/net/SocketException'{0x00000000e2d0fd50}: Socket is not connected: shutdown> (0x00000000e2d0fd50) 
thrown [s\open\src\hotspot\share\prims\jni.cpp, line 535]
Event: 1.369 Thread 0x0000028002475500 Exception <a 'java/net/SocketException'{0x00000000e2d10890}: Socket is not connected: shutdown> (0x00000000e2d10890) 
thrown [s\open\src\hotspot\share\prims\jni.cpp, line 535]
Event: 1.401 Thread 0x0000028002475500 Exception <a 'java/lang/NoSuchMethodError'{0x00000000e2bc7990}: 'java.lang.Object java.lang.invoke.DirectMethodHandle$Holder.invokeStaticInit(java.lang.Object, java.lang.Object, int)'> (0x00000000e2bc7990) 
thrown [s\open\src\hotspot\share\interpreter\linkResolver.cpp, line 759]
Event: 1.402 Thread 0x0000028002475500 Exception <a 'java/lang/NoSuchMethodError'{0x00000000e2bd3c00}: 'int java.lang.invoke.DirectMethodHandle$Holder.invokeStaticInit(java.lang.Object, java.lang.Object, java.lang.Object)'> (0x00000000e2bd3c00) 
thrown [s\open\src\hotspot\share\interpreter\linkResolver.cpp, line 759]
Event: 1.403 Thread 0x0000028002475500 Exception <a 'java/lang/NoSuchMethodError'{0x00000000e2be8a78}: 'int java.lang.invoke.DirectMethodHandle$Holder.invokeSpecialIFC(java.lang.Object, java.lang.Object, java.lang.Object)'> (0x00000000e2be8a78) 
thrown [s\open\src\hotspot\share\interpreter\linkResolver.cpp, line 759]
Event: 1.428 Thread 0x0000028002475500 Exception <a 'java/lang/IncompatibleClassChangeError'{0x00000000e280b000}: Found class java.lang.Object, but interface was expected> (0x00000000e280b000) 
thrown [s\open\src\hotspot\share\interpreter\linkResolver.cpp, line 826]
Event: 1.429 Thread 0x0000028002475500 Exception <a 'java/lang/NoSuchMethodError'{0x00000000e2813a80}: 'int java.lang.invoke.DirectMethodHandle$Holder.invokeSpecialIFC(java.lang.Object, java.lang.Object, java.lang.Object, java.lang.Object)'> (0x00000000e2813a80) 
thrown [s\open\src\hotspot\share\interpreter\linkResolver.cpp, line 759]
Event: 2.568 Thread 0x0000028064c1e060 Exception <a 'java/net/ConnectException'{0x00000000e277ec80}: Connection refused: no further information> (0x00000000e277ec80) 
thrown [s\open\src\hotspot\share\prims\jni.cpp, line 535]
Event: 2.568 Thread 0x0000028064c1e060 Exception <a 'java/net/SocketException'{0x00000000e277efb8}: Socket is not connected: shutdown> (0x00000000e277efb8) 
thrown [s\open\src\hotspot\share\prims\jni.cpp, line 535]
Event: 2.580 Thread 0x0000028064c1e060 Exception <a 'java/net/ConnectException'{0x00000000e277ffb0}: Connection refused: no further information> (0x00000000e277ffb0) 
thrown [s\open\src\hotspot\share\prims\jni.cpp, line 535]
Event: 2.581 Thread 0x0000028064c1e060 Exception <a 'java/net/SocketException'{0x00000000e27802e8}: Socket is not connected: shutdown> (0x00000000e27802e8) 
thrown [s\open\src\hotspot\share\prims\jni.cpp, line 535]
Event: 2.620 Thread 0x0000028002475500 Exception <a 'java/lang/NoSuchMethodError'{0x00000000e2655858}: 'double java.lang.invoke.DirectMethodHandle$Holder.invokeVirtual(java.lang.Object, java.lang.Object)'> (0x00000000e2655858) 
thrown [s\open\src\hotspot\share\interpreter\linkResolver.cpp, line 759]
Event: 2.620 Thread 0x0000028002475500 Exception <a 'java/lang/NoSuchMethodError'{0x00000000e265c360}: 'float java.lang.invoke.DirectMethodHandle$Holder.invokeVirtual(java.lang.Object, java.lang.Object)'> (0x00000000e265c360) 
thrown [s\open\src\hotspot\share\interpreter\linkResolver.cpp, line 759]
Event: 2.621 Thread 0x0000028002475500 Exception <a 'java/lang/NoSuchMethodError'{0x00000000e2665910}: 'long java.lang.invoke.DirectMethodHandle$Holder.invokeVirtual(java.lang.Object, java.lang.Object)'> (0x00000000e2665910) 
thrown [s\open\src\hotspot\share\interpreter\linkResolver.cpp, line 759]
Event: 2.633 Thread 0x0000028002475500 Exception <a 'java/lang/NoSuchMethodError'{0x00000000e25730c8}: 'java.lang.Object java.lang.invoke.DirectMethodHandle$Holder.newInvokeSpecial(java.lang.Object, java.lang.Object, int, int)'> (0x00000000e25730c8) 
thrown [s\open\src\hotspot\share\interpreter\linkResolver.cpp, line 759]
Event: 2.633 Thread 0x0000028002475500 Exception <a 'java/lang/NoSuchMethodError'{0x00000000e257e0c0}: 'void java.lang.invoke.DirectMethodHandle$Holder.invokeStatic(java.lang.Object, java.lang.Object, int)'> (0x00000000e257e0c0) 
thrown [s\open\src\hotspot\share\interpreter\linkResolver.cpp, line 759]
Event: 2.649 Thread 0x0000028002475500 Exception <a 'java/lang/NoSuchMethodError'{0x00000000e24a0168}: 'void java.lang.invoke.DirectMethodHandle$Holder.invokeStatic(java.lang.Object, java.lang.Object, java.lang.Object, java.lang.Object, java.lang.Object, java.lang.Object, java.lang.Object)'> (0x00000000e24a0168) 
thrown [s\open\src\hotspot\share\interpreter\linkResolver.cpp, line 759]
Event: 3.201 Thread 0x0000028002475500 Exception <a 'java/lang/NoSuchMethodError'{0x00000000e2114b38}: 'java.lang.Object java.lang.invoke.DirectMethodHandle$Holder.invokeSpecialIFC(java.lang.Object, java.lang.Object, java.lang.Object)'> (0x00000000e2114b38) 
thrown [s\open\src\hotspot\share\interpreter\linkResolver.cpp, line 759]

VM Operations (20 events):
Event: 1.096 Executing VM operation: HandshakeAllThreads
Event: 1.097 Executing VM operation: HandshakeAllThreads done
Event: 1.097 Executing VM operation: HandshakeAllThreads
Event: 1.097 Executing VM operation: HandshakeAllThreads done
Event: 1.201 Executing VM operation: CollectForMetadataAllocation
Event: 1.206 Executing VM operation: CollectForMetadataAllocation done
Event: 1.210 Executing VM operation: G1Concurrent
Event: 1.211 Executing VM operation: G1Concurrent done
Event: 1.212 Executing VM operation: G1Concurrent
Event: 1.213 Executing VM operation: G1Concurrent done
Event: 2.226 Executing VM operation: Cleanup
Event: 2.226 Executing VM operation: Cleanup done
Event: 2.613 Executing VM operation: HandshakeAllThreads
Event: 2.613 Executing VM operation: HandshakeAllThreads done
Event: 2.614 Executing VM operation: HandshakeAllThreads
Event: 2.614 Executing VM operation: HandshakeAllThreads done
Event: 2.614 Executing VM operation: HandshakeAllThreads
Event: 2.614 Executing VM operation: HandshakeAllThreads done
Event: 3.190 Executing VM operation: HandshakeAllThreads
Event: 3.190 Executing VM operation: HandshakeAllThreads done

Events (20 events):
Event: 4.055 loading class javax/net/ssl/HttpsURLConnection done
Event: 4.055 loading class sun/net/www/protocol/https/HttpsURLConnectionImpl done
Event: 4.055 loading class javax/net/ssl/HttpsURLConnection$DefaultHostnameVerifier
Event: 4.056 loading class javax/net/ssl/HttpsURLConnection$DefaultHostnameVerifier done
Event: 4.056 loading class javax/net/ssl/SSLSocketFactory$DefaultFactoryHolder
Event: 4.056 loading class javax/net/ssl/SSLSocketFactory$DefaultFactoryHolder done
Event: 4.056 loading class javax/net/ssl/SSLSocketFactory$1
Event: 4.056 loading class javax/net/ssl/SSLSocketFactory$1 done
Event: 4.056 loading class sun/net/www/protocol/https/DelegateHttpsURLConnection
Event: 4.056 loading class sun/net/www/protocol/https/AbstractDelegateHttpsURLConnection
Event: 4.056 loading class sun/net/www/protocol/https/AbstractDelegateHttpsURLConnection done
Event: 4.056 loading class sun/net/www/protocol/https/DelegateHttpsURLConnection done
Event: 4.056 loading class sun/net/ApplicationProxy
Event: 4.056 loading class sun/net/ApplicationProxy done
Event: 4.056 loading class sun/net/www/protocol/https/HttpsClient
Event: 4.056 loading class javax/net/ssl/HandshakeCompletedListener
Event: 4.056 loading class java/util/EventListener
Event: 4.056 loading class java/util/EventListener done
Event: 4.056 loading class javax/net/ssl/HandshakeCompletedListener done
Event: 4.056 loading class sun/net/www/protocol/https/HttpsClient done


Dynamic libraries:
0x00007ff77dbb0000 - 0x00007ff77dbc0000 	D:\bk compu\bk compu\bk compu\vv\java\jdk-17.0.12\bin\java.exe
0x00007fff49bd0000 - 0x00007fff49dc8000 	C:\Windows\SYSTEM32\ntdll.dll
0x00007fff499a0000 - 0x00007fff49a61000 	C:\Windows\System32\KERNEL32.DLL
0x00007fff47440000 - 0x00007fff47736000 	C:\Windows\System32\KERNELBASE.dll
0x00007fff478a0000 - 0x00007fff479a0000 	C:\Windows\System32\ucrtbase.dll
0x00007fff22670000 - 0x00007fff2268b000 	D:\bk compu\bk compu\bk compu\vv\java\jdk-17.0.12\bin\VCRUNTIME140.dll
0x00007fff25510000 - 0x00007fff25529000 	D:\bk compu\bk compu\bk compu\vv\java\jdk-17.0.12\bin\jli.dll
0x00007fff483d0000 - 0x00007fff48480000 	C:\Windows\System32\ADVAPI32.dll
0x00007fff48190000 - 0x00007fff4822e000 	C:\Windows\System32\msvcrt.dll
0x00007fff485e0000 - 0x00007fff48680000 	C:\Windows\System32\sechost.dll
0x00007fff48af0000 - 0x00007fff48c13000 	C:\Windows\System32\RPCRT4.dll
0x00007fff472b0000 - 0x00007fff472d7000 	C:\Windows\System32\bcrypt.dll
0x00007fff47f50000 - 0x00007fff480ef000 	C:\Windows\System32\USER32.dll
0x00007fff47280000 - 0x00007fff472a2000 	C:\Windows\System32\win32u.dll
0x00007fff48cb0000 - 0x00007fff48cdb000 	C:\Windows\System32\GDI32.dll
0x00007fff30420000 - 0x00007fff306ba000 	C:\Windows\WinSxS\amd64_microsoft.windows.common-controls_6595b64144ccf1df_6.0.19041.4355_none_60b8b9eb71f62e16\COMCTL32.dll
0x00007fff47a30000 - 0x00007fff47b47000 	C:\Windows\System32\gdi32full.dll
0x00007fff47350000 - 0x00007fff473ed000 	C:\Windows\System32\msvcp_win.dll
0x00007fff3f700000 - 0x00007fff3f70a000 	C:\Windows\SYSTEM32\VERSION.dll
0x00007fff48c80000 - 0x00007fff48caf000 	C:\Windows\System32\IMM32.DLL
0x00007fff25670000 - 0x00007fff2567c000 	D:\bk compu\bk compu\bk compu\vv\java\jdk-17.0.12\bin\vcruntime140_1.dll
0x00007fff17be0000 - 0x00007fff17c6e000 	D:\bk compu\bk compu\bk compu\vv\java\jdk-17.0.12\bin\msvcp140.dll
0x00007ffed2ff0000 - 0x00007ffed3bd0000 	D:\bk compu\bk compu\bk compu\vv\java\jdk-17.0.12\bin\server\jvm.dll
0x00007fff485d0000 - 0x00007fff485d8000 	C:\Windows\System32\PSAPI.DLL
0x00007fff3d330000 - 0x00007fff3d357000 	C:\Windows\SYSTEM32\WINMM.dll
0x00007fff2f7c0000 - 0x00007fff2f7c9000 	C:\Windows\SYSTEM32\WSOCK32.dll
0x00007fff49b20000 - 0x00007fff49b8b000 	C:\Windows\System32\WS2_32.dll
0x00007fff45120000 - 0x00007fff45132000 	C:\Windows\SYSTEM32\kernel.appcore.dll
0x00007fff25250000 - 0x00007fff2525a000 	D:\bk compu\bk compu\bk compu\vv\java\jdk-17.0.12\bin\jimage.dll
0x00007fff3d430000 - 0x00007fff3d614000 	C:\Windows\SYSTEM32\DBGHELP.DLL
0x00007fff269f0000 - 0x00007fff26a24000 	C:\Windows\SYSTEM32\dbgcore.DLL
0x00007fff479a0000 - 0x00007fff47a22000 	C:\Windows\System32\bcryptPrimitives.dll
0x00007fff1d640000 - 0x00007fff1d665000 	D:\bk compu\bk compu\bk compu\vv\java\jdk-17.0.12\bin\java.dll
0x00007fff164f0000 - 0x00007fff165c7000 	D:\bk compu\bk compu\bk compu\vv\java\jdk-17.0.12\bin\jsvml.dll
0x00007fff48ed0000 - 0x00007fff4963c000 	C:\Windows\System32\SHELL32.dll
0x00007fff45320000 - 0x00007fff45abe000 	C:\Windows\SYSTEM32\windows.storage.dll
0x00007fff49640000 - 0x00007fff49993000 	C:\Windows\System32\combase.dll
0x00007fff46ca0000 - 0x00007fff46cce000 	C:\Windows\SYSTEM32\Wldp.dll
0x00007fff48e00000 - 0x00007fff48ecd000 	C:\Windows\System32\OLEAUT32.dll
0x00007fff49a70000 - 0x00007fff49b1d000 	C:\Windows\System32\SHCORE.dll
0x00007fff48370000 - 0x00007fff483c5000 	C:\Windows\System32\shlwapi.dll
0x00007fff471b0000 - 0x00007fff471d4000 	C:\Windows\SYSTEM32\profapi.dll
0x00007fff1e2c0000 - 0x00007fff1e2d9000 	D:\bk compu\bk compu\bk compu\vv\java\jdk-17.0.12\bin\net.dll
0x00007fff40250000 - 0x00007fff4035a000 	C:\Windows\SYSTEM32\WINHTTP.dll
0x00007fff46a00000 - 0x00007fff46a6a000 	C:\Windows\system32\mswsock.dll
0x00007fff1bc00000 - 0x00007fff1bc16000 	D:\bk compu\bk compu\bk compu\vv\java\jdk-17.0.12\bin\nio.dll
0x00007fff18fe0000 - 0x00007fff18ff8000 	D:\bk compu\bk compu\bk compu\vv\java\jdk-17.0.12\bin\zip.dll
0x00007fff24eb0000 - 0x00007fff24ec0000 	D:\bk compu\bk compu\bk compu\vv\java\jdk-17.0.12\bin\verify.dll
0x00007fff23570000 - 0x00007fff2357e000 	D:\bk compu\bk compu\bk compu\vv\java\jdk-17.0.12\bin\sunmscapi.dll
0x00007fff47740000 - 0x00007fff4789e000 	C:\Windows\System32\CRYPT32.dll
0x00007fff46d10000 - 0x00007fff46d39000 	C:\Windows\SYSTEM32\ncrypt.dll
0x00007fff46cd0000 - 0x00007fff46d0b000 	C:\Windows\SYSTEM32\NTASN1.dll
0x00007fff2f120000 - 0x00007fff2f127000 	C:\Windows\system32\wshunix.dll
0x00007fff46c00000 - 0x00007fff46c18000 	C:\Windows\SYSTEM32\CRYPTSP.dll
0x00007fff462b0000 - 0x00007fff462e4000 	C:\Windows\system32\rsaenh.dll
0x00007fff47160000 - 0x00007fff4718e000 	C:\Windows\SYSTEM32\USERENV.dll
0x00007fff46bf0000 - 0x00007fff46bfc000 	C:\Windows\SYSTEM32\CRYPTBASE.dll
0x00007fff46690000 - 0x00007fff466cb000 	C:\Windows\SYSTEM32\IPHLPAPI.DLL
0x00007fff480f0000 - 0x00007fff480f8000 	C:\Windows\System32\NSI.dll
0x00007fff42fc0000 - 0x00007fff42fd7000 	C:\Windows\SYSTEM32\dhcpcsvc6.DLL
0x00007fff42fa0000 - 0x00007fff42fbd000 	C:\Windows\SYSTEM32\dhcpcsvc.DLL
0x00007fff466e0000 - 0x00007fff467aa000 	C:\Windows\SYSTEM32\DNSAPI.dll
0x00007fff3ec30000 - 0x00007fff3ec3a000 	C:\Windows\System32\rasadhlp.dll
0x00007fff3dbd0000 - 0x00007fff3dc50000 	C:\Windows\System32\fwpuclnt.dll

dbghelp: loaded successfully - version: 4.0.5 - missing functions: none
symbol engine: initialized successfully - sym options: 0x614 - pdb path: .;D:\bk compu\bk compu\bk compu\vv\java\jdk-17.0.12\bin;C:\Windows\SYSTEM32;C:\Windows\WinSxS\amd64_microsoft.windows.common-controls_6595b64144ccf1df_6.0.19041.4355_none_60b8b9eb71f62e16;D:\bk compu\bk compu\bk compu\vv\java\jdk-17.0.12\bin\server

VM Arguments:
jvm_args: -Dcucumber.options -Dfile.separator=\ -Djava.class.version=61.0 -Djava.home=D:\bk compu\bk compu\bk compu\vv\java\jdk-17.0.12 -Djava.library.path=D:\bk compu\bk compu\bk compu\vv\java\jdk-17.0.12\bin;C:\Windows\Sun\Java\bin;C:\Windows\system32;C:\Windows;C:\Program Files\Common Files\Oracle\Java\javapath;C:\Windows\system32;C:\Windows;C:\Windows\System32\Wbem;C:\Windows\System32\WindowsPowerShell\v1.0\;C:\Windows\System32\OpenSSH\;C:\Program Files\NVIDIA Corporation\NVIDIA app\NvDLISR;C:\Program Files (x86)\NVIDIA Corporation\PhysX\Common;C:\Program Files\dotnet\;%JAVA_HOME%\bin;D:\bk compu\bk compu\bk compu\vv\java\gradle-8.9\bin;D:\bk compu\bk compu\bk compu\vv\java\selenium;C:\Program Files\nodejs\;C:\Program Files\Git\cmd;C:\Users\casa\AppData\Local\Microsoft\WindowsApps;D:\Users\casa\AppData\Local\Programs\Microsoft VS Code\bin;C:\Users\casa\AppData\Roaming\npm;. -Djava.runtime.name=Java(TM) SE Runtime Environment -Djava.runtime.version=17.0.12+8-LTS-286 -Djava.specification.name=Java Platform API Specification -Djava.specification.vendor=Oracle Corporation -Djava.specification.version=17 -Djava.vendor=Oracle Corporation -Djava.vendor.url=https://java.oracle.com/ -Djava.vendor.url.bug=https://bugreport.java.com/bugreport/ -Djava.version=17.0.12 -Djava.version.date=2024-07-16 -Djava.vm.compressedOopsMode=32-bit -Djava.vm.info=mixed mode, sharing -Djava.vm.name=Java HotSpot(TM) 64-Bit Server VM -Djava.vm.specification.name=Java Virtual Machine Specification -Djava.vm.specification.vendor=Oracle Corporation -Djava.vm.specification.version=17 -Djava.vm.vendor=Oracle Corporation -Djava.vm.version=17.0.12+8-LTS-286 -Djdk.debug=release -Dlibrary.jansi.path=C:\Users\casa\.gradle\native\jansi\1.18\windows64 -Dline.separator=
 -Dnative.encoding=Cp1252 -Dorg.gradle.appname=gradle -Dorg.gradle.internal.worker.tmpdir=D:\bk compu\bk compu\bk compu\automation\proyectos\holo\build\tmp\test\work -Dos.arch=amd64 -Dos.name=Windows 10 -Dos.version=10.0 -Dpath.separator=; -Dsun.arch.data.model=64 -Dsun.boot.library.path=D:\bk compu\bk compu\bk compu\vv\java\jdk-17.0.12\bin -Dsun.cpu.endian=little -Dsun.cpu.isalist=amd64 -Dsun.io.unicode.encoding=UnicodeLittle -Dsun.jnu.encoding=Cp1252 -Dsun.management.compiler=HotSpot 64-Bit Tiered Compilers -Dsun.os.patch.level -Duser.dir=D:\bk compu\bk compu\bk compu\automation\proyectos\holo -Duser.home=C:\Users\casa -Duser.name=casa -Duser.script -Duser.timezone=America/Buenos_Aires -Xmx512m -Dfile.encoding=Cp1252 -Djava.io.tmpdir=C:\Users\casa\AppData\Local\Temp\ -Duser.country=419 -Duser.language=es -Duser.variant -ea 
java_command: worker.org.gradle.process.internal.worker.GradleWorkerMain 'Gradle Test Executor 8'
java_class_path (initial): C:\Users\casa\.gradle\caches\8.9\workerMain\gradle-worker.jar;D:\bk compu\bk compu\bk compu\automation\proyectos\holo\build\classes\java\test;D:\bk compu\bk compu\bk compu\automation\proyectos\holo\build\resources\test;C:\Users\casa\.gradle\caches\modules-2\files-2.1\org.seleniumhq.selenium\selenium-java\4.23.0\2cc38c8dbef9d6e8774f05c2d2e8088180858ed4\selenium-java-4.23.0.jar;C:\Users\casa\.gradle\caches\modules-2\files-2.1\io.github.bonigarcia\webdrivermanager\5.9.2\61d2d9413ab230f401d2e9aac3bca0baf02b143c\webdrivermanager-5.9.2.jar;C:\Users\casa\.gradle\caches\modules-2\files-2.1\io.cucumber\cucumber-java\7.18.1\d82edc1b8c38e0582fdfceabb66d080eb706b734\cucumber-java-7.18.1.jar;C:\Users\casa\.gradle\caches\modules-2\files-2.1\org.junit.jupiter\junit-jupiter-params\5.9.1\ffcd1013edaeee112be11fcddeb38882d79238de\junit-jupiter-params-5.9.1.jar;C:\Users\casa\.gradle\caches\modules-2\files-2.1\org.junit.jupiter\junit-jupiter-engine\5.9.1\1bf771097bde296c3ab174861954e8aafaaf2e94\junit-jupiter-engine-5.9.1.jar;C:\Users\casa\.gradle\caches\modules-2\files-2.1\org.junit.jupiter\junit-jupiter-api\5.9.1\7bb53fbc0173e9f6a9d21d58297af94b1f2f9ce1\junit-jupiter-api-5.9.1.jar;C:\Users\casa\.gradle\caches\modules-2\files-2.1\org.junit.platform\junit-platform-engine\1.9.1\83591e5089d6cea5f324aa3ecca9b19d5a275803\junit-platform-engine-1.9.1.jar;C:\Users\casa\.gradle\caches\modules-2\files-2.1\org.junit.platform\junit-platform-commons\1.9.1\3145f821b5cd10abcdc5f925baa5fffa6f1b628f\junit-platform-commons-1.9.1.jar;C:\Users\casa\.gradle\caches\modules-2\files-2.1\org.junit.jupiter\junit-jupiter\5.9.1\9274d3757e224bc02eae367bd481062a263c150b\junit-jupiter-5.9.1.jar;C:\Users\casa\.gradle\caches\modules-2\files-2.1\org.testng\testng\7.10.2\30742acada21960d4333a4204039fbdc6a92083a\testng-7.10.2.jar;C:\Users\casa\.gradle\caches\modules-2\files-2.1\io.cucumber\cucumber-junit\7.18.1\27422ecb839a3f00fc08cd2fcd23a55da4e2456a\cucumber-junit-7.18.1.jar;C:\Users\casa\.g
Launcher Type: SUN_STANDARD

[Global flags]
     intx CICompilerCount                          = 12                                        {product} {ergonomic}
     uint ConcGCThreads                            = 3                                         {product} {ergonomic}
     uint G1ConcRefinementThreads                  = 13                                        {product} {ergonomic}
   size_t G1HeapRegionSize                         = 1048576                                   {product} {ergonomic}
    uintx GCDrainStackTargetSize                   = 64                                        {product} {ergonomic}
   size_t InitialHeapSize                          = 268435456                                 {product} {ergonomic}
   size_t MarkStackSize                            = 4194304                                   {product} {ergonomic}
   size_t MaxHeapSize                              = 536870912                                 {product} {command line}
   size_t MaxNewSize                               = 321912832                                 {product} {ergonomic}
   size_t MinHeapDeltaBytes                        = 1048576                                   {product} {ergonomic}
   size_t MinHeapSize                              = 8388608                                   {product} {ergonomic}
    uintx NonNMethodCodeHeapSize                   = 7602480                                {pd product} {ergonomic}
    uintx NonProfiledCodeHeapSize                  = 122027880                              {pd product} {ergonomic}
    uintx ProfiledCodeHeapSize                     = 122027880                              {pd product} {ergonomic}
    uintx ReservedCodeCacheSize                    = 251658240                              {pd product} {ergonomic}
     bool SegmentedCodeCache                       = true                                      {product} {ergonomic}
   size_t SoftMaxHeapSize                          = 536870912                              {manageable} {ergonomic}
     bool UseCompressedClassPointers               = true                           {product lp64_product} {ergonomic}
     bool UseCompressedOops                        = true                           {product lp64_product} {ergonomic}
     bool UseG1GC                                  = true                                      {product} {ergonomic}
     bool UseLargePagesIndividualAllocation        = false                                  {pd product} {ergonomic}

Logging:
Log output configuration:
 #0: stdout all=warning uptime,level,tags
 #1: stderr all=off uptime,level,tags

Environment Variables:
JAVA_HOME=D:\bk compu\bk compu\bk compu\vv\java\jdk-17.0.12
CLASSPATH=D:\bk compu\bk compu\bk compu\vv\java\gradle-8.9\lib\gradle-gradle-cli-main-8.9.jar
PATH=C:\Program Files\Common Files\Oracle\Java\javapath;C:\Windows\system32;C:\Windows;C:\Windows\System32\Wbem;C:\Windows\System32\WindowsPowerShell\v1.0\;C:\Windows\System32\OpenSSH\;C:\Program Files\NVIDIA Corporation\NVIDIA app\NvDLISR;C:\Program Files (x86)\NVIDIA Corporation\PhysX\Common;C:\Program Files\dotnet\;%JAVA_HOME%\bin;D:\bk compu\bk compu\bk compu\vv\java\gradle-8.9\bin;D:\bk compu\bk compu\bk compu\vv\java\selenium;C:\Program Files\nodejs\;C:\Program Files\Git\cmd;C:\Users\casa\AppData\Local\Microsoft\WindowsApps;D:\Users\casa\AppData\Local\Programs\Microsoft VS Code\bin;C:\Users\casa\AppData\Roaming\npm
USERNAME=casa
LANG=es_ES.UTF-8
OS=Windows_NT
PROCESSOR_IDENTIFIER=AMD64 Family 23 Model 113 Stepping 0, AuthenticAMD



---------------  S Y S T E M  ---------------

OS:
 Windows 10 , 64 bit Build 19041 (10.0.19041.4597)
OS uptime: 4 days 1:21 hours

CPU: total 16 (initial active 16) (16 cores per cpu, 2 threads per core) family 23 model 113 stepping 0 microcode 0x0, cx8, cmov, fxsr, ht, mmx, 3dnowpref, sse, sse2, sse3, ssse3, sse4a, sse4.1, sse4.2, popcnt, lzcnt, tsc, tscinvbit, avx, avx2, aes, clmul, bmi1, bmi2, adx, sha, fma, vzeroupper, clflush, clflushopt

Memory: 4k page, system-wide physical 16331M (3633M free)
TotalPageFile size 18379M (AvailPageFile size 86M)
current process WorkingSet (physical memory assigned to process): 150M, peak: 169M
current process commit charge ("private bytes"): 225M, peak: 429M

vm_info: Java HotSpot(TM) 64-Bit Server VM (17.0.12+8-LTS-286) for windows-amd64 JRE (17.0.12+8-LTS-286), built on Jun  5 2024 06:46:59 by "mach5one" with MS VC++ 17.6 (VS2022)

END.
