#
# There is insufficient memory for the Java Runtime Environment to continue.
# Native memory allocation (malloc) failed to allocate 1786768 bytes. Error detail: Chunk::new
# Possible reasons:
#   The system is out of physical RAM or swap space
#   This process is running with CompressedOops enabled, and the Java Heap may be blocking the growth of the native heap
# Possible solutions:
#   Reduce memory load on the system
#   Increase physical memory or swap space
#   Check if swap backing store is full
#   Decrease Java heap size (-Xmx/-Xms)
#   Decrease number of Java threads
#   Decrease Java thread stack sizes (-Xss)
#   Set larger code cache with -XX:ReservedCodeCacheSize=
#   JVM is running with Unscaled Compressed Oops mode in which the Java heap is
#     placed in the first 4GB address space. The Java Heap base address is the
#     maximum limit for the native heap growth. Please use -XX:HeapBaseMinAddress
#     to set the Java Heap base and to place the Java Heap above 4GB virtual address.
# This output file may be truncated or incomplete.
#
#  Out of Memory Error (arena.cpp:191), pid=20880, tid=19668
#
# JRE version: OpenJDK Runtime Environment Temurin-17.0.11+9 (17.0.11+9) (build 17.0.11+9)
# Java VM: OpenJDK 64-Bit Server VM Temurin-17.0.11+9 (17.0.11+9, mixed mode, tiered, compressed oops, compressed class ptrs, parallel gc, windows-amd64)
# No core dump will be written. Minidumps are not enabled by default on client versions of Windows
#

---------------  S U M M A R Y ------------

Command Line: --add-modules=ALL-SYSTEM --add-opens=java.base/java.util=ALL-UNNAMED --add-opens=java.base/java.lang=ALL-UNNAMED --add-opens=java.base/sun.nio.fs=ALL-UNNAMED -Declipse.application=org.eclipse.jdt.ls.core.id1 -Dosgi.bundles.defaultStartLevel=4 -Declipse.product=org.eclipse.jdt.ls.core.product -Djava.import.generatesMetadataFilesAtProjectRoot=false -DDetectVMInstallationsJob.disabled=true -Dfile.encoding=utf8 -XX:+UseParallelGC -XX:GCTimeRatio=4 -XX:AdaptiveSizePolicyWeight=90 -Dsun.zip.disableMemoryMapping=true -Xmx1G -Xms100m -Xlog:disable -javaagent:c:\Users\casa\.vscode\extensions\redhat.java-1.33.0-win32-x64\lombok\lombok-1.18.33.jar -XX:+HeapDumpOnOutOfMemoryError -XX:HeapDumpPath=c:\Users\casa\AppData\Roaming\Code\User\workspaceStorage\665df44647f87030839176bb3c884ccb\redhat.java -Daether.dependencyCollector.impl=bf c:\Users\casa\.vscode\extensions\redhat.java-1.33.0-win32-x64\server\plugins\org.eclipse.equinox.launcher_1.6.900.v20240613-2009.jar -configuration c:\Users\casa\AppData\Roaming\Code\User\globalStorage\redhat.java\1.33.0\config_win -data c:\Users\casa\AppData\Roaming\Code\User\workspaceStorage\665df44647f87030839176bb3c884ccb\redhat.java\jdt_ws --pipe=\\.\pipe\lsp-64b1b48e10f5626c3a79886e79870aea-sock

Host: AMD Ryzen 7 3700X 8-Core Processor             , 16 cores, 15G,  Windows 10 , 64 bit Build 19041 (10.0.19041.4597)
Time: Fri Aug  9 16:39:47 2024 Hora estándar de Argentina elapsed time: 67.880964 seconds (0d 0h 1m 7s)

---------------  T H R E A D  ---------------

Current thread (0x000002639537d7f0):  JavaThread "C2 CompilerThread2" daemon [_thread_in_native, id=19668, stack(0x0000007956500000,0x0000007956600000)]


Current CompileTask:
C2:  67881 8984 %     4       org.eclipse.jdt.internal.core.search.indexing.BinaryIndexer::extractReferenceFromConstantPool @ 155 (358 bytes)

Stack: [0x0000007956500000,0x0000007956600000]
Native frames: (J=compiled Java code, j=interpreted, Vv=VM code, C=native code)
V  [jvm.dll+0x67d429]
V  [jvm.dll+0x834b7a]
V  [jvm.dll+0x83663e]
V  [jvm.dll+0x836ca3]
V  [jvm.dll+0x247dbf]
V  [jvm.dll+0xac534]
V  [jvm.dll+0xacb7c]
V  [jvm.dll+0x366647]
V  [jvm.dll+0x1bd272]
V  [jvm.dll+0x21a5c9]
V  [jvm.dll+0x2198b1]
V  [jvm.dll+0x1a534d]
V  [jvm.dll+0x2295cd]
V  [jvm.dll+0x22779c]
V  [jvm.dll+0x7e9d07]
V  [jvm.dll+0x7e410a]
V  [jvm.dll+0x67c315]
C  [ucrtbase.dll+0x21bb2]
C  [KERNEL32.DLL+0x17374]
C  [ntdll.dll+0x4cc91]


---------------  P R O C E S S  ---------------

Threads class SMR info:
_java_thread_list=0x00000263994c5230, length=58, elements={
0x00000263f79f6db0, 0x00000263fe7c4c70, 0x00000263fe7c62e0, 0x00000263ffadf280,
0x00000263ffae0020, 0x00000263ffae3070, 0x00000263ffae6120, 0x00000263ffaeed80,
0x00000263ffaefa40, 0x00000263ffaeff60, 0x00000263f7a5cb50, 0x0000026394af3700,
0x000002639542cef0, 0x000002639583b990, 0x0000026395728fd0, 0x0000026395793370,
0x0000026395e40500, 0x000002639565efa0, 0x0000026395661820, 0x000002639565e070,
0x000002639565f4b0, 0x00000263956603e0, 0x00000263956608f0, 0x0000026395660e00,
0x0000026395661310, 0x000002639565f9c0, 0x0000026397f1bd00, 0x0000026397f1c720,
0x0000026397f1add0, 0x0000026397f1b2e0, 0x0000026397f1ea90, 0x0000026397f1efa0,
0x0000026397f1f4b0, 0x0000026397f1c210, 0x0000026397f1b7f0, 0x0000026397f1f9c0,
0x0000026397f1cc30, 0x0000026397f19480, 0x0000026397f1d140, 0x0000026397f1d650,
0x0000026397f18550, 0x0000026397f1db60, 0x0000026397f18a60, 0x000002639507e0d0,
0x0000026394e635b0, 0x0000026397f1e580, 0x0000026397f18f70, 0x000002639b42d110,
0x0000026397f19ea0, 0x0000026397f1a8c0, 0x000002639565e580, 0x000002639565ea90,
0x0000026398f9e930, 0x0000026398f9fd70, 0x0000026398fa11b0, 0x000002639537d7f0,
0x000002639537d2a0, 0x000002639537dd40
}

Java Threads: ( => current thread )
  0x00000263f79f6db0 JavaThread "main" [_thread_blocked, id=19400, stack(0x0000007955600000,0x0000007955700000)]
  0x00000263fe7c4c70 JavaThread "Reference Handler" daemon [_thread_blocked, id=4988, stack(0x0000007955900000,0x0000007955a00000)]
  0x00000263fe7c62e0 JavaThread "Finalizer" daemon [_thread_blocked, id=9744, stack(0x0000007955a00000,0x0000007955b00000)]
  0x00000263ffadf280 JavaThread "Signal Dispatcher" daemon [_thread_blocked, id=2676, stack(0x0000007955b00000,0x0000007955c00000)]
  0x00000263ffae0020 JavaThread "Attach Listener" daemon [_thread_blocked, id=3252, stack(0x0000007955c00000,0x0000007955d00000)]
  0x00000263ffae3070 JavaThread "Service Thread" daemon [_thread_blocked, id=7796, stack(0x0000007955d00000,0x0000007955e00000)]
  0x00000263ffae6120 JavaThread "Monitor Deflation Thread" daemon [_thread_blocked, id=16260, stack(0x0000007955e00000,0x0000007955f00000)]
  0x00000263ffaeed80 JavaThread "C2 CompilerThread0" daemon [_thread_in_native, id=5276, stack(0x0000007955f00000,0x0000007956000000)]
  0x00000263ffaefa40 JavaThread "C1 CompilerThread0" daemon [_thread_blocked, id=2696, stack(0x0000007956000000,0x0000007956100000)]
  0x00000263ffaeff60 JavaThread "Sweeper thread" daemon [_thread_blocked, id=24236, stack(0x0000007956100000,0x0000007956200000)]
  0x00000263f7a5cb50 JavaThread "Common-Cleaner" daemon [_thread_blocked, id=10632, stack(0x0000007956200000,0x0000007956300000)]
  0x0000026394af3700 JavaThread "Notification Thread" daemon [_thread_blocked, id=312, stack(0x0000007956700000,0x0000007956800000)]
  0x000002639542cef0 JavaThread "Active Thread: Equinox Container: 9535455e-f513-41a4-a1f8-42d94c0f73c1" [_thread_blocked, id=11272, stack(0x0000007957000000,0x0000007957100000)]
  0x000002639583b990 JavaThread "Framework Event Dispatcher: Equinox Container: 9535455e-f513-41a4-a1f8-42d94c0f73c1" daemon [_thread_blocked, id=2932, stack(0x0000007957100000,0x0000007957200000)]
  0x0000026395728fd0 JavaThread "Start Level: Equinox Container: 9535455e-f513-41a4-a1f8-42d94c0f73c1" daemon [_thread_blocked, id=19976, stack(0x0000007957200000,0x0000007957300000)]
  0x0000026395793370 JavaThread "Bundle File Closer" daemon [_thread_blocked, id=12040, stack(0x0000007957500000,0x0000007957600000)]
  0x0000026395e40500 JavaThread "SCR Component Actor" daemon [_thread_blocked, id=15444, stack(0x0000007957700000,0x0000007957800000)]
  0x000002639565efa0 JavaThread "Worker-JM" [_thread_blocked, id=6836, stack(0x0000007957c00000,0x0000007957d00000)]
  0x0000026395661820 JavaThread "JNA Cleaner" daemon [_thread_blocked, id=21816, stack(0x0000007957e00000,0x0000007957f00000)]
  0x000002639565e070 JavaThread "Worker-0" [_thread_blocked, id=5560, stack(0x0000007956a00000,0x0000007956b00000)]
  0x000002639565f4b0 JavaThread "Java indexing" daemon [_thread_in_Java, id=9768, stack(0x0000007958300000,0x0000007958400000)]
  0x00000263956603e0 JavaThread "Thread-2" daemon [_thread_in_native, id=18328, stack(0x0000007958600000,0x0000007958700000)]
  0x00000263956608f0 JavaThread "Thread-3" daemon [_thread_in_native, id=12932, stack(0x0000007958700000,0x0000007958800000)]
  0x0000026395660e00 JavaThread "Thread-4" daemon [_thread_in_native, id=18372, stack(0x0000007958800000,0x0000007958900000)]
  0x0000026395661310 JavaThread "Thread-5" daemon [_thread_in_native, id=19088, stack(0x0000007958900000,0x0000007958a00000)]
  0x000002639565f9c0 JavaThread "Thread-6" daemon [_thread_in_native, id=20592, stack(0x0000007958a00000,0x0000007958b00000)]
  0x0000026397f1bd00 JavaThread "Thread-7" daemon [_thread_in_native, id=17196, stack(0x0000007958b00000,0x0000007958c00000)]
  0x0000026397f1c720 JavaThread "Thread-8" daemon [_thread_in_native, id=17696, stack(0x0000007958c00000,0x0000007958d00000)]
  0x0000026397f1add0 JavaThread "Thread-9" daemon [_thread_in_native, id=19208, stack(0x0000007958d00000,0x0000007958e00000)]
  0x0000026397f1b2e0 JavaThread "Thread-10" daemon [_thread_in_native, id=21576, stack(0x0000007958e00000,0x0000007958f00000)]
  0x0000026397f1ea90 JavaThread "Thread-11" daemon [_thread_in_native, id=13916, stack(0x0000007958f00000,0x0000007959000000)]
  0x0000026397f1efa0 JavaThread "Thread-12" daemon [_thread_in_native, id=17632, stack(0x0000007959000000,0x0000007959100000)]
  0x0000026397f1f4b0 JavaThread "Thread-13" daemon [_thread_in_native, id=17184, stack(0x0000007959100000,0x0000007959200000)]
  0x0000026397f1c210 JavaThread "Thread-14" daemon [_thread_in_native, id=13352, stack(0x0000007959200000,0x0000007959300000)]
  0x0000026397f1b7f0 JavaThread "Thread-15" daemon [_thread_in_native, id=15244, stack(0x0000007959300000,0x0000007959400000)]
  0x0000026397f1f9c0 JavaThread "Thread-16" daemon [_thread_in_native, id=15012, stack(0x0000007959400000,0x0000007959500000)]
  0x0000026397f1cc30 JavaThread "Thread-17" daemon [_thread_in_native, id=9440, stack(0x0000007959500000,0x0000007959600000)]
  0x0000026397f19480 JavaThread "Thread-18" daemon [_thread_in_native, id=16060, stack(0x0000007959600000,0x0000007959700000)]
  0x0000026397f1d140 JavaThread "pool-2-thread-1" [_thread_blocked, id=18680, stack(0x0000007959700000,0x0000007959800000)]
  0x0000026397f1d650 JavaThread "WorkspaceEventsHandler" [_thread_blocked, id=6480, stack(0x0000007959800000,0x0000007959900000)]
  0x0000026397f18550 JavaThread "pool-1-thread-1" [_thread_blocked, id=11856, stack(0x0000007959900000,0x0000007959a00000)]
  0x0000026397f1db60 JavaThread "Worker-2: Java indexing... " [_thread_blocked, id=17076, stack(0x0000007959a00000,0x0000007959b00000)]
  0x0000026397f18a60 JavaThread "Worker-3" [_thread_blocked, id=14664, stack(0x0000007959d00000,0x0000007959e00000)]
  0x000002639507e0d0 JavaThread "C1 CompilerThread1" daemon [_thread_blocked, id=13140, stack(0x0000007955300000,0x0000007955400000)]
  0x0000026394e635b0 JavaThread "C1 CompilerThread2" daemon [_thread_blocked, id=13260, stack(0x0000007955400000,0x0000007955500000)]
  0x0000026397f1e580 JavaThread "ForkJoinPool.commonPool-worker-1" daemon [_thread_blocked, id=13392, stack(0x0000007955500000,0x0000007955600000)]
  0x0000026397f18f70 JavaThread "ForkJoinPool.commonPool-worker-2" daemon [_thread_blocked, id=13440, stack(0x0000007956300000,0x0000007956400000)]
  0x000002639b42d110 JavaThread "C2 CompilerThread1" daemon [_thread_in_native, id=14000, stack(0x0000007956400000,0x0000007956500000)]
  0x0000026397f19ea0 JavaThread "Worker-4" [_thread_blocked, id=17028, stack(0x0000007958100000,0x0000007958200000)]
  0x0000026397f1a8c0 JavaThread "Worker-5" [_thread_blocked, id=17048, stack(0x0000007958200000,0x0000007958300000)]
  0x000002639565e580 JavaThread "ForkJoinPool.commonPool-worker-3" daemon [_thread_blocked, id=17060, stack(0x0000007959b00000,0x0000007959c00000)]
  0x000002639565ea90 JavaThread "ForkJoinPool.commonPool-worker-4" daemon [_thread_blocked, id=17336, stack(0x0000007959c00000,0x0000007959d00000)]
  0x0000026398f9e930 JavaThread "ForkJoinPool.commonPool-worker-5" daemon [_thread_blocked, id=17372, stack(0x0000007959e00000,0x0000007959f00000)]
  0x0000026398f9fd70 JavaThread "ForkJoinPool.commonPool-worker-6" daemon [_thread_blocked, id=17476, stack(0x0000007959f00000,0x000000795a000000)]
  0x0000026398fa11b0 JavaThread "ForkJoinPool.commonPool-worker-7" daemon [_thread_blocked, id=17500, stack(0x000000795a000000,0x000000795a100000)]
=>0x000002639537d7f0 JavaThread "C2 CompilerThread2" daemon [_thread_in_native, id=19668, stack(0x0000007956500000,0x0000007956600000)]
  0x000002639537d2a0 JavaThread "C2 CompilerThread3" daemon [_thread_blocked, id=19784, stack(0x0000007956600000,0x0000007956700000)]
  0x000002639537dd40 JavaThread "C2 CompilerThread4" daemon [_thread_blocked, id=19852, stack(0x0000007956900000,0x0000007956a00000)]

Other Threads:
  0x00000263f7a7f2d0 VMThread "VM Thread" [stack: 0x0000007955800000,0x0000007955900000] [id=19156]
  0x0000026394af3be0 WatcherThread [stack: 0x0000007956800000,0x0000007956900000] [id=8944]
  0x00000263f7a0eda0 GCTaskThread "GC Thread#0" [stack: 0x0000007955700000,0x0000007955800000] [id=11424]
  0x0000026395292020 GCTaskThread "GC Thread#1" [stack: 0x0000007956b00000,0x0000007956c00000] [id=4064]
  0x0000026395292af0 GCTaskThread "GC Thread#2" [stack: 0x0000007956c00000,0x0000007956d00000] [id=19996]
  0x0000026394b0b100 GCTaskThread "GC Thread#3" [stack: 0x0000007956d00000,0x0000007956e00000] [id=11216]
  0x0000026394eba3d0 GCTaskThread "GC Thread#4" [stack: 0x0000007956e00000,0x0000007956f00000] [id=4164]
  0x0000026394ebb2a0 GCTaskThread "GC Thread#5" [stack: 0x0000007956f00000,0x0000007957000000] [id=6048]
  0x0000026394c48eb0 GCTaskThread "GC Thread#6" [stack: 0x0000007957300000,0x0000007957400000] [id=24008]
  0x00000263956aac00 GCTaskThread "GC Thread#7" [stack: 0x0000007957400000,0x0000007957500000] [id=23480]
  0x0000026395b92a50 GCTaskThread "GC Thread#8" [stack: 0x0000007957600000,0x0000007957700000] [id=19952]
  0x0000026395cd7fe0 GCTaskThread "GC Thread#9" [stack: 0x0000007957900000,0x0000007957a00000] [id=7720]
  0x0000026395d24030 GCTaskThread "GC Thread#10" [stack: 0x0000007957a00000,0x0000007957b00000] [id=2664]
  0x000002639592a4d0 GCTaskThread "GC Thread#11" [stack: 0x0000007957b00000,0x0000007957c00000] [id=4824]
  0x0000026395c0ba30 GCTaskThread "GC Thread#12" [stack: 0x0000007957d00000,0x0000007957e00000] [id=7272]

Threads with active compile tasks:
C2 CompilerThread0    67900 8996 % !   4       org.eclipse.jdt.internal.compiler.classfmt.ClassFileReader::<init> @ 63 (2158 bytes)
C2 CompilerThread1    67900 8941   !   4       org.eclipse.jdt.internal.core.search.indexing.BinaryIndexer::indexDocument (1157 bytes)
C2 CompilerThread2    67900 8984 %     4       org.eclipse.jdt.internal.core.search.indexing.BinaryIndexer::extractReferenceFromConstantPool @ 155 (358 bytes)

VM state: not at safepoint (normal execution)

VM Mutex/Monitor currently owned by a thread: None

Heap address: 0x00000000c0000000, size: 1024 MB, Compressed Oops mode: 32-bit

CDS archive(s) not mapped
Compressed class space mapped at: 0x0000000100000000-0x0000000140000000, reserved size: 1073741824
Narrow klass base: 0x0000000000000000, Narrow klass shift: 3, Narrow klass range: 0x140000000

GC Precious Log:
 CPUs: 16 total, 16 available
 Memory: 16331M
 Large Page Support: Disabled
 NUMA Support: Disabled
 Compressed Oops: Enabled (32-bit)
 Alignments: Space 512K, Generation 512K, Heap 2M
 Heap Min Capacity: 100M
 Heap Initial Capacity: 100M
 Heap Max Capacity: 1G
 Pre-touch: Disabled
 Parallel Workers: 13

Heap:
 PSYoungGen      total 48128K, used 21941K [0x00000000eab00000, 0x00000000ee180000, 0x0000000100000000)
  eden space 43520K, 44% used [0x00000000eab00000,0x00000000ebdc6858,0x00000000ed580000)
  from space 4608K, 58% used [0x00000000ed980000,0x00000000edc26f10,0x00000000ede00000)
  to   space 3072K, 0% used [0x00000000ede80000,0x00000000ede80000,0x00000000ee180000)
 ParOldGen       total 303104K, used 280876K [0x00000000c0000000, 0x00000000d2800000, 0x00000000eab00000)
  object space 303104K, 92% used [0x00000000c0000000,0x00000000d124b3f0,0x00000000d2800000)
 Metaspace       used 57592K, committed 58688K, reserved 1114112K
  class space    used 6066K, committed 6528K, reserved 1048576K

Card table byte_map: [0x00000263fc060000,0x00000263fc270000] _byte_map_base: 0x00000263fba60000

Marking Bits: (ParMarkBitMap*) 0x00007ffed7bdd820
 Begin Bits: [0x00000263fc3d0000, 0x00000263fd3d0000)
 End Bits:   [0x00000263fd3d0000, 0x00000263fe3d0000)

Polling page: 0x00000263f7830000

Metaspace:

Usage:
  Non-class:     50.32 MB used.
      Class:      5.92 MB used.
       Both:     56.24 MB used.

Virtual space:
  Non-class space:       64.00 MB reserved,      50.94 MB ( 80%) committed,  1 nodes.
      Class space:        1.00 GB reserved,       6.38 MB ( <1%) committed,  1 nodes.
             Both:        1.06 GB reserved,      57.31 MB (  5%) committed. 

Chunk freelists:
   Non-Class:  12.34 MB
       Class:  9.65 MB
        Both:  22.00 MB

MaxMetaspaceSize: unlimited
CompressedClassSpaceSize: 1.00 GB
Initial GC threshold: 21.00 MB
Current GC threshold: 95.31 MB
CDS: off
MetaspaceReclaimPolicy: balanced
 - commit_granule_bytes: 65536.
 - commit_granule_words: 8192.
 - virtual_space_node_default_size: 8388608.
 - enlarge_chunks_in_place: 1.
 - new_chunks_are_fully_committed: 0.
 - uncommit_free_chunks: 1.
 - use_allocation_guard: 0.
 - handle_deallocations: 1.


Internal statistics:

num_allocs_failed_limit: 6.
num_arena_births: 616.
num_arena_deaths: 14.
num_vsnodes_births: 2.
num_vsnodes_deaths: 0.
num_space_committed: 917.
num_space_uncommitted: 0.
num_chunks_returned_to_freelist: 20.
num_chunks_taken_from_freelist: 2734.
num_chunk_merges: 12.
num_chunk_splits: 1782.
num_chunks_enlarged: 1178.
num_inconsistent_stats: 0.

CodeHeap 'non-profiled nmethods': size=119168Kb used=5661Kb max_used=6837Kb free=113506Kb
 bounds [0x0000026387ba0000, 0x0000026388250000, 0x000002638f000000]
CodeHeap 'profiled nmethods': size=119104Kb used=14349Kb max_used=16604Kb free=104754Kb
 bounds [0x0000026380000000, 0x0000026381070000, 0x0000026387450000]
CodeHeap 'non-nmethods': size=7488Kb used=2513Kb max_used=3068Kb free=4974Kb
 bounds [0x0000026387450000, 0x0000026387770000, 0x0000026387ba0000]
 total_blobs=7825 nmethods=7159 adapters=575
 compilation: enabled
              stopped_count=0, restarted_count=0
 full_count=0

Compilation events (20 events):
Event: 67.711 Thread 0x000002639537e7e0 nmethod 8980 0x0000026388060490 code [0x00000263880606e0, 0x0000026388062d28]
Event: 67.711 Thread 0x000002639537e7e0 8991   !   4       java.io.BufferedWriter::write (184 bytes)
Event: 67.714 Thread 0x000002639537e7e0 nmethod 8991 0x0000026387f1d810 code [0x0000026387f1d9a0, 0x0000026387f1ded8]
Event: 67.714 Thread 0x000002639537e7e0 8990       4       org.eclipse.core.runtime.SubMonitor::split (72 bytes)
Event: 67.721 Thread 0x000002639537e7e0 nmethod 8990 0x0000026387d1e610 code [0x0000026387d1e840, 0x0000026387d1f1d0]
Event: 67.724 Thread 0x000002639537e7e0 8992   !   4       org.eclipse.jdt.internal.core.search.indexing.BinaryContainer::isValidPackageNameForClassOrisModule (158 bytes)
Event: 67.728 Thread 0x000002639537d2a0 nmethod 8988 0x0000026388016e10 code [0x0000026388017040, 0x0000026388018110]
Event: 67.728 Thread 0x000002639537d2a0 8993       4       org.eclipse.jdt.internal.compiler.util.SimpleLookupTable::get (59 bytes)
Event: 67.730 Thread 0x000002639537d2a0 nmethod 8993 0x000002638805fe10 code [0x000002638805ffa0, 0x0000026388060218]
Event: 67.735 Thread 0x000002639537e7e0 nmethod 8992 0x0000026388004d10 code [0x0000026388004f20, 0x0000026388005d20]
Event: 67.737 Thread 0x000002639507e0d0 8994       3       sun.nio.fs.WindowsException::<init> (15 bytes)
Event: 67.737 Thread 0x00000263ffaefa40 8995       3       sun.nio.fs.WindowsException::fillInStackTrace (2 bytes)
Event: 67.737 Thread 0x00000263ffaefa40 nmethod 8995 0x00000263800a3890 code [0x00000263800a3a20, 0x00000263800a3b38]
Event: 67.737 Thread 0x000002639507e0d0 nmethod 8994 0x00000263807ef490 code [0x00000263807ef640, 0x00000263807ef918]
Event: 67.739 Thread 0x000002639537dd40 nmethod 8981 0x0000026387fb8c90 code [0x0000026387fb8f20, 0x0000026387fbb9f0]
Event: 67.745 Thread 0x00000263ffaeed80 nmethod 8985 0x0000026388054610 code [0x0000026388054820, 0x0000026388056000]
Event: 67.757 Thread 0x00000263ffaeed80 8996 % !   4       org.eclipse.jdt.internal.compiler.classfmt.ClassFileReader::<init> @ 63 (2158 bytes)
Event: 67.772 Thread 0x000002639537dd40 8997       4       org.eclipse.jdt.internal.core.index.DiskIndex::writeStreamChars (220 bytes)
Event: 67.783 Thread 0x000002639537dd40 nmethod 8997 0x00000263881d6e90 code [0x00000263881d7060, 0x00000263881d7a28]
Event: 67.861 Thread 0x000002639537d2a0 8998       4       org.eclipse.jdt.internal.core.index.DiskIndex::writeCategoryTable (252 bytes)

GC Heap History (20 events):
Event: 67.025 GC heap before
{Heap before GC invocations=109 (full 7):
 PSYoungGen      total 33792K, used 33454K [0x00000000eab00000, 0x00000000ed580000, 0x0000000100000000)
  eden space 27648K, 100% used [0x00000000eab00000,0x00000000ec600000,0x00000000ec600000)
  from space 6144K, 94% used [0x00000000ecf80000,0x00000000ed52bb98,0x00000000ed580000)
  to   space 7680K, 0% used [0x00000000ec680000,0x00000000ec680000,0x00000000ece00000)
 ParOldGen       total 238592K, used 231281K [0x00000000c0000000, 0x00000000ce900000, 0x00000000eab00000)
  object space 238592K, 96% used [0x00000000c0000000,0x00000000ce1dc7b0,0x00000000ce900000)
 Metaspace       used 57518K, committed 58560K, reserved 1114112K
  class space    used 6060K, committed 6528K, reserved 1048576K
}
Event: 67.029 GC heap after
{Heap after GC invocations=109 (full 7):
 PSYoungGen      total 35840K, used 6842K [0x00000000eab00000, 0x00000000ed700000, 0x0000000100000000)
  eden space 28160K, 0% used [0x00000000eab00000,0x00000000eab00000,0x00000000ec680000)
  from space 7680K, 89% used [0x00000000ec680000,0x00000000ecd2eb80,0x00000000ece00000)
  to   space 7168K, 0% used [0x00000000ed000000,0x00000000ed000000,0x00000000ed700000)
 ParOldGen       total 238592K, used 236563K [0x00000000c0000000, 0x00000000ce900000, 0x00000000eab00000)
  object space 238592K, 99% used [0x00000000c0000000,0x00000000ce704fb8,0x00000000ce900000)
 Metaspace       used 57518K, committed 58560K, reserved 1114112K
  class space    used 6060K, committed 6528K, reserved 1048576K
}
Event: 67.029 GC heap before
{Heap before GC invocations=110 (full 8):
 PSYoungGen      total 35840K, used 6842K [0x00000000eab00000, 0x00000000ed700000, 0x0000000100000000)
  eden space 28160K, 0% used [0x00000000eab00000,0x00000000eab00000,0x00000000ec680000)
  from space 7680K, 89% used [0x00000000ec680000,0x00000000ecd2eb80,0x00000000ece00000)
  to   space 7168K, 0% used [0x00000000ed000000,0x00000000ed000000,0x00000000ed700000)
 ParOldGen       total 238592K, used 236563K [0x00000000c0000000, 0x00000000ce900000, 0x00000000eab00000)
  object space 238592K, 99% used [0x00000000c0000000,0x00000000ce704fb8,0x00000000ce900000)
 Metaspace       used 57518K, committed 58560K, reserved 1114112K
  class space    used 6060K, committed 6528K, reserved 1048576K
}
Event: 67.092 GC heap after
{Heap after GC invocations=110 (full 8):
 PSYoungGen      total 35840K, used 464K [0x00000000eab00000, 0x00000000ed780000, 0x0000000100000000)
  eden space 28160K, 0% used [0x00000000eab00000,0x00000000eab00000,0x00000000ec680000)
  from space 7680K, 6% used [0x00000000ec680000,0x00000000ec6f4268,0x00000000ece00000)
  to   space 7168K, 0% used [0x00000000ed080000,0x00000000ed080000,0x00000000ed780000)
 ParOldGen       total 303104K, used 238346K [0x00000000c0000000, 0x00000000d2800000, 0x00000000eab00000)
  object space 303104K, 78% used [0x00000000c0000000,0x00000000ce8c2a70,0x00000000d2800000)
 Metaspace       used 57518K, committed 58560K, reserved 1114112K
  class space    used 6060K, committed 6528K, reserved 1048576K
}
Event: 67.126 GC heap before
{Heap before GC invocations=111 (full 8):
 PSYoungGen      total 35840K, used 28624K [0x00000000eab00000, 0x00000000ed780000, 0x0000000100000000)
  eden space 28160K, 100% used [0x00000000eab00000,0x00000000ec680000,0x00000000ec680000)
  from space 7680K, 6% used [0x00000000ec680000,0x00000000ec6f4268,0x00000000ece00000)
  to   space 7168K, 0% used [0x00000000ed080000,0x00000000ed080000,0x00000000ed780000)
 ParOldGen       total 303104K, used 238346K [0x00000000c0000000, 0x00000000d2800000, 0x00000000eab00000)
  object space 303104K, 78% used [0x00000000c0000000,0x00000000ce8c2a70,0x00000000d2800000)
 Metaspace       used 57518K, committed 58560K, reserved 1114112K
  class space    used 6060K, committed 6528K, reserved 1048576K
}
Event: 67.137 GC heap after
{Heap after GC invocations=111 (full 8):
 PSYoungGen      total 36864K, used 7160K [0x00000000eab00000, 0x00000000eda80000, 0x0000000100000000)
  eden space 29696K, 0% used [0x00000000eab00000,0x00000000eab00000,0x00000000ec800000)
  from space 7168K, 99% used [0x00000000ed080000,0x00000000ed77e1b0,0x00000000ed780000)
  to   space 8704K, 0% used [0x00000000ec800000,0x00000000ec800000,0x00000000ed080000)
 ParOldGen       total 303104K, used 239395K [0x00000000c0000000, 0x00000000d2800000, 0x00000000eab00000)
  object space 303104K, 78% used [0x00000000c0000000,0x00000000ce9c8ed8,0x00000000d2800000)
 Metaspace       used 57518K, committed 58560K, reserved 1114112K
  class space    used 6060K, committed 6528K, reserved 1048576K
}
Event: 67.154 GC heap before
{Heap before GC invocations=112 (full 8):
 PSYoungGen      total 36864K, used 36856K [0x00000000eab00000, 0x00000000eda80000, 0x0000000100000000)
  eden space 29696K, 100% used [0x00000000eab00000,0x00000000ec800000,0x00000000ec800000)
  from space 7168K, 99% used [0x00000000ed080000,0x00000000ed77e1b0,0x00000000ed780000)
  to   space 8704K, 0% used [0x00000000ec800000,0x00000000ec800000,0x00000000ed080000)
 ParOldGen       total 303104K, used 239395K [0x00000000c0000000, 0x00000000d2800000, 0x00000000eab00000)
  object space 303104K, 78% used [0x00000000c0000000,0x00000000ce9c8ed8,0x00000000d2800000)
 Metaspace       used 57518K, committed 58560K, reserved 1114112K
  class space    used 6060K, committed 6528K, reserved 1048576K
}
Event: 67.162 GC heap after
{Heap after GC invocations=112 (full 8):
 PSYoungGen      total 38400K, used 8698K [0x00000000eab00000, 0x00000000eef80000, 0x0000000100000000)
  eden space 29696K, 0% used [0x00000000eab00000,0x00000000eab00000,0x00000000ec800000)
  from space 8704K, 99% used [0x00000000ec800000,0x00000000ed07e968,0x00000000ed080000)
  to   space 18432K, 0% used [0x00000000edd80000,0x00000000edd80000,0x00000000eef80000)
 ParOldGen       total 303104K, used 247241K [0x00000000c0000000, 0x00000000d2800000, 0x00000000eab00000)
  object space 303104K, 81% used [0x00000000c0000000,0x00000000cf172790,0x00000000d2800000)
 Metaspace       used 57518K, committed 58560K, reserved 1114112K
  class space    used 6060K, committed 6528K, reserved 1048576K
}
Event: 67.175 GC heap before
{Heap before GC invocations=113 (full 8):
 PSYoungGen      total 38400K, used 38394K [0x00000000eab00000, 0x00000000eef80000, 0x0000000100000000)
  eden space 29696K, 100% used [0x00000000eab00000,0x00000000ec800000,0x00000000ec800000)
  from space 8704K, 99% used [0x00000000ec800000,0x00000000ed07e968,0x00000000ed080000)
  to   space 18432K, 0% used [0x00000000edd80000,0x00000000edd80000,0x00000000eef80000)
 ParOldGen       total 303104K, used 247241K [0x00000000c0000000, 0x00000000d2800000, 0x00000000eab00000)
  object space 303104K, 81% used [0x00000000c0000000,0x00000000cf172790,0x00000000d2800000)
 Metaspace       used 57518K, committed 58560K, reserved 1114112K
  class space    used 6060K, committed 6528K, reserved 1048576K
}
Event: 67.180 GC heap after
{Heap after GC invocations=113 (full 8):
 PSYoungGen      total 45568K, used 11736K [0x00000000eab00000, 0x00000000ee900000, 0x0000000100000000)
  eden space 33792K, 0% used [0x00000000eab00000,0x00000000eab00000,0x00000000ecc00000)
  from space 11776K, 99% used [0x00000000edd80000,0x00000000ee8f61b8,0x00000000ee900000)
  to   space 13824K, 0% used [0x00000000ece00000,0x00000000ece00000,0x00000000edb80000)
 ParOldGen       total 303104K, used 255776K [0x00000000c0000000, 0x00000000d2800000, 0x00000000eab00000)
  object space 303104K, 84% used [0x00000000c0000000,0x00000000cf9c8378,0x00000000d2800000)
 Metaspace       used 57518K, committed 58560K, reserved 1114112K
  class space    used 6060K, committed 6528K, reserved 1048576K
}
Event: 67.241 GC heap before
{Heap before GC invocations=114 (full 8):
 PSYoungGen      total 45568K, used 45528K [0x00000000eab00000, 0x00000000ee900000, 0x0000000100000000)
  eden space 33792K, 100% used [0x00000000eab00000,0x00000000ecc00000,0x00000000ecc00000)
  from space 11776K, 99% used [0x00000000edd80000,0x00000000ee8f61b8,0x00000000ee900000)
  to   space 13824K, 0% used [0x00000000ece00000,0x00000000ece00000,0x00000000edb80000)
 ParOldGen       total 303104K, used 255776K [0x00000000c0000000, 0x00000000d2800000, 0x00000000eab00000)
  object space 303104K, 84% used [0x00000000c0000000,0x00000000cf9c8378,0x00000000d2800000)
 Metaspace       used 57531K, committed 58560K, reserved 1114112K
  class space    used 6062K, committed 6528K, reserved 1048576K
}
Event: 67.248 GC heap after
{Heap after GC invocations=114 (full 8):
 PSYoungGen      total 43008K, used 7027K [0x00000000eab00000, 0x00000000ee280000, 0x0000000100000000)
  eden space 35840K, 0% used [0x00000000eab00000,0x00000000eab00000,0x00000000ece00000)
  from space 7168K, 98% used [0x00000000ece00000,0x00000000ed4dcd18,0x00000000ed500000)
  to   space 9216K, 0% used [0x00000000ed980000,0x00000000ed980000,0x00000000ee280000)
 ParOldGen       total 303104K, used 267243K [0x00000000c0000000, 0x00000000d2800000, 0x00000000eab00000)
  object space 303104K, 88% used [0x00000000c0000000,0x00000000d04fadc8,0x00000000d2800000)
 Metaspace       used 57531K, committed 58560K, reserved 1114112K
  class space    used 6062K, committed 6528K, reserved 1048576K
}
Event: 67.306 GC heap before
{Heap before GC invocations=115 (full 8):
 PSYoungGen      total 43008K, used 42867K [0x00000000eab00000, 0x00000000ee280000, 0x0000000100000000)
  eden space 35840K, 100% used [0x00000000eab00000,0x00000000ece00000,0x00000000ece00000)
  from space 7168K, 98% used [0x00000000ece00000,0x00000000ed4dcd18,0x00000000ed500000)
  to   space 9216K, 0% used [0x00000000ed980000,0x00000000ed980000,0x00000000ee280000)
 ParOldGen       total 303104K, used 267243K [0x00000000c0000000, 0x00000000d2800000, 0x00000000eab00000)
  object space 303104K, 88% used [0x00000000c0000000,0x00000000d04fadc8,0x00000000d2800000)
 Metaspace       used 57531K, committed 58560K, reserved 1114112K
  class space    used 6062K, committed 6528K, reserved 1048576K
}
Event: 67.312 GC heap after
{Heap after GC invocations=115 (full 8):
 PSYoungGen      total 44032K, used 4056K [0x00000000eab00000, 0x00000000edd80000, 0x0000000100000000)
  eden space 39936K, 0% used [0x00000000eab00000,0x00000000eab00000,0x00000000ed200000)
  from space 4096K, 99% used [0x00000000ed980000,0x00000000edd76008,0x00000000edd80000)
  to   space 5632K, 0% used [0x00000000ed280000,0x00000000ed280000,0x00000000ed800000)
 ParOldGen       total 303104K, used 273713K [0x00000000c0000000, 0x00000000d2800000, 0x00000000eab00000)
  object space 303104K, 90% used [0x00000000c0000000,0x00000000d0b4c7d8,0x00000000d2800000)
 Metaspace       used 57531K, committed 58560K, reserved 1114112K
  class space    used 6062K, committed 6528K, reserved 1048576K
}
Event: 67.407 GC heap before
{Heap before GC invocations=116 (full 8):
 PSYoungGen      total 44032K, used 43992K [0x00000000eab00000, 0x00000000edd80000, 0x0000000100000000)
  eden space 39936K, 100% used [0x00000000eab00000,0x00000000ed200000,0x00000000ed200000)
  from space 4096K, 99% used [0x00000000ed980000,0x00000000edd76008,0x00000000edd80000)
  to   space 5632K, 0% used [0x00000000ed280000,0x00000000ed280000,0x00000000ed800000)
 ParOldGen       total 303104K, used 273713K [0x00000000c0000000, 0x00000000d2800000, 0x00000000eab00000)
  object space 303104K, 90% used [0x00000000c0000000,0x00000000d0b4c7d8,0x00000000d2800000)
 Metaspace       used 57548K, committed 58624K, reserved 1114112K
  class space    used 6064K, committed 6528K, reserved 1048576K
}
Event: 67.411 GC heap after
{Heap after GC invocations=116 (full 8):
 PSYoungGen      total 46080K, used 5604K [0x00000000eab00000, 0x00000000eec00000, 0x0000000100000000)
  eden space 40448K, 0% used [0x00000000eab00000,0x00000000eab00000,0x00000000ed280000)
  from space 5632K, 99% used [0x00000000ed280000,0x00000000ed7f91a0,0x00000000ed800000)
  to   space 11264K, 0% used [0x00000000ee100000,0x00000000ee100000,0x00000000eec00000)
 ParOldGen       total 303104K, used 278140K [0x00000000c0000000, 0x00000000d2800000, 0x00000000eab00000)
  object space 303104K, 91% used [0x00000000c0000000,0x00000000d0f9f3f0,0x00000000d2800000)
 Metaspace       used 57548K, committed 58624K, reserved 1114112K
  class space    used 6064K, committed 6528K, reserved 1048576K
}
Event: 67.634 GC heap before
{Heap before GC invocations=117 (full 8):
 PSYoungGen      total 46080K, used 46052K [0x00000000eab00000, 0x00000000eec00000, 0x0000000100000000)
  eden space 40448K, 100% used [0x00000000eab00000,0x00000000ed280000,0x00000000ed280000)
  from space 5632K, 99% used [0x00000000ed280000,0x00000000ed7f91a0,0x00000000ed800000)
  to   space 11264K, 0% used [0x00000000ee100000,0x00000000ee100000,0x00000000eec00000)
 ParOldGen       total 303104K, used 278140K [0x00000000c0000000, 0x00000000d2800000, 0x00000000eab00000)
  object space 303104K, 91% used [0x00000000c0000000,0x00000000d0f9f3f0,0x00000000d2800000)
 Metaspace       used 57589K, committed 58624K, reserved 1114112K
  class space    used 6066K, committed 6528K, reserved 1048576K
}
Event: 67.638 GC heap after
{Heap after GC invocations=117 (full 8):
 PSYoungGen      total 45568K, used 1216K [0x00000000eab00000, 0x00000000ee280000, 0x0000000100000000)
  eden space 44032K, 0% used [0x00000000eab00000,0x00000000eab00000,0x00000000ed600000)
  from space 1536K, 79% used [0x00000000ee100000,0x00000000ee230000,0x00000000ee280000)
  to   space 4608K, 0% used [0x00000000ed980000,0x00000000ed980000,0x00000000ede00000)
 ParOldGen       total 303104K, used 280876K [0x00000000c0000000, 0x00000000d2800000, 0x00000000eab00000)
  object space 303104K, 92% used [0x00000000c0000000,0x00000000d124b3f0,0x00000000d2800000)
 Metaspace       used 57589K, committed 58624K, reserved 1114112K
  class space    used 6066K, committed 6528K, reserved 1048576K
}
Event: 67.819 GC heap before
{Heap before GC invocations=118 (full 8):
 PSYoungGen      total 45568K, used 45248K [0x00000000eab00000, 0x00000000ee280000, 0x0000000100000000)
  eden space 44032K, 100% used [0x00000000eab00000,0x00000000ed600000,0x00000000ed600000)
  from space 1536K, 79% used [0x00000000ee100000,0x00000000ee230000,0x00000000ee280000)
  to   space 4608K, 0% used [0x00000000ed980000,0x00000000ed980000,0x00000000ede00000)
 ParOldGen       total 303104K, used 280876K [0x00000000c0000000, 0x00000000d2800000, 0x00000000eab00000)
  object space 303104K, 92% used [0x00000000c0000000,0x00000000d124b3f0,0x00000000d2800000)
 Metaspace       used 57590K, committed 58688K, reserved 1114112K
  class space    used 6066K, committed 6528K, reserved 1048576K
}
Event: 67.822 GC heap after
{Heap after GC invocations=118 (full 8):
 PSYoungGen      total 48128K, used 2715K [0x00000000eab00000, 0x00000000ee180000, 0x0000000100000000)
  eden space 43520K, 0% used [0x00000000eab00000,0x00000000eab00000,0x00000000ed580000)
  from space 4608K, 58% used [0x00000000ed980000,0x00000000edc26f10,0x00000000ede00000)
  to   space 3072K, 0% used [0x00000000ede80000,0x00000000ede80000,0x00000000ee180000)
 ParOldGen       total 303104K, used 280876K [0x00000000c0000000, 0x00000000d2800000, 0x00000000eab00000)
  object space 303104K, 92% used [0x00000000c0000000,0x00000000d124b3f0,0x00000000d2800000)
 Metaspace       used 57590K, committed 58688K, reserved 1114112K
  class space    used 6066K, committed 6528K, reserved 1048576K
}

Dll operation events (10 events):
Event: 0.007 Loaded shared library c:\Users\casa\.vscode\extensions\redhat.java-1.33.0-win32-x64\jre\17.0.11-win32-x86_64\bin\java.dll
Event: 0.096 Loaded shared library c:\Users\casa\.vscode\extensions\redhat.java-1.33.0-win32-x64\jre\17.0.11-win32-x86_64\bin\zip.dll
Event: 0.098 Loaded shared library C:\Users\casa\.vscode\extensions\redhat.java-1.33.0-win32-x64\jre\17.0.11-win32-x86_64\bin\instrument.dll
Event: 0.106 Loaded shared library C:\Users\casa\.vscode\extensions\redhat.java-1.33.0-win32-x64\jre\17.0.11-win32-x86_64\bin\net.dll
Event: 0.108 Loaded shared library C:\Users\casa\.vscode\extensions\redhat.java-1.33.0-win32-x64\jre\17.0.11-win32-x86_64\bin\nio.dll
Event: 0.113 Loaded shared library C:\Users\casa\.vscode\extensions\redhat.java-1.33.0-win32-x64\jre\17.0.11-win32-x86_64\bin\zip.dll
Event: 0.125 Loaded shared library C:\Users\casa\.vscode\extensions\redhat.java-1.33.0-win32-x64\jre\17.0.11-win32-x86_64\bin\jimage.dll
Event: 0.167 Loaded shared library c:\Users\casa\.vscode\extensions\redhat.java-1.33.0-win32-x64\jre\17.0.11-win32-x86_64\bin\verify.dll
Event: 0.848 Loaded shared library C:\Users\casa\AppData\Roaming\Code\User\globalStorage\redhat.java\1.33.0\config_win\org.eclipse.equinox.launcher\org.eclipse.equinox.launcher.win32.win32.x86_64_1.2.1100.v20240722-2106\eclipse_11904.dll
Event: 1.604 Loaded shared library C:\Users\casa\AppData\Local\Temp\jna-3046188\jna11226336301931881238.dll

Deoptimization events (20 events):
Event: 67.707 Thread 0x000002639565f4b0 DEOPT PACKING pc=0x0000026388218654 sp=0x00000079583ff060
Event: 67.707 Thread 0x000002639565f4b0 DEOPT UNPACKING pc=0x00000263874a66a3 sp=0x00000079583fefe8 mode 2
Event: 67.710 Thread 0x000002639565f4b0 DEOPT PACKING pc=0x0000026380ed40ee sp=0x00000079583ff1f0
Event: 67.710 Thread 0x000002639565f4b0 DEOPT UNPACKING pc=0x00000263874a6e43 sp=0x00000079583fe6e8 mode 0
Event: 67.724 Thread 0x000002639565f4b0 DEOPT PACKING pc=0x0000026380de4506 sp=0x00000079583ff080
Event: 67.724 Thread 0x000002639565f4b0 DEOPT UNPACKING pc=0x00000263874a6e43 sp=0x00000079583fe5d8 mode 0
Event: 67.725 Thread 0x000002639565f4b0 DEOPT PACKING pc=0x00000263808799e4 sp=0x00000079583ff080
Event: 67.725 Thread 0x000002639565f4b0 DEOPT UNPACKING pc=0x00000263874a6e43 sp=0x00000079583fe580 mode 0
Event: 67.861 Thread 0x000002639565f4b0 DEOPT PACKING pc=0x00000263808799e4 sp=0x00000079583ff080
Event: 67.861 Thread 0x000002639565f4b0 DEOPT UNPACKING pc=0x00000263874a6e43 sp=0x00000079583fe580 mode 0
Event: 67.864 Thread 0x000002639565f4b0 DEOPT PACKING pc=0x00000263808799e4 sp=0x00000079583ff080
Event: 67.864 Thread 0x000002639565f4b0 DEOPT UNPACKING pc=0x00000263874a6e43 sp=0x00000079583fe580 mode 0
Event: 67.866 Thread 0x000002639565f4b0 DEOPT PACKING pc=0x00000263808799e4 sp=0x00000079583ff080
Event: 67.866 Thread 0x000002639565f4b0 DEOPT UNPACKING pc=0x00000263874a6e43 sp=0x00000079583fe580 mode 0
Event: 67.868 Thread 0x000002639565f4b0 DEOPT PACKING pc=0x00000263808799e4 sp=0x00000079583ff080
Event: 67.868 Thread 0x000002639565f4b0 DEOPT UNPACKING pc=0x00000263874a6e43 sp=0x00000079583fe580 mode 0
Event: 67.870 Thread 0x000002639565f4b0 DEOPT PACKING pc=0x00000263808799e4 sp=0x00000079583ff080
Event: 67.870 Thread 0x000002639565f4b0 DEOPT UNPACKING pc=0x00000263874a6e43 sp=0x00000079583fe580 mode 0
Event: 67.872 Thread 0x000002639565f4b0 DEOPT PACKING pc=0x00000263808799e4 sp=0x00000079583ff080
Event: 67.872 Thread 0x000002639565f4b0 DEOPT UNPACKING pc=0x00000263874a6e43 sp=0x00000079583fe580 mode 0

Classes unloaded (7 events):
Event: 2.340 Thread 0x00000263f7a7f2d0 Unloading class 0x0000000100254400 'java/lang/invoke/LambdaForm$MH+0x0000000100254400'
Event: 2.340 Thread 0x00000263f7a7f2d0 Unloading class 0x0000000100254000 'java/lang/invoke/LambdaForm$MH+0x0000000100254000'
Event: 2.340 Thread 0x00000263f7a7f2d0 Unloading class 0x0000000100253c00 'java/lang/invoke/LambdaForm$MH+0x0000000100253c00'
Event: 2.340 Thread 0x00000263f7a7f2d0 Unloading class 0x0000000100253800 'java/lang/invoke/LambdaForm$MH+0x0000000100253800'
Event: 2.340 Thread 0x00000263f7a7f2d0 Unloading class 0x0000000100253400 'java/lang/invoke/LambdaForm$BMH+0x0000000100253400'
Event: 2.340 Thread 0x00000263f7a7f2d0 Unloading class 0x0000000100253000 'java/lang/invoke/LambdaForm$DMH+0x0000000100253000'
Event: 2.340 Thread 0x00000263f7a7f2d0 Unloading class 0x0000000100250400 'java/lang/invoke/LambdaForm$DMH+0x0000000100250400'

Classes redefined (0 events):
No events

Internal exceptions (20 events):
Event: 67.442 Thread 0x000002639565f4b0 Exception <a 'sun/nio/fs/WindowsException'{0x00000000eabc5d08}> (0x00000000eabc5d08) 
thrown [s\src\hotspot\share\prims\jni.cpp, line 516]
Event: 67.452 Thread 0x000002639565f4b0 Exception <a 'sun/nio/fs/WindowsException'{0x00000000eac2b238}> (0x00000000eac2b238) 
thrown [s\src\hotspot\share\prims\jni.cpp, line 516]
Event: 67.465 Thread 0x000002639565f4b0 Exception <a 'sun/nio/fs/WindowsException'{0x00000000ead45068}> (0x00000000ead45068) 
thrown [s\src\hotspot\share\prims\jni.cpp, line 516]
Event: 67.474 Thread 0x000002639565f4b0 Exception <a 'sun/nio/fs/WindowsException'{0x00000000ead502d8}> (0x00000000ead502d8) 
thrown [s\src\hotspot\share\prims\jni.cpp, line 516]
Event: 67.485 Thread 0x000002639565f4b0 Exception <a 'sun/nio/fs/WindowsException'{0x00000000eae01740}> (0x00000000eae01740) 
thrown [s\src\hotspot\share\prims\jni.cpp, line 516]
Event: 67.514 Thread 0x000002639565f4b0 Exception <a 'sun/nio/fs/WindowsException'{0x00000000eb6c75d0}> (0x00000000eb6c75d0) 
thrown [s\src\hotspot\share\prims\jni.cpp, line 516]
Event: 67.523 Thread 0x000002639565f4b0 Exception <a 'sun/nio/fs/WindowsException'{0x00000000eb6dfb80}> (0x00000000eb6dfb80) 
thrown [s\src\hotspot\share\prims\jni.cpp, line 516]
Event: 67.549 Thread 0x000002639565f4b0 Exception <a 'sun/nio/fs/WindowsException'{0x00000000ebd67648}> (0x00000000ebd67648) 
thrown [s\src\hotspot\share\prims\jni.cpp, line 516]
Event: 67.558 Thread 0x000002639565f4b0 Exception <a 'sun/nio/fs/WindowsException'{0x00000000ebd71890}> (0x00000000ebd71890) 
thrown [s\src\hotspot\share\prims\jni.cpp, line 516]
Event: 67.567 Thread 0x000002639565f4b0 Exception <a 'sun/nio/fs/WindowsException'{0x00000000ebdcdf28}> (0x00000000ebdcdf28) 
thrown [s\src\hotspot\share\prims\jni.cpp, line 516]
Event: 67.622 Thread 0x000002639565f4b0 Exception <a 'sun/nio/fs/WindowsException'{0x00000000ed06a9b8}> (0x00000000ed06a9b8) 
thrown [s\src\hotspot\share\prims\jni.cpp, line 516]
Event: 67.650 Thread 0x000002639565f4b0 Exception <a 'sun/nio/fs/WindowsException'{0x00000000eaeb3b78}> (0x00000000eaeb3b78) 
thrown [s\src\hotspot\share\prims\jni.cpp, line 516]
Event: 67.678 Thread 0x000002639565f4b0 Exception <a 'sun/nio/fs/WindowsException'{0x00000000eb627db8}> (0x00000000eb627db8) 
thrown [s\src\hotspot\share\prims\jni.cpp, line 516]
Event: 67.709 Thread 0x000002639565f4b0 Exception <a 'sun/nio/fs/WindowsException'{0x00000000ebe491e8}> (0x00000000ebe491e8) 
thrown [s\src\hotspot\share\prims\jni.cpp, line 516]
Event: 67.727 Thread 0x000002639565f4b0 Exception <a 'sun/nio/fs/WindowsException'{0x00000000ec14a3e0}> (0x00000000ec14a3e0) 
thrown [s\src\hotspot\share\prims\jni.cpp, line 516]
Event: 67.737 Thread 0x000002639565f4b0 Exception <a 'sun/nio/fs/WindowsException'{0x00000000ec163f60}> (0x00000000ec163f60) 
thrown [s\src\hotspot\share\prims\jni.cpp, line 516]
Event: 67.746 Thread 0x000002639565f4b0 Exception <a 'sun/nio/fs/WindowsException'{0x00000000ec1b35c8}> (0x00000000ec1b35c8) 
thrown [s\src\hotspot\share\prims\jni.cpp, line 516]
Event: 67.774 Thread 0x000002639565f4b0 Exception <a 'sun/nio/fs/WindowsException'{0x00000000ec8a7a10}> (0x00000000ec8a7a10) 
thrown [s\src\hotspot\share\prims\jni.cpp, line 516]
Event: 67.783 Thread 0x000002639565f4b0 Exception <a 'sun/nio/fs/WindowsException'{0x00000000ec8b1ba8}> (0x00000000ec8b1ba8) 
thrown [s\src\hotspot\share\prims\jni.cpp, line 516]
Event: 67.873 Thread 0x000002639565f4b0 Exception <a 'sun/nio/fs/WindowsException'{0x00000000eb9bde70}> (0x00000000eb9bde70) 
thrown [s\src\hotspot\share\prims\jni.cpp, line 516]

VM Operations (20 events):
Event: 67.241 Executing VM operation: ParallelGCFailedAllocation
Event: 67.248 Executing VM operation: ParallelGCFailedAllocation done
Event: 67.306 Executing VM operation: ParallelGCFailedAllocation
Event: 67.312 Executing VM operation: ParallelGCFailedAllocation done
Event: 67.372 Executing VM operation: HandshakeAllThreads
Event: 67.372 Executing VM operation: HandshakeAllThreads done
Event: 67.372 Executing VM operation: HandshakeAllThreads
Event: 67.372 Executing VM operation: HandshakeAllThreads done
Event: 67.407 Executing VM operation: ParallelGCFailedAllocation
Event: 67.411 Executing VM operation: ParallelGCFailedAllocation done
Event: 67.634 Executing VM operation: ParallelGCFailedAllocation
Event: 67.638 Executing VM operation: ParallelGCFailedAllocation done
Event: 67.638 Executing VM operation: HandshakeAllThreads
Event: 67.638 Executing VM operation: HandshakeAllThreads done
Event: 67.648 Executing VM operation: HandshakeAllThreads
Event: 67.648 Executing VM operation: HandshakeAllThreads done
Event: 67.662 Executing VM operation: HandshakeAllThreads
Event: 67.662 Executing VM operation: HandshakeAllThreads done
Event: 67.819 Executing VM operation: ParallelGCFailedAllocation
Event: 67.822 Executing VM operation: ParallelGCFailedAllocation done

Events (20 events):
Event: 67.670 Thread 0x00000263ffaeff60 flushing nmethod 0x0000026380e87510
Event: 67.670 Thread 0x00000263ffaeff60 flushing nmethod 0x0000026380e89190
Event: 67.670 Thread 0x00000263ffaeff60 flushing nmethod 0x0000026380e96090
Event: 67.670 Thread 0x00000263ffaeff60 flushing nmethod 0x0000026380e9d110
Event: 67.670 Thread 0x00000263ffaeff60 flushing nmethod 0x0000026380ea3390
Event: 67.670 Thread 0x00000263ffaeff60 flushing nmethod 0x0000026380ec2b90
Event: 67.670 Thread 0x00000263ffaeff60 flushing nmethod 0x0000026380edb810
Event: 67.670 Thread 0x00000263ffaeff60 flushing nmethod 0x0000026380ee7010
Event: 67.670 Thread 0x00000263ffaeff60 flushing nmethod 0x0000026380ee7890
Event: 67.670 Thread 0x00000263ffaeff60 flushing nmethod 0x0000026380f02090
Event: 67.670 Thread 0x00000263ffaeff60 flushing nmethod 0x0000026380f16110
Event: 67.670 Thread 0x00000263ffaeff60 flushing nmethod 0x0000026380fea310
Event: 67.670 Thread 0x00000263ffaeff60 flushing nmethod 0x0000026380ffc690
Event: 67.670 Thread 0x00000263ffaeff60 flushing nmethod 0x000002638100cf90
Event: 67.670 Thread 0x00000263ffaeff60 flushing nmethod 0x000002638100da90
Event: 67.670 Thread 0x00000263ffaeff60 flushing nmethod 0x0000026381023d90
Event: 67.670 Thread 0x00000263ffaeff60 flushing nmethod 0x0000026381037390
Event: 67.670 Thread 0x00000263ffaeff60 flushing nmethod 0x0000026381047d10
Event: 67.670 Thread 0x00000263ffaeff60 flushing nmethod 0x0000026381056990
Event: 67.861 Thread 0x000002639537e7e0 Thread exited: 0x000002639537e7e0


Dynamic libraries:
0x00007ff7e1c50000 - 0x00007ff7e1c5e000 	c:\Users\casa\.vscode\extensions\redhat.java-1.33.0-win32-x64\jre\17.0.11-win32-x86_64\bin\java.exe
0x00007fff49bd0000 - 0x00007fff49dc8000 	C:\Windows\SYSTEM32\ntdll.dll
0x00007fff499a0000 - 0x00007fff49a61000 	C:\Windows\System32\KERNEL32.DLL
0x00007fff47440000 - 0x00007fff47736000 	C:\Windows\System32\KERNELBASE.dll
0x00007fff478a0000 - 0x00007fff479a0000 	C:\Windows\System32\ucrtbase.dll
0x00007fff2f8e0000 - 0x00007fff2f8fb000 	c:\Users\casa\.vscode\extensions\redhat.java-1.33.0-win32-x64\jre\17.0.11-win32-x86_64\bin\VCRUNTIME140.dll
0x00007fff2f5e0000 - 0x00007fff2f5f7000 	c:\Users\casa\.vscode\extensions\redhat.java-1.33.0-win32-x64\jre\17.0.11-win32-x86_64\bin\jli.dll
0x00007fff47f50000 - 0x00007fff480ef000 	C:\Windows\System32\USER32.dll
0x00007fff47280000 - 0x00007fff472a2000 	C:\Windows\System32\win32u.dll
0x00007fff48cb0000 - 0x00007fff48cdb000 	C:\Windows\System32\GDI32.dll
0x00007fff30420000 - 0x00007fff306ba000 	C:\Windows\WinSxS\amd64_microsoft.windows.common-controls_6595b64144ccf1df_6.0.19041.4355_none_60b8b9eb71f62e16\COMCTL32.dll
0x00007fff47a30000 - 0x00007fff47b47000 	C:\Windows\System32\gdi32full.dll
0x00007fff48190000 - 0x00007fff4822e000 	C:\Windows\System32\msvcrt.dll
0x00007fff47350000 - 0x00007fff473ed000 	C:\Windows\System32\msvcp_win.dll
0x00007fff48c80000 - 0x00007fff48caf000 	C:\Windows\System32\IMM32.DLL
0x00007fff2f820000 - 0x00007fff2f82c000 	c:\Users\casa\.vscode\extensions\redhat.java-1.33.0-win32-x64\jre\17.0.11-win32-x86_64\bin\vcruntime140_1.dll
0x00007fff20f00000 - 0x00007fff20f8d000 	c:\Users\casa\.vscode\extensions\redhat.java-1.33.0-win32-x64\jre\17.0.11-win32-x86_64\bin\msvcp140.dll
0x00007ffed7040000 - 0x00007ffed7ca2000 	c:\Users\casa\.vscode\extensions\redhat.java-1.33.0-win32-x64\jre\17.0.11-win32-x86_64\bin\server\jvm.dll
0x00007fff483d0000 - 0x00007fff48480000 	C:\Windows\System32\ADVAPI32.dll
0x00007fff485e0000 - 0x00007fff48680000 	C:\Windows\System32\sechost.dll
0x00007fff48af0000 - 0x00007fff48c13000 	C:\Windows\System32\RPCRT4.dll
0x00007fff472b0000 - 0x00007fff472d7000 	C:\Windows\System32\bcrypt.dll
0x00007fff46800000 - 0x00007fff4684b000 	C:\Windows\SYSTEM32\POWRPROF.dll
0x00007fff2f7c0000 - 0x00007fff2f7c9000 	C:\Windows\SYSTEM32\WSOCK32.dll
0x00007fff3f700000 - 0x00007fff3f70a000 	C:\Windows\SYSTEM32\VERSION.dll
0x00007fff49b20000 - 0x00007fff49b8b000 	C:\Windows\System32\WS2_32.dll
0x00007fff3d330000 - 0x00007fff3d357000 	C:\Windows\SYSTEM32\WINMM.dll
0x00007fff46670000 - 0x00007fff46682000 	C:\Windows\SYSTEM32\UMPDC.dll
0x00007fff45120000 - 0x00007fff45132000 	C:\Windows\SYSTEM32\kernel.appcore.dll
0x00007fff2f6c0000 - 0x00007fff2f6ca000 	c:\Users\casa\.vscode\extensions\redhat.java-1.33.0-win32-x64\jre\17.0.11-win32-x86_64\bin\jimage.dll
0x00007fff3d430000 - 0x00007fff3d614000 	C:\Windows\SYSTEM32\DBGHELP.DLL
0x00007fff269f0000 - 0x00007fff26a24000 	C:\Windows\SYSTEM32\dbgcore.DLL
0x00007fff479a0000 - 0x00007fff47a22000 	C:\Windows\System32\bcryptPrimitives.dll
0x00007fff2ea20000 - 0x00007fff2ea2e000 	c:\Users\casa\.vscode\extensions\redhat.java-1.33.0-win32-x64\jre\17.0.11-win32-x86_64\bin\instrument.dll
0x00007fff27a10000 - 0x00007fff27a35000 	c:\Users\casa\.vscode\extensions\redhat.java-1.33.0-win32-x64\jre\17.0.11-win32-x86_64\bin\java.dll
0x00007fff2d980000 - 0x00007fff2d998000 	c:\Users\casa\.vscode\extensions\redhat.java-1.33.0-win32-x64\jre\17.0.11-win32-x86_64\bin\zip.dll
0x00007fff48ed0000 - 0x00007fff4963c000 	C:\Windows\System32\SHELL32.dll
0x00007fff45320000 - 0x00007fff45abe000 	C:\Windows\SYSTEM32\windows.storage.dll
0x00007fff49640000 - 0x00007fff49993000 	C:\Windows\System32\combase.dll
0x00007fff46ca0000 - 0x00007fff46cce000 	C:\Windows\SYSTEM32\Wldp.dll
0x00007fff48e00000 - 0x00007fff48ecd000 	C:\Windows\System32\OLEAUT32.dll
0x00007fff49a70000 - 0x00007fff49b1d000 	C:\Windows\System32\SHCORE.dll
0x00007fff48370000 - 0x00007fff483c5000 	C:\Windows\System32\shlwapi.dll
0x00007fff471b0000 - 0x00007fff471d4000 	C:\Windows\SYSTEM32\profapi.dll
0x00007fff2d220000 - 0x00007fff2d239000 	C:\Users\casa\.vscode\extensions\redhat.java-1.33.0-win32-x64\jre\17.0.11-win32-x86_64\bin\net.dll
0x00007fff40250000 - 0x00007fff4035a000 	C:\Windows\SYSTEM32\WINHTTP.dll
0x00007fff46a00000 - 0x00007fff46a6a000 	C:\Windows\system32\mswsock.dll
0x00007fff28f30000 - 0x00007fff28f46000 	C:\Users\casa\.vscode\extensions\redhat.java-1.33.0-win32-x64\jre\17.0.11-win32-x86_64\bin\nio.dll
0x00007fff2d8b0000 - 0x00007fff2d8c0000 	c:\Users\casa\.vscode\extensions\redhat.java-1.33.0-win32-x64\jre\17.0.11-win32-x86_64\bin\verify.dll
0x00007fff1e2e0000 - 0x00007fff1e325000 	C:\Users\casa\AppData\Roaming\Code\User\globalStorage\redhat.java\1.33.0\config_win\org.eclipse.equinox.launcher\org.eclipse.equinox.launcher.win32.win32.x86_64_1.2.1100.v20240722-2106\eclipse_11904.dll
0x00007fff484a0000 - 0x00007fff485cb000 	C:\Windows\System32\ole32.dll
0x00007fff46c00000 - 0x00007fff46c18000 	C:\Windows\SYSTEM32\CRYPTSP.dll
0x00007fff462b0000 - 0x00007fff462e4000 	C:\Windows\system32\rsaenh.dll
0x00007fff47160000 - 0x00007fff4718e000 	C:\Windows\SYSTEM32\USERENV.dll
0x00007fff46bf0000 - 0x00007fff46bfc000 	C:\Windows\SYSTEM32\CRYPTBASE.dll
0x00007fff46690000 - 0x00007fff466cb000 	C:\Windows\SYSTEM32\IPHLPAPI.DLL
0x00007fff480f0000 - 0x00007fff480f8000 	C:\Windows\System32\NSI.dll
0x00007fff42fc0000 - 0x00007fff42fd7000 	C:\Windows\SYSTEM32\dhcpcsvc6.DLL
0x00007fff42fa0000 - 0x00007fff42fbd000 	C:\Windows\SYSTEM32\dhcpcsvc.DLL
0x00007fff466e0000 - 0x00007fff467aa000 	C:\Windows\SYSTEM32\DNSAPI.dll
0x00007fff2f1e0000 - 0x00007fff2f225000 	C:\Users\casa\AppData\Local\Temp\jna-3046188\jna11226336301931881238.dll
0x00007fff485d0000 - 0x00007fff485d8000 	C:\Windows\System32\PSAPI.DLL

dbghelp: loaded successfully - version: 4.0.5 - missing functions: none
symbol engine: initialized successfully - sym options: 0x614 - pdb path: .;c:\Users\casa\.vscode\extensions\redhat.java-1.33.0-win32-x64\jre\17.0.11-win32-x86_64\bin;C:\Windows\SYSTEM32;C:\Windows\WinSxS\amd64_microsoft.windows.common-controls_6595b64144ccf1df_6.0.19041.4355_none_60b8b9eb71f62e16;c:\Users\casa\.vscode\extensions\redhat.java-1.33.0-win32-x64\jre\17.0.11-win32-x86_64\bin\server;C:\Users\casa\AppData\Roaming\Code\User\globalStorage\redhat.java\1.33.0\config_win\org.eclipse.equinox.launcher\org.eclipse.equinox.launcher.win32.win32.x86_64_1.2.1100.v20240722-2106;C:\Users\casa\AppData\Local\Temp\jna-3046188

VM Arguments:
jvm_args: --add-modules=ALL-SYSTEM --add-opens=java.base/java.util=ALL-UNNAMED --add-opens=java.base/java.lang=ALL-UNNAMED --add-opens=java.base/sun.nio.fs=ALL-UNNAMED -Declipse.application=org.eclipse.jdt.ls.core.id1 -Dosgi.bundles.defaultStartLevel=4 -Declipse.product=org.eclipse.jdt.ls.core.product -Djava.import.generatesMetadataFilesAtProjectRoot=false -DDetectVMInstallationsJob.disabled=true -Dfile.encoding=utf8 -XX:+UseParallelGC -XX:GCTimeRatio=4 -XX:AdaptiveSizePolicyWeight=90 -Dsun.zip.disableMemoryMapping=true -Xmx1G -Xms100m -Xlog:disable -javaagent:c:\Users\casa\.vscode\extensions\redhat.java-1.33.0-win32-x64\lombok\lombok-1.18.33.jar -XX:+HeapDumpOnOutOfMemoryError -XX:HeapDumpPath=c:\Users\casa\AppData\Roaming\Code\User\workspaceStorage\665df44647f87030839176bb3c884ccb\redhat.java -Daether.dependencyCollector.impl=bf 
java_command: c:\Users\casa\.vscode\extensions\redhat.java-1.33.0-win32-x64\server\plugins\org.eclipse.equinox.launcher_1.6.900.v20240613-2009.jar -configuration c:\Users\casa\AppData\Roaming\Code\User\globalStorage\redhat.java\1.33.0\config_win -data c:\Users\casa\AppData\Roaming\Code\User\workspaceStorage\665df44647f87030839176bb3c884ccb\redhat.java\jdt_ws --pipe=\\.\pipe\lsp-64b1b48e10f5626c3a79886e79870aea-sock
java_class_path (initial): c:\Users\casa\.vscode\extensions\redhat.java-1.33.0-win32-x64\server\plugins\org.eclipse.equinox.launcher_1.6.900.v20240613-2009.jar
Launcher Type: SUN_STANDARD

[Global flags]
    uintx AdaptiveSizePolicyWeight                 = 90                                        {product} {command line}
     intx CICompilerCount                          = 12                                        {product} {ergonomic}
    uintx GCTimeRatio                              = 4                                         {product} {command line}
     bool HeapDumpOnOutOfMemoryError               = true                                   {manageable} {command line}
    ccstr HeapDumpPath                             = c:\Users\casa\AppData\Roaming\Code\User\workspaceStorage\665df44647f87030839176bb3c884ccb\redhat.java         {manageable} {command line}
   size_t InitialHeapSize                          = 104857600                                 {product} {command line}
   size_t MaxHeapSize                              = 1073741824                                {product} {command line}
   size_t MaxNewSize                               = 357564416                                 {product} {ergonomic}
   size_t MinHeapDeltaBytes                        = 524288                                    {product} {ergonomic}
   size_t MinHeapSize                              = 104857600                                 {product} {command line}
   size_t NewSize                                  = 34603008                                  {product} {ergonomic}
    uintx NonNMethodCodeHeapSize                   = 7602480                                {pd product} {ergonomic}
    uintx NonProfiledCodeHeapSize                  = 122027880                              {pd product} {ergonomic}
   size_t OldSize                                  = 70254592                                  {product} {ergonomic}
    uintx ProfiledCodeHeapSize                     = 122027880                              {pd product} {ergonomic}
    uintx ReservedCodeCacheSize                    = 251658240                              {pd product} {ergonomic}
     bool SegmentedCodeCache                       = true                                      {product} {ergonomic}
   size_t SoftMaxHeapSize                          = 1073741824                             {manageable} {ergonomic}
     bool UseCompressedClassPointers               = true                           {product lp64_product} {ergonomic}
     bool UseCompressedOops                        = true                           {product lp64_product} {ergonomic}
     bool UseLargePagesIndividualAllocation        = false                                  {pd product} {ergonomic}
     bool UseParallelGC                            = true                                      {product} {command line}

Logging:
Log output configuration:
 #0: stdout all=off uptime,level,tags
 #1: stderr all=off uptime,level,tags

Environment Variables:
JAVA_HOME=D:\bk compu\bk compu\bk compu\vv\java\jdk-17.0.12
PATH=C:\Program Files\Common Files\Oracle\Java\javapath;C:\Windows\system32;C:\Windows;C:\Windows\System32\Wbem;C:\Windows\System32\WindowsPowerShell\v1.0\;C:\Windows\System32\OpenSSH\;C:\Program Files\NVIDIA Corporation\NVIDIA app\NvDLISR;C:\Program Files (x86)\NVIDIA Corporation\PhysX\Common;C:\Program Files\dotnet\;%JAVA_HOME%\bin;D:\bk compu\bk compu\bk compu\vv\java\gradle-8.9\bin;D:\bk compu\bk compu\bk compu\vv\java\selenium;C:\Program Files\nodejs\;C:\Program Files\Git\cmd;C:\Users\casa\AppData\Local\Microsoft\WindowsApps;D:\Users\casa\AppData\Local\Programs\Microsoft VS Code\bin;C:\Users\casa\AppData\Roaming\npm
USERNAME=casa
OS=Windows_NT
PROCESSOR_IDENTIFIER=AMD64 Family 23 Model 113 Stepping 0, AuthenticAMD
TMP=C:\Users\casa\AppData\Local\Temp
TEMP=C:\Users\casa\AppData\Local\Temp



Periodic native trim disabled


---------------  S Y S T E M  ---------------

OS:
 Windows 10 , 64 bit Build 19041 (10.0.19041.4597)
OS uptime: 4 days 1:21 hours

CPU: total 16 (initial active 16) (16 cores per cpu, 2 threads per core) family 23 model 113 stepping 0 microcode 0x0, cx8, cmov, fxsr, ht, mmx, 3dnowpref, sse, sse2, sse3, ssse3, sse4a, sse4.1, sse4.2, popcnt, lzcnt, tsc, tscinvbit, avx, avx2, aes, clmul, bmi1, bmi2, adx, sha, fma, vzeroupper, clflush, clflushopt
Processor Information for all 16 processors :
  Max Mhz: 3600, Current Mhz: 3600, Mhz Limit: 3600

Memory: 4k page, system-wide physical 16331M (3376M free)
TotalPageFile size 18379M (AvailPageFile size 38M)
current process WorkingSet (physical memory assigned to process): 681M, peak: 716M
current process commit charge ("private bytes"): 640M, peak: 681M

vm_info: OpenJDK 64-Bit Server VM (17.0.11+9) for windows-amd64 JRE (17.0.11+9), built on Apr 17 2024 06:07:48 by "admin" with MS VC++ 16.10 / 16.11 (VS2019)

END.
